<?xml version="1.0" encoding="UTF-8" ?>
<testsuite tests="1" failures="1" name="TestSuite" time="487.405" errors="0" skipped="0">
  <properties>
    <property name="java.runtime.name" value="Java(TM) SE Runtime Environment"/>
    <property name="java.vm.version" value="15.0.1+9-18"/>
    <property name="sun.boot.library.path" value="C:\Program Files\Java\jdk-15.0.1\bin"/>
    <property name="maven.multiModuleProjectDirectory" value="C:\Users\labor\git\blackcomb"/>
    <property name="java.vm.vendor" value="Oracle Corporation"/>
    <property name="java.vendor.url" value="https://java.oracle.com/"/>
    <property name="guice.disable.misplaced.annotation.check" value="true"/>
    <property name="path.separator" value=";"/>
    <property name="java.vm.name" value="Java HotSpot(TM) 64-Bit Server VM"/>
    <property name="sun.os.patch.level" value=""/>
    <property name="user.script" value=""/>
    <property name="user.country" value="IN"/>
    <property name="sun.java.launcher" value="SUN_STANDARD"/>
    <property name="java.vm.specification.name" value="Java Virtual Machine Specification"/>
    <property name="user.dir" value="C:\Users\labor\git\blackcomb"/>
    <property name="java.vm.compressedOopsMode" value="32-bit"/>
    <property name="INTERFACE" value="GUI"/>
    <property name="java.runtime.version" value="15.0.1+9-18"/>
    <property name="os.arch" value="amd64"/>
    <property name="gwSUITE" value="gwTestSuite/TestSuite_PersonalAuto.xml"/>
    <property name="java.io.tmpdir" value="C:\Users\labor\AppData\Local\Temp\"/>
    <property name="line.separator" value="
"/>
    <property name="java.vm.specification.vendor" value="Oracle Corporation"/>
    <property name="user.variant" value=""/>
    <property name="os.name" value="Windows 10"/>
    <property name="classworlds.conf" value="D:\My\QA works\SeleniumToolsWS\.metadata\.plugins\org.eclipse.m2e.launching\launches\m2conf12431645058353816927.tmp"/>
    <property name="sun.jnu.encoding" value="Cp1252"/>
    <property name="java.library.path" value="C:\Program Files\Java\jdk-15.0.1\bin;C:\WINDOWS\Sun\Java\bin;C:\WINDOWS\system32;C:\WINDOWS;C:\Program Files (x86)\TRICENTIS\Tosca Testsuite\ToscaCommander;;C:\Program Files (x86)\TRICENTIS\Tosca Testsuite\Classic;C:\Program Files (x86)\TRICENTIS\Tosca Testsuite\Classic\dll;C:\Program Files (x86)\TRICENTIS\Tosca Testsuite\Classic\dll\GuptaEngine;C:\Program Files (x86)\TRICENTIS\Tosca Testsuite\ToscaCommander;C:\Program Files (x86)\TRICENTIS\Tosca Testsuite\Classic\dll\DelphiEngine;C:\Program Files (x86)\TRICENTIS\Tosca Testsuite\Classic\dll\PBEngine;C:\Program Files (x86)\TRICENTIS\Tosca Testsuite\Classic\dll\VBEngine;C:\Program Files (x86)\TRICENTIS\Tosca Testsuite\Classic\dll\DotNetHooking;;C:\Program Files\Common Files\Oracle\Java\javapath;C:\Windows\system32;C:\Windows;C:\Windows\System32\Wbem;C:\Windows\System32\WindowsPowerShell\v1.0\;C:\Windows\System32\OpenSSH\;C:\Program Files (x86)\NVIDIA Corporation\PhysX\Common;C:\Program Files\Java\jdk-15.0.1\bin;C:\Program Files\apache-maven-3.6.3\bin;C:\WINDOWS\system32;C:\WINDOWS;C:\WINDOWS\System32\Wbem;C:\WINDOWS\System32\WindowsPowerShell\v1.0\;C:\WINDOWS\System32\OpenSSH\;C:\Program Files\nodejs\;;C:\Program Files\NVIDIA Corporation\NVIDIA NvDLISR;C:\Users\labor\AppData\Local\Microsoft\WindowsApps;C:\Users\labor\AppData\Roaming\npm;."/>
    <property name="jdk.debug" value="release"/>
    <property name="gwCOUNTRY" value="United States"/>
    <property name="java.class.version" value="59.0"/>
    <property name="java.specification.name" value="Java Platform API Specification"/>
    <property name="sun.management.compiler" value="HotSpot 64-Bit Tiered Compilers"/>
    <property name="os.version" value="10.0"/>
    <property name="user.home" value="C:\Users\labor"/>
    <property name="ENVIRONMENT" value="OOTB"/>
    <property name="user.timezone" value="Asia/Calcutta"/>
    <property name="BROWSER" value="CHROME"/>
    <property name="file.encoding" value="Cp1252"/>
    <property name="java.specification.version" value="15"/>
    <property name="user.name" value="labor"/>
    <property name="java.class.path" value="C:\Users\Acer\.p2\pool\plugins\org.eclipse.m2e.maven.runtime_1.16.0.20210129-0849\jars\plexus-classworlds-2.6.0.jar"/>
    <property name="java.vm.specification.version" value="15"/>
    <property name="gwAPPLICATION" value="PersonalAuto"/>
    <property name="sun.arch.data.model" value="64"/>
    <property name="sun.java.command" value="org.codehaus.plexus.classworlds.launcher.Launcher -DgwSUITE=gwTestSuite/TestSuite_PersonalAuto.xml -DBROWSER=CHROME -DENVIRONMENT=OOTB -DgwAPPLICATION=PersonalAuto -DgwCOUNTRY=United States -DgwSTATE=Alaska -DINTERFACE=GUI -B test"/>
    <property name="java.home" value="C:\Program Files\Java\jdk-15.0.1"/>
    <property name="user.language" value="en"/>
    <property name="java.specification.vendor" value="Oracle Corporation"/>
    <property name="java.vm.info" value="mixed mode, sharing"/>
    <property name="gwSTATE" value="Alaska"/>
    <property name="java.version" value="15.0.1"/>
    <property name="java.vendor" value="Oracle Corporation"/>
    <property name="maven.home" value="C:\Users\labor\git\blackcomb\EMBEDDED"/>
    <property name="file.separator" value="\"/>
    <property name="java.version.date" value="2020-10-20"/>
    <property name="java.vendor.url.bug" value="https://bugreport.java.com/bugreport/"/>
    <property name="sun.io.unicode.encoding" value="UnicodeLittle"/>
    <property name="sun.cpu.endian" value="little"/>
    <property name="sun.cpu.isalist" value="amd64"/>
  </properties>
  <testcase classname="com.Test.Guidewire.PolicyCenter.GW_PC_PersonalAuto_Rewrite_NewTerm" name="AUT_PA_PC_Rewrite_NewTerm_01" time="484.586">
    <failure message="Expected condition failed: waiting for visibility of element located by By.xpath: //div[@id=&apos;gw-center-title-toolbar&apos;]//div[contains(@class,&apos;gw-ToolbarButtonWidget&apos;)]/div[@role=&apos;button&apos;]//div[@class=&apos;gw-label&apos; and text()=&apos;Next&apos;] (tried for 7 second(s) with 500 milliseconds interval)" type="org.openqa.selenium.TimeoutException">org.openqa.selenium.TimeoutException: Expected condition failed: waiting for visibility of element located by By.xpath: //div[@id=&apos;gw-center-title-toolbar&apos;]//div[contains(@class,&apos;gw-ToolbarButtonWidget&apos;)]/div[@role=&apos;button&apos;]//div[@class=&apos;gw-label&apos; and text()=&apos;Next&apos;] (tried for 7 second(s) with 500 milliseconds interval)
	at org.openqa.selenium.support.ui.WebDriverWait.timeoutException(WebDriverWait.java:95)
	at org.openqa.selenium.support.ui.FluentWait.until(FluentWait.java:272)
	at com.Utils.Selenium.SeleniumWebDriver_Commands.getElement(SeleniumWebDriver_Commands.java:56)
	at com.Utils.Selenium.SeleniumWebDriver_Commands.GuidewireAutomate(SeleniumWebDriver_Commands.java:148)
	at com.pages.Guidewire.PolicyCenter.PolicyCenter_Resuables.clickButton(PolicyCenter_Resuables.java:55)
	at com.Test.Guidewire.PolicyCenter.GW_PC_PersonalAuto_Rewrite_NewTerm.AUT_PA_PC_Rewrite_NewTerm_01(GW_PC_PersonalAuto_Rewrite_NewTerm.java:72)
Caused by: org.openqa.selenium.NoSuchElementException: no such element: Unable to locate element: {&quot;method&quot;:&quot;xpath&quot;,&quot;selector&quot;:&quot;//div[@id=&apos;gw-center-title-toolbar&apos;]//div[contains(@class,&apos;gw-ToolbarButtonWidget&apos;)]/div[@role=&apos;button&apos;]//div[@class=&apos;gw-label&apos; and text()=&apos;Next&apos;]&quot;}
  (Session info: chrome=90.0.4430.212)
For documentation on this error, please visit: https://www.seleniumhq.org/exceptions/no_such_element.html
Build info: version: &apos;3.141.59&apos;, revision: &apos;e82be7d358&apos;, time: &apos;2018-11-14T08:17:03&apos;
System info: host: &apos;JMD&apos;, ip: &apos;192.168.8.100&apos;, os.name: &apos;Windows 10&apos;, os.arch: &apos;amd64&apos;, os.version: &apos;10.0&apos;, java.version: &apos;15.0.1&apos;
Driver info: org.openqa.selenium.chrome.ChromeDriver
Capabilities {acceptInsecureCerts: false, browserName: chrome, browserVersion: 90.0.4430.212, chrome: {chromedriverVersion: 90.0.4430.24 (4c6d850f087da..., userDataDir: C:\Users\labor\AppData\Loca...}, goog:chromeOptions: {debuggerAddress: localhost:50111}, javascriptEnabled: true, networkConnectionEnabled: false, pageLoadStrategy: normal, platform: WINDOWS, platformName: WINDOWS, proxy: Proxy(), setWindowRect: true, strictFileInteractability: false, timeouts: {implicit: 0, pageLoad: 300000, script: 30000}, unhandledPromptBehavior: dismiss and notify, webauthn:extension:largeBlob: true, webauthn:virtualAuthenticators: true}
Session ID: fa9b79942d579bdc84e7eda0271d2d0f
*** Element info: {Using=xpath, value=//div[@id=&apos;gw-center-title-toolbar&apos;]//div[contains(@class,&apos;gw-ToolbarButtonWidget&apos;)]/div[@role=&apos;button&apos;]//div[@class=&apos;gw-label&apos; and text()=&apos;Next&apos;]}
	at java.base/jdk.internal.reflect.NativeConstructorAccessorImpl.newInstance0(Native Method)
	at java.base/jdk.internal.reflect.NativeConstructorAccessorImpl.newInstance(NativeConstructorAccessorImpl.java:64)
	at java.base/jdk.internal.reflect.DelegatingConstructorAccessorImpl.newInstance(DelegatingConstructorAccessorImpl.java:45)
	at java.base/java.lang.reflect.Constructor.newInstanceWithCaller(Constructor.java:500)
	at java.base/java.lang.reflect.Constructor.newInstance(Constructor.java:481)
	at org.openqa.selenium.remote.http.W3CHttpResponseCodec.createException(W3CHttpResponseCodec.java:187)
	at org.openqa.selenium.remote.http.W3CHttpResponseCodec.decode(W3CHttpResponseCodec.java:122)
	at org.openqa.selenium.remote.http.W3CHttpResponseCodec.decode(W3CHttpResponseCodec.java:49)
	at org.openqa.selenium.remote.HttpCommandExecutor.execute(HttpCommandExecutor.java:158)
	at org.openqa.selenium.remote.service.DriverCommandExecutor.execute(DriverCommandExecutor.java:83)
	at org.openqa.selenium.remote.RemoteWebDriver.execute(RemoteWebDriver.java:552)
	at org.openqa.selenium.remote.RemoteWebDriver.findElement(RemoteWebDriver.java:323)
	at org.openqa.selenium.remote.RemoteWebDriver.findElementByXPath(RemoteWebDriver.java:428)
	at org.openqa.selenium.By$ByXPath.findElement(By.java:353)
	at org.openqa.selenium.remote.RemoteWebDriver.findElement(RemoteWebDriver.java:315)
	at jdk.internal.reflect.GeneratedMethodAccessor4.invoke(Unknown Source)
	at java.base/jdk.internal.reflect.DelegatingMethodAccessorImpl.invoke(DelegatingMethodAccessorImpl.java:43)
	at java.base/java.lang.reflect.Method.invoke(Method.java:564)
	at org.openqa.selenium.support.events.EventFiringWebDriver.lambda$new$1(EventFiringWebDriver.java:105)
	at com.sun.proxy.$Proxy7.findElement(Unknown Source)
	at org.openqa.selenium.support.events.EventFiringWebDriver.findElement(EventFiringWebDriver.java:194)
	at org.openqa.selenium.support.ui.ExpectedConditions$7.apply(ExpectedConditions.java:205)
	at org.openqa.selenium.support.ui.ExpectedConditions$7.apply(ExpectedConditions.java:201)
	at org.openqa.selenium.support.ui.FluentWait.until(FluentWait.java:249)
	... 17 more
</failure>
    <system-out>[TestNGContentHandler] [WARN] It is strongly recommended to add &quot;&lt;!DOCTYPE suite SYSTEM &quot;http://testng.org/testng-1.0.dtd&quot; &gt;&quot; at the top of your file, otherwise TestNG may fail or not work as expected.
-------------------------------------------------------------------------
onStart
-------------------------------------------------------------------------
File Path = C:\Users\labor\git\blackcomb/src/main/resources/Config.Properties
URL_PolicyCenter = http://ec2-65-2-11-216.ap-south-1.compute.amazonaws.com:8080/PolicyCenter.do
-------------------------------------------------------------------------
@BeforeTest
-------------------------------------------------------------------------
-------------------------------------------------------------------------
onTestStart
-------------------------------------------------------------------------
strTestCaseName AUT_PA_PC_Rewrite_NewTerm_01
-------------------------------------------------------------------------
launching Chrome browser
Before navigating to: &apos;http://ec2-65-2-11-216.ap-south-1.compute.amazonaws.com:8080/PolicyCenter.do&apos;
Navigated to:&apos;http://ec2-65-2-11-216.ap-south-1.compute.amazonaws.com:8080/PolicyCenter.do&apos;
 executeQuery   strQuery = Select * from login WHERE PrimaryKey=&apos;AUT_PA_PC_Rewrite_NewTerm_01&apos;
Found Element By : By.xpath: //input[contains(@name,&apos;LoginDV-username&apos;)]
Found Element By : By.xpath: //input[contains(@name,&apos;LoginDV-username&apos;)]
Element : By.xpath: //input[contains(@name,&apos;LoginDV-username&apos;)] command : [sendKeys] Value : [su]
Found Element By : By.xpath: //input[contains(@name,&apos;LoginDV-password&apos;)]
Found Element By : By.xpath: //input[contains(@name,&apos;LoginDV-password&apos;)]
Element : By.xpath: //input[contains(@name,&apos;LoginDV-password&apos;)] command : [sendKeys] Value : [gw]
Found Element By : By.xpath: //div[@id=&apos;Login-LoginScreen-LoginDV-submit&apos;]//div
Found Element By : By.xpath: //div[@id=&apos;Login-LoginScreen-LoginDV-submit&apos;]//div
Element : By.xpath: //div[@id=&apos;Login-LoginScreen-LoginDV-submit&apos;]//div command : [click] Value : [click]
Found Element By : By.xpath: //div[@id=&apos;TabBar-AccountTab&apos;]/div[3]
Found Element By : By.xpath: //div[@id=&apos;TabBar-AccountTab&apos;]/div[3]
Element : By.xpath: //div[@id=&apos;TabBar-AccountTab&apos;]/div[3] command : [click] Value : [Null]
Found Element By : By.id: TabBar-AccountTab-AccountTab_NewAccount
Found Element By : By.id: TabBar-AccountTab-AccountTab_NewAccount
Element : By.id: TabBar-AccountTab-AccountTab_NewAccount command : [click] Value : [Null]
Found Element By : By.xpath: //div[contains(@class,&apos;gw-isScreenTitle&apos;)]//div[@class=&apos;gw-TitleBar--title&apos; and @role=&apos;heading&apos;]
Found Element By : By.xpath: //div[contains(@class,&apos;gw-isScreenTitle&apos;)]//div[@class=&apos;gw-TitleBar--title&apos; and @role=&apos;heading&apos;]
Found Element By : By.xpath: //div[contains(@class,&apos;gw-isScreenTitle&apos;)]//div[@class=&apos;gw-TitleBar--title&apos; and @role=&apos;heading&apos;]
Found Element By : By.xpath: //div[contains(@class,&apos;gw-isScreenTitle&apos;)]//div[@class=&apos;gw-TitleBar--title&apos; and @role=&apos;heading&apos;]
Found Element By : By.xpath: //div[contains(@class,&apos;gw-isScreenTitle&apos;)]//div[@class=&apos;gw-TitleBar--title&apos; and @role=&apos;heading&apos;]
Enter Account Information =&gt; Actual = [Enter Account Information] equals Expected = [Enter Account Information]
 executeQuery   strQuery = Select * from createAccount WHERE PrimaryKey=&apos;AUT_PA_PC_Rewrite_NewTerm_01&apos;
Found Element By : By.xpath: //div[contains(@class,&apos;gw-isScreenTitle&apos;)]//div[@class=&apos;gw-TitleBar--title&apos; and @role=&apos;heading&apos;]
Found Element By : By.xpath: //div[contains(@class,&apos;gw-isScreenTitle&apos;)]//div[@class=&apos;gw-TitleBar--title&apos; and @role=&apos;heading&apos;]
Found Element By : By.xpath: //div[contains(@class,&apos;gw-isScreenTitle&apos;)]//div[@class=&apos;gw-TitleBar--title&apos; and @role=&apos;heading&apos;]
Found Element By : By.xpath: //div[contains(@class,&apos;gw-isScreenTitle&apos;)]//div[@class=&apos;gw-TitleBar--title&apos; and @role=&apos;heading&apos;]
Enter Account Information =&gt; Actual = [Enter Account Information] equals Expected = [Enter Account Information]
Found Element By : By.xpath: //div[text()=&apos;First name&apos;]/following-sibling::div//input[contains(@name,&apos;GlobalPersonNameInputSet-FirstName&apos;)]
Found Element By : By.xpath: //div[text()=&apos;First name&apos;]/following-sibling::div//input[contains(@name,&apos;GlobalPersonNameInputSet-FirstName&apos;)]
Element : By.xpath: //div[text()=&apos;First name&apos;]/following-sibling::div//input[contains(@name,&apos;GlobalPersonNameInputSet-FirstName&apos;)] command : [sendKeys] Value : [fphlQdKnj]
Found Element By : By.xpath: //div[text()=&apos;Last name&apos;]/following-sibling::div//input[contains(@name,&apos;GlobalPersonNameInputSet-LastName&apos;)]
Found Element By : By.xpath: //div[text()=&apos;Last name&apos;]/following-sibling::div//input[contains(@name,&apos;GlobalPersonNameInputSet-LastName&apos;)]
Element : By.xpath: //div[text()=&apos;Last name&apos;]/following-sibling::div//input[contains(@name,&apos;GlobalPersonNameInputSet-LastName&apos;)] command : [sendKeys] Value : [Automation]
Found Element By : By.xpath: //div[text()=&apos;Company name is an exact match&apos;]/following-sibling::div//input[@type=&apos;checkbox&apos; and contains(@name,&apos;CompanyNameExact&apos;)]
Found Element By : By.xpath: //div[text()=&apos;Company name is an exact match&apos;]/following-sibling::div//input[@type=&apos;checkbox&apos; and contains(@name,&apos;CompanyNameExact&apos;)]
Element : By.xpath: //div[text()=&apos;Company name is an exact match&apos;]/following-sibling::div//input[@type=&apos;checkbox&apos; and contains(@name,&apos;CompanyNameExact&apos;)] command : [click] Value : [On]
Found Element By : By.xpath: //div[text()=&apos;First name is an exact match&apos;]/following-sibling::div//input[@type=&apos;checkbox&apos; and contains(@name,&apos;FirstNameExact&apos;)]
Found Element By : By.xpath: //div[text()=&apos;First name is an exact match&apos;]/following-sibling::div//input[@type=&apos;checkbox&apos; and contains(@name,&apos;FirstNameExact&apos;)]
Element : By.xpath: //div[text()=&apos;First name is an exact match&apos;]/following-sibling::div//input[@type=&apos;checkbox&apos; and contains(@name,&apos;FirstNameExact&apos;)] command : [click] Value : [On]
Found Element By : By.xpath: //div[text()=&apos;Last name is an exact match&apos;]/following-sibling::div//input[@type=&apos;checkbox&apos; and contains(@name,&apos;LastNameExact&apos;)]
Found Element By : By.xpath: //div[text()=&apos;Last name is an exact match&apos;]/following-sibling::div//input[@type=&apos;checkbox&apos; and contains(@name,&apos;LastNameExact&apos;)]
Element : By.xpath: //div[text()=&apos;Last name is an exact match&apos;]/following-sibling::div//input[@type=&apos;checkbox&apos; and contains(@name,&apos;LastNameExact&apos;)] command : [click] Value : []
Found Element By : By.xpath: //select[contains(@name,&apos;GlobalAddressInputSet-Country&apos;)]
Found Element By : By.xpath: //select[contains(@name,&apos;GlobalAddressInputSet-Country&apos;)]
Found Element By : By.xpath: .//option[normalize-space(.) = &quot;United States&quot;]
Element : By.xpath: //select[contains(@name,&apos;GlobalAddressInputSet-Country&apos;)] command : [selectByVisibleText] Value : [United States]
Found Element By : By.xpath: //select[contains(@name,&apos;GlobalAddressInputSet-State&apos;)]
Found Element By : By.xpath: //select[contains(@name,&apos;GlobalAddressInputSet-State&apos;)]
Found Element By : By.xpath: .//option[normalize-space(.) = &quot;Alaska&quot;]
Element : By.xpath: //select[contains(@name,&apos;GlobalAddressInputSet-State&apos;)] command : [selectByVisibleText] Value : [Alaska]
Found Element By : By.xpath: //div[contains(@id,&apos;SearchLinksInputSet-Search&apos;)]
Found Element By : By.xpath: //div[contains(@id,&apos;SearchLinksInputSet-Search&apos;)]
Element : By.xpath: //div[contains(@id,&apos;SearchLinksInputSet-Search&apos;)] command : [clickAndwait] Value : []
Found Element By : By.xpath: //div[contains(@class,&apos;gw-MessagesWidget--group-CURRENT_PAGE&apos;)]//div[@class=&apos;gw-WebMessage&apos;]//div[@class=&apos;gw-message&apos;]
Found Element By : By.xpath: //div[contains(@class,&apos;gw-MessagesWidget--group-CURRENT_PAGE&apos;)]//div[@class=&apos;gw-WebMessage&apos;]//div[@class=&apos;gw-message&apos;]
Found Element By : By.xpath: //div[contains(@class,&apos;gw-MessagesWidget--group-CURRENT_PAGE&apos;)]//div[@class=&apos;gw-WebMessage&apos;]//div[@class=&apos;gw-message&apos;]
Found Element By : By.xpath: //div[contains(@class,&apos;gw-MessagesWidget--group-CURRENT_PAGE&apos;)]//div[@class=&apos;gw-WebMessage&apos;]//div[@class=&apos;gw-message&apos;]
The search returned zero results =&gt; Actual = [The search returned zero results.] equals Expected = [The search returned zero results.]
Found Element By : By.xpath: //div[@id=&apos;NewAccount-NewAccountScreen-NewAccountButton&apos;]
Found Element By : By.xpath: //div[@id=&apos;NewAccount-NewAccountScreen-NewAccountButton&apos;]
Element : By.xpath: //div[@id=&apos;NewAccount-NewAccountScreen-NewAccountButton&apos;] command : [click] Value : []
Found Element By : By.xpath: //div[@id=&apos;NewAccount-NewAccountScreen-NewAccountButton-NewAccount_Person&apos;]
Found Element By : By.xpath: //div[@id=&apos;NewAccount-NewAccountScreen-NewAccountButton-NewAccount_Person&apos;]
Element : By.xpath: //div[@id=&apos;NewAccount-NewAccountScreen-NewAccountButton-NewAccount_Person&apos;] command : [click] Value : []
Found Element By : By.xpath: //div[contains(@class,&apos;gw-isScreenTitle&apos;)]//div[@class=&apos;gw-TitleBar--title&apos; and @role=&apos;heading&apos;  and text()=&apos;Create account&apos;]
Found Element By : By.xpath: //div[contains(@class,&apos;gw-isScreenTitle&apos;)]//div[@class=&apos;gw-TitleBar--title&apos; and @role=&apos;heading&apos;  and text()=&apos;Create account&apos;]
Found Element By : By.xpath: //div[contains(@class,&apos;gw-isScreenTitle&apos;)]//div[@class=&apos;gw-TitleBar--title&apos; and @role=&apos;heading&apos;  and text()=&apos;Create account&apos;]
Found Element By : By.xpath: //div[contains(@class,&apos;gw-isScreenTitle&apos;)]//div[@class=&apos;gw-TitleBar--title&apos; and @role=&apos;heading&apos;  and text()=&apos;Create account&apos;]
Create account =&gt; Actual = [Create account] equals Expected = [Create account]
Found Element By : By.xpath: //div[contains(@class,&apos;gw-VerbatimWidget--inner&apos;) and text()=&apos;Please confirm account information&apos;]
Found Element By : By.xpath: //div[contains(@class,&apos;gw-VerbatimWidget--inner&apos;) and text()=&apos;Please confirm account information&apos;]
Found Element By : By.xpath: //div[contains(@class,&apos;gw-VerbatimWidget--inner&apos;) and text()=&apos;Please confirm account information&apos;]
Found Element By : By.xpath: //div[contains(@class,&apos;gw-VerbatimWidget--inner&apos;) and text()=&apos;Please confirm account information&apos;]
Please confirm account information =&gt; Actual = [Please confirm account information] equals Expected = [Please confirm account information]
Found Element By : By.xpath: //div[text()=&apos;First name&apos;]/following-sibling::div//input[contains(@name,&apos;GlobalPersonNameInputSet-FirstName&apos;)]
Found Element By : By.xpath: //div[text()=&apos;First name&apos;]/following-sibling::div//input[contains(@name,&apos;GlobalPersonNameInputSet-FirstName&apos;)]
Found Element By : By.xpath: //div[text()=&apos;First name&apos;]/following-sibling::div//input[contains(@name,&apos;GlobalPersonNameInputSet-FirstName&apos;)]
First Name =&gt; Actual = [fphlQdKnj] valueEquals Expected = [fphlQdKnj]
Found Element By : By.xpath: //div[text()=&apos;Last name&apos;]/following-sibling::div//input[contains(@name,&apos;GlobalPersonNameInputSet-LastName&apos;)]
Found Element By : By.xpath: //div[text()=&apos;Last name&apos;]/following-sibling::div//input[contains(@name,&apos;GlobalPersonNameInputSet-LastName&apos;)]
Found Element By : By.xpath: //div[text()=&apos;Last name&apos;]/following-sibling::div//input[contains(@name,&apos;GlobalPersonNameInputSet-LastName&apos;)]
Last Name =&gt; Actual = [Automation] valueEquals Expected = [Automation]
Found Element By : By.xpath: //div[contains(text(),&apos;Home Phone&apos;)]/following-sibling::div//input[contains(@name,&apos;HomePhone&apos;)]
Found Element By : By.xpath: //div[contains(text(),&apos;Home Phone&apos;)]/following-sibling::div//input[contains(@name,&apos;HomePhone&apos;)]
Element : By.xpath: //div[contains(text(),&apos;Home Phone&apos;)]/following-sibling::div//input[contains(@name,&apos;HomePhone&apos;)] command : [sendKeys] Value : [2015551002]
Found Element By : By.xpath: //div[contains(text(),&apos;Work Phone&apos;)]/following-sibling::div//input[contains(@name,&apos;Phone&apos;)]
Found Element By : By.xpath: //div[contains(text(),&apos;Work Phone&apos;)]/following-sibling::div//input[contains(@name,&apos;Phone&apos;)]
Element : By.xpath: //div[contains(text(),&apos;Work Phone&apos;)]/following-sibling::div//input[contains(@name,&apos;Phone&apos;)] command : [sendKeys] Value : [2015551003]
Found Element By : By.xpath: //div[contains(text(),&apos;Mobile Phone&apos;)]/following-sibling::div//input[contains(@name,&apos;CellPhone&apos;)]
Found Element By : By.xpath: //div[contains(text(),&apos;Mobile Phone&apos;)]/following-sibling::div//input[contains(@name,&apos;CellPhone&apos;)]
Element : By.xpath: //div[contains(text(),&apos;Mobile Phone&apos;)]/following-sibling::div//input[contains(@name,&apos;CellPhone&apos;)] command : [sendKeys] Value : [2015551004]
Found Element By : By.xpath: //div[contains(text(),&apos;Fax&apos;)]/following-sibling::div//input[contains(@name,&apos;FaxPhone&apos;)]
Found Element By : By.xpath: //div[contains(text(),&apos;Fax&apos;)]/following-sibling::div//input[contains(@name,&apos;FaxPhone&apos;)]
Element : By.xpath: //div[contains(text(),&apos;Fax&apos;)]/following-sibling::div//input[contains(@name,&apos;FaxPhone&apos;)] command : [sendKeys] Value : [2015551005]
Found Element By : By.xpath: //select[contains(@name,&apos;PrimaryPhone&apos;)]
Found Element By : By.xpath: //select[contains(@name,&apos;PrimaryPhone&apos;)]
Found Element By : By.xpath: .//option[normalize-space(.) = &quot;Work&quot;]
Element : By.xpath: //select[contains(@name,&apos;PrimaryPhone&apos;)] command : [selectByVisibleText] Value : [Work]
Found Element By : By.xpath: //input[contains(@name,&apos;EmailAddress1&apos;)]
Found Element By : By.xpath: //input[contains(@name,&apos;EmailAddress1&apos;)]
Element : By.xpath: //input[contains(@name,&apos;EmailAddress1&apos;)] command : [sendKeys] Value : [fphlQdKnj.Automation@blackcombconsultants.com]
Found Element By : By.xpath: //input[contains(@name,&apos;EmailAddress2&apos;)]
Found Element By : By.xpath: //input[contains(@name,&apos;EmailAddress2&apos;)]
Found Element By : By.xpath: //div[contains(@class,&apos;gw-boldLabel&apos;) and text()=&apos;Address&apos;]
Found Element By : By.xpath: //div[contains(@class,&apos;gw-boldLabel&apos;) and text()=&apos;Address&apos;]
Found Element By : By.xpath: //div[contains(@class,&apos;gw-boldLabel&apos;) and text()=&apos;Address&apos;]
Found Element By : By.xpath: //div[contains(@class,&apos;gw-boldLabel&apos;) and text()=&apos;Address&apos;]
Address =&gt; Actual = [Address] equals Expected = [Address]
Found Element By : By.xpath: //select[contains(@name,&apos;GlobalAddressInputSet-Country&apos;)]
Found Element By : By.xpath: //select[contains(@name,&apos;GlobalAddressInputSet-Country&apos;)]
Found Element By : By.xpath: .//option[normalize-space(.) = &quot;United States&quot;]
Element : By.xpath: //select[contains(@name,&apos;GlobalAddressInputSet-Country&apos;)] command : [selectByVisibleText] Value : [United States]
Found Element By : By.xpath: //input[contains(@name,&apos;AddressLine1&apos;)]
Found Element By : By.xpath: //input[contains(@name,&apos;AddressLine1&apos;)]
Element : By.xpath: //input[contains(@name,&apos;AddressLine1&apos;)] command : [sendKeys] Value : [559  hrMUsNx Suites]
Found Element By : By.xpath: //input[contains(@name,&apos;AddressLine2&apos;)]
Found Element By : By.xpath: //input[contains(@name,&apos;AddressLine2&apos;)]
Element : By.xpath: //input[contains(@name,&apos;AddressLine2&apos;)] command : [sendKeys] Value : [South Avenue]
Found Element By : By.xpath: //input[contains(@name,&apos;AddressLine3&apos;)]
Found Element By : By.xpath: //input[contains(@name,&apos;AddressLine3&apos;)]
Element : By.xpath: //input[contains(@name,&apos;AddressLine3&apos;)] command : [sendKeys] Value : [DownTown]
Found Element By : By.xpath: //input[contains(@name,&apos;GlobalAddressInputSet-City&apos;)]
Found Element By : By.xpath: //input[contains(@name,&apos;GlobalAddressInputSet-City&apos;)]
Found Element By : By.xpath: //input[contains(@name,&apos;GlobalAddressInputSet-County&apos;)]
Found Element By : By.xpath: //input[contains(@name,&apos;GlobalAddressInputSet-County&apos;)]
Found Element By : By.xpath: //input[contains(@name,&apos;GlobalAddressInputSet-PostalCode&apos;)]
Found Element By : By.xpath: //input[contains(@name,&apos;GlobalAddressInputSet-PostalCode&apos;)]
Found Element By : By.xpath: //select[contains(@name,&apos;GlobalAddressInputSet-State&apos;)]
Found Element By : By.xpath: //select[contains(@name,&apos;GlobalAddressInputSet-State&apos;)]
Found Element By : By.xpath: .//option[normalize-space(.) = &quot;Alaska&quot;]
Element : By.xpath: //select[contains(@name,&apos;GlobalAddressInputSet-State&apos;)] command : [selectByVisibleText] Value : [Alaska]
Found Element By : By.xpath: //select[contains(@name,&apos;AddressType&apos;)]
Found Element By : By.xpath: //select[contains(@name,&apos;AddressType&apos;)]
Found Element By : By.xpath: .//option[normalize-space(.) = &quot;Home&quot;]
Element : By.xpath: //select[contains(@name,&apos;AddressType&apos;)] command : [selectByVisibleText] Value : [Home]
Found Element By : By.xpath: //input[contains(@name,&apos;AddressDescription&apos;)]
Found Element By : By.xpath: //input[contains(@name,&apos;AddressDescription&apos;)]
Element : By.xpath: //input[contains(@name,&apos;AddressDescription&apos;)] command : [sendKeys] Value : [fphlQdKnj AutomationLikes to ]
Found Element By : By.xpath: //div[contains(@class,&apos;gw-boldLabel&apos;) and text()=&apos;Official IDs&apos;]
Found Element By : By.xpath: //div[contains(@class,&apos;gw-boldLabel&apos;) and text()=&apos;Official IDs&apos;]
Found Element By : By.xpath: //div[contains(@class,&apos;gw-boldLabel&apos;) and text()=&apos;Official IDs&apos;]
Found Element By : By.xpath: //div[contains(@class,&apos;gw-boldLabel&apos;) and text()=&apos;Official IDs&apos;]
Official IDs =&gt; Actual = [Official IDs] equals Expected = [Official IDs]
Found Element By : By.xpath: //input[contains(@name,&apos;OfficialIDDV_Input&apos;)]
Found Element By : By.xpath: //input[contains(@name,&apos;OfficialIDDV_Input&apos;)]
Element : By.xpath: //input[contains(@name,&apos;OfficialIDDV_Input&apos;)] command : [sendKeys] Value : [999-11-2680]
Found Element By : By.xpath: //input[contains(@name,&apos;Nickname&apos;)]
Found Element By : By.xpath: //input[contains(@name,&apos;Nickname&apos;)]
Element : By.xpath: //input[contains(@name,&apos;Nickname&apos;)] command : [sendKeys] Value : [fphlQdKnj Automation]
Found Element By : By.xpath: //div[contains(@class,&apos;gw-boldLabel&apos;) and text()=&apos;Select Producer&apos;]
Found Element By : By.xpath: //div[contains(@class,&apos;gw-boldLabel&apos;) and text()=&apos;Select Producer&apos;]
Found Element By : By.xpath: //div[contains(@class,&apos;gw-boldLabel&apos;) and text()=&apos;Select Producer&apos;]
Found Element By : By.xpath: //div[contains(@class,&apos;gw-boldLabel&apos;) and text()=&apos;Select Producer&apos;]
Select Producer =&gt; Actual = [Select Producer] equals Expected = [Select Producer]
 executeQuery   strQuery = Select * from organizations WHERE PrimaryKey=&apos;AUT_PA_PC_Rewrite_NewTerm_01&apos;
Found Element By : By.xpath: //div[contains(@id,&apos;Producer-SelectOrganization&apos;)]
Found Element By : By.xpath: //div[contains(@id,&apos;Producer-SelectOrganization&apos;)]
Element : By.xpath: //div[contains(@id,&apos;Producer-SelectOrganization&apos;)] command : [click] Value : []
Found Element By : By.xpath: //div[contains(@class,&apos;gw-isScreenTitle&apos;)]//div[@class=&apos;gw-TitleBar--title&apos; and @role=&apos;heading&apos;  and text()=&apos;Organizations&apos;]
Found Element By : By.xpath: //div[contains(@class,&apos;gw-isScreenTitle&apos;)]//div[@class=&apos;gw-TitleBar--title&apos; and @role=&apos;heading&apos;  and text()=&apos;Organizations&apos;]
Found Element By : By.xpath: //div[contains(@class,&apos;gw-isScreenTitle&apos;)]//div[@class=&apos;gw-TitleBar--title&apos; and @role=&apos;heading&apos;  and text()=&apos;Organizations&apos;]
Found Element By : By.xpath: //div[contains(@class,&apos;gw-isScreenTitle&apos;)]//div[@class=&apos;gw-TitleBar--title&apos; and @role=&apos;heading&apos;  and text()=&apos;Organizations&apos;]
Organization Name =&gt; Actual = [Organizations] equals Expected = [Organizations]
Found Element By : By.xpath: //input[contains(@name,&apos;SearchDV-GlobalContactNameInputSet-Name&apos;)]
Found Element By : By.xpath: //input[contains(@name,&apos;SearchDV-GlobalContactNameInputSet-Name&apos;)]
Element : By.xpath: //input[contains(@name,&apos;SearchDV-GlobalContactNameInputSet-Name&apos;)] command : [sendKeys] Value : [ACV Property Insurance]
Found Element By : By.xpath: //select[contains(@name,&apos;SearchDV-Type&apos;)]
Found Element By : By.xpath: //select[contains(@name,&apos;SearchDV-Type&apos;)]
Found Element By : By.xpath: .//option[normalize-space(.) = &quot;Agency&quot;]
Element : By.xpath: //select[contains(@name,&apos;SearchDV-Type&apos;)] command : [selectByVisibleText] Value : [Agency]
Found Element By : By.xpath: //select[contains(@name,&apos;GlobalAddressInputSet-Country&apos;)]
Found Element By : By.xpath: //select[contains(@name,&apos;GlobalAddressInputSet-Country&apos;)]
Found Element By : By.xpath: .//option[normalize-space(.) = &quot;United States&quot;]
Element : By.xpath: //select[contains(@name,&apos;GlobalAddressInputSet-Country&apos;)] command : [selectByVisibleText] Value : [United States]
Found Element By : By.xpath: //select[contains(@name,&apos;SearchDV-Tier&apos;)]
Found Element By : By.xpath: //select[contains(@name,&apos;SearchDV-Tier&apos;)]
Found Element By : By.xpath: //input[contains(@name,&apos;SearchDV-ProducerCode&apos;)]
Found Element By : By.xpath: //input[contains(@name,&apos;SearchDV-ProducerCode&apos;)]
Element : By.xpath: //input[contains(@name,&apos;SearchDV-ProducerCode&apos;)] command : [sendKeys] Value : [301-008578]
Found Element By : By.xpath: //input[contains(@name,&apos;SearchDV-PolicyNumber&apos;)]
Found Element By : By.xpath: //input[contains(@name,&apos;SearchDV-PolicyNumber&apos;)]
Found Element By : By.xpath: //input[contains(@name,&apos;SearchDV-AccountNumber&apos;)]
Found Element By : By.xpath: //input[contains(@name,&apos;SearchDV-AccountNumber&apos;)]
Found Element By : By.xpath: //div[contains(@id,&apos;SearchLinksInputSet-Search&apos;)]
Found Element By : By.xpath: //div[contains(@id,&apos;SearchLinksInputSet-Search&apos;)]
Element : By.xpath: //div[contains(@id,&apos;SearchLinksInputSet-Search&apos;)] command : [click] Value : [click]
Found Element By : By.xpath: //div[contains(@id,&apos;SearchLinksInputSet-Reset&apos;)]
Found Element By : By.xpath: //div[contains(@id,&apos;SearchLinksInputSet-Reset&apos;)]
 executeQuery   strQuery = Select * from organizations WHERE PrimaryKey=&apos;AUT_PA_PC_Rewrite_NewTerm_01&apos;
Found Element By : By.xpath: //div[contains(@id,&apos;SearchResultsLV-0&apos;)]/div[@role=&apos;button&apos;]
Found Element By : By.xpath: //div[contains(@id,&apos;SearchResultsLV-0&apos;)]/div[@role=&apos;button&apos;]
Found Element By : By.xpath: //div[contains(@id,&apos;SearchResultsLV-0&apos;)]/div[@role=&apos;button&apos;]
Found Element By : By.xpath: //div[contains(@id,&apos;SearchResultsLV-0&apos;)]/div[@role=&apos;button&apos;]
Element : By.xpath: //div[contains(@id,&apos;SearchResultsLV-0&apos;)]/div[@role=&apos;button&apos;] command : [click] Value : [click]
Found Element By : By.xpath: //div[contains(@id,&apos;Update&apos;)]
Found Element By : By.xpath: //div[contains(@id,&apos;Update&apos;)]
Found Element By : By.xpath: //div[contains(@id,&apos;Update&apos;)]
Found Element By : By.xpath: //div[contains(@id,&apos;Update&apos;)]
Element : By.xpath: //div[contains(@id,&apos;Update&apos;)] command : [click] Value : []
Found Element By : By.xpath: //div[contains(@id,&apos;AccountFile_Summary-ttlBar&apos;)]//div[contains(text(),&apos;Account Summary&apos;)]
Found Element By : By.xpath: //div[contains(@id,&apos;AccountFile_Summary-ttlBar&apos;)]//div[contains(text(),&apos;Account Summary&apos;)]
Found Element By : By.xpath: //div[contains(@id,&apos;AccountFile_Summary-ttlBar&apos;)]//div[contains(text(),&apos;Account Summary&apos;)]
Account Summary =&gt; Actual = [Account Summary: fphlQdKnj Automation (fphlQdKnj Automation)] contains Expected = [fphlQdKnj Automation]
 executeQuery   strQuery = Select * from accountSummary WHERE PrimaryKey=&apos;AUT_PA_PC_Rewrite_NewTerm_01&apos;
Found Element By : By.xpath: //div[contains(@class,&apos;gw-isScreenTitle&apos;)]//div[@class=&apos;gw-TitleBar--title&apos; and @role=&apos;heading&apos;]
Found Element By : By.xpath: //div[contains(@class,&apos;gw-isScreenTitle&apos;)]//div[@class=&apos;gw-TitleBar--title&apos; and @role=&apos;heading&apos;]
Found Element By : By.xpath: //div[contains(@class,&apos;gw-isScreenTitle&apos;)]//div[@class=&apos;gw-TitleBar--title&apos; and @role=&apos;heading&apos;]
Screen Header =&gt; Actual = [Account Summary: fphlQdKnj Automation (fphlQdKnj Automation)] contains Expected = [Account Summary]
Found Element By : By.xpath: //div[@class=&apos;gw-TitleSection&apos;]/div[@role=&apos;heading&apos;]/span[text()=&apos;Details&apos;]
Found Element By : By.xpath: //div[@class=&apos;gw-TitleSection&apos;]/div[@role=&apos;heading&apos;]/span[text()=&apos;Details&apos;]
Found Element By : By.xpath: //div[@class=&apos;gw-TitleSection&apos;]/div[@role=&apos;heading&apos;]/span[text()=&apos;Details&apos;]
Found Element By : By.xpath: //div[@class=&apos;gw-TitleSection&apos;]/div[@role=&apos;heading&apos;]/span[text()=&apos;Details&apos;]
Details =&gt; Actual = [Details] equals Expected = [Details]
Found Element By : By.xpath: //div[contains(@id,&apos;AccountDetailsDetailViewTile_DV-AccountNumber&apos;)]//div[@class=&apos;gw-value-readonly-wrapper&apos;]
Found Element By : By.xpath: //div[contains(@id,&apos;AccountDetailsDetailViewTile_DV-AccountNumber&apos;)]//div[@class=&apos;gw-value-readonly-wrapper&apos;]
Found Element By : By.xpath: //div[contains(@id,&apos;AccountDetailsDetailViewTile_DV-AccountNumber&apos;)]//div[@class=&apos;gw-value-readonly-wrapper&apos;]
Found Element By : By.xpath: //div[contains(@id,&apos;AccountHolder_button&apos;)]
Found Element By : By.xpath: //div[contains(@id,&apos;AccountHolder_button&apos;)]
Found Element By : By.xpath: //div[contains(@id,&apos;AccountHolder_button&apos;)]
Found Element By : By.xpath: //div[contains(@id,&apos;AccountDetailsDetailViewTile_DV-AccountNumber&apos;)]//div[@class=&apos;gw-value-readonly-wrapper&apos;]
Found Element By : By.xpath: //div[contains(@id,&apos;AccountDetailsDetailViewTile_DV-AccountNumber&apos;)]//div[@class=&apos;gw-value-readonly-wrapper&apos;]
Found Element By : By.xpath: //div[contains(@id,&apos;AccountDetailsDetailViewTile_DV-AccountNumber&apos;)]//div[@class=&apos;gw-value-readonly-wrapper&apos;]
Found Element By : By.xpath: //div[contains(@id,&apos;AccountDetailsDetailViewTile_DV-AccountNumber&apos;)]//div[@class=&apos;gw-value-readonly-wrapper&apos;]
AccountNo =&gt; Actual = [1309023209] equals Expected = [1309023209]
Found Element By : By.xpath: //div[contains(@id,&apos;AccountHolder_button&apos;)]
Found Element By : By.xpath: //div[contains(@id,&apos;AccountHolder_button&apos;)]
Found Element By : By.xpath: //div[contains(@id,&apos;AccountHolder_button&apos;)]
Found Element By : By.xpath: //div[contains(@id,&apos;AccountHolder_button&apos;)]
AccountHolder =&gt; Actual = [fphlQdKnj Automation] equals Expected = [fphlQdKnj Automation]
Found Element By : By.xpath: //div[contains(@id,&apos;AccountDetailsDetailViewTile_DV-AddressDescription&apos;)]//div[@class=&apos;gw-value-readonly-wrapper&apos;]
Found Element By : By.xpath: //div[contains(@id,&apos;AccountDetailsDetailViewTile_DV-AddressDescription&apos;)]//div[@class=&apos;gw-value-readonly-wrapper&apos;]
Found Element By : By.xpath: //div[contains(@id,&apos;AccountDetailsDetailViewTile_DV-AddressDescription&apos;)]//div[@class=&apos;gw-value-readonly-wrapper&apos;]
Description =&gt; Actual = [fphlQdKnj AutomationLikes to] contains Expected = [fphlQdKnj Automation]
Found Element By : By.xpath: //div[contains(@id,&apos;AccountDetailsDetailViewTile_DV-AccountStatus&apos;)]//div[@class=&apos;gw-value-readonly-wrapper&apos;]
Found Element By : By.xpath: //div[contains(@id,&apos;AccountDetailsDetailViewTile_DV-AccountStatus&apos;)]//div[@class=&apos;gw-value-readonly-wrapper&apos;]
Found Element By : By.xpath: //div[contains(@id,&apos;AccountDetailsDetailViewTile_DV-AccountStatus&apos;)]//div[@class=&apos;gw-value-readonly-wrapper&apos;]
Found Element By : By.xpath: //div[contains(@id,&apos;AccountDetailsDetailViewTile_DV-AccountStatus&apos;)]//div[@class=&apos;gw-value-readonly-wrapper&apos;]
Status =&gt; Actual = [Pending] equals Expected = [Pending]
Found Element By : By.xpath: //div[contains(@id,&apos;MenuActions&apos;)]/div[@role=&apos;button&apos;]/div[2]
Found Element By : By.xpath: //div[contains(@id,&apos;MenuActions&apos;)]/div[@role=&apos;button&apos;]/div[2]
Element : By.xpath: //div[contains(@id,&apos;MenuActions&apos;)]/div[@role=&apos;button&apos;]/div[2] command : [click] Value : []
Found Element By : By.xpath: //div[contains(@id,&apos;AccountFileMenuActions_NewSubmission&apos;)]//div[@role=&apos;menuitem&apos;]
Found Element By : By.xpath: //div[contains(@id,&apos;AccountFileMenuActions_NewSubmission&apos;)]//div[@role=&apos;menuitem&apos;]
Element : By.xpath: //div[contains(@id,&apos;AccountFileMenuActions_NewSubmission&apos;)]//div[@role=&apos;menuitem&apos;] command : [click] Value : []
 executeQuery   strQuery = Select * from newSubmissions WHERE PrimaryKey=&apos;AUT_PA_PC_Rewrite_NewTerm_01&apos;
Found Element By : By.xpath: //div[contains(@class,&apos;gw-boldLabel&apos;) and text()=&apos;Select Producer&apos;]
Found Element By : By.xpath: //div[contains(@class,&apos;gw-boldLabel&apos;) and text()=&apos;Select Producer&apos;]
Found Element By : By.xpath: //div[contains(@class,&apos;gw-boldLabel&apos;) and text()=&apos;Select Producer&apos;]
Found Element By : By.xpath: //div[contains(@class,&apos;gw-boldLabel&apos;) and text()=&apos;Select Producer&apos;]
Select Producer =&gt; Actual = [Select Producer] equals Expected = [Select Producer]
Found Element By : By.xpath: //input[contains(@name,&apos;Producer&apos;)]
Found Element By : By.xpath: //input[contains(@name,&apos;Producer&apos;)]
Found Element By : By.xpath: //input[contains(@name,&apos;Producer&apos;)]
Organization =&gt; Actual = [ACV Property Insurance] valueEquals Expected = [ACV Property Insurance]
Found Element By : By.xpath: //select[contains(@name,&apos;ProducerCode&apos;)]
Found Element By : By.xpath: //select[contains(@name,&apos;ProducerCode&apos;)]
Found Element By : By.xpath: //select[contains(@name,&apos;ProducerCode&apos;)]
Found Element By : By.tagName: option
Producer Code =&gt; Actual = [301-008578 ACV Property Insurance] FirstSelectedOptionEquals Expected = [301-008578 ACV Property Insurance]
Found Element By : By.xpath: //select[contains(@name,&apos;ProductSettingsDV-QuoteType&apos;)]
Found Element By : By.xpath: //select[contains(@name,&apos;ProductSettingsDV-QuoteType&apos;)]
Found Element By : By.xpath: //select[contains(@name,&apos;ProductSettingsDV-QuoteType&apos;)]
Found Element By : By.tagName: option
Quote Type =&gt; Actual = [Full Application] FirstSelectedOptionEquals Expected = [Full Application]
Found Element By : By.xpath: //select[contains(@name,&apos;ProductSettingsDV-DefaultBaseState&apos;)]
Found Element By : By.xpath: //select[contains(@name,&apos;ProductSettingsDV-DefaultBaseState&apos;)]
Found Element By : By.xpath: //select[contains(@name,&apos;ProductSettingsDV-DefaultBaseState&apos;)]
Found Element By : By.tagName: option
Default Base State =&gt; Actual = [Alaska] FirstSelectedOptionEquals Expected = [Alaska]
Found Element By : By.xpath: //input[contains(@name,&apos;DefaultPPEffDate&apos;)]
Found Element By : By.xpath: //input[contains(@name,&apos;DefaultPPEffDate&apos;)]
Found Element By : By.xpath: //input[contains(@name,&apos;DefaultPPEffDate&apos;)]
Default Effective Date =&gt; Actual = [06/04/2021] valueEquals Expected = [06/04/2021]
Found Element By : By.xpath: //div[text()=&apos;Personal Auto&apos;]/ancestor::td[contains(@id,&apos;Name_Cell&apos;)]/preceding-sibling::td//div[contains(@id,&apos;ProductSelection&apos;) and text()=&apos;Select&apos;]
Found Element By : By.xpath: //div[text()=&apos;Personal Auto&apos;]/ancestor::td[contains(@id,&apos;Name_Cell&apos;)]/preceding-sibling::td//div[contains(@id,&apos;ProductSelection&apos;) and text()=&apos;Select&apos;]
Element : By.xpath: //div[text()=&apos;Personal Auto&apos;]/ancestor::td[contains(@id,&apos;Name_Cell&apos;)]/preceding-sibling::td//div[contains(@id,&apos;ProductSelection&apos;) and text()=&apos;Select&apos;] command : [click] Value : []
Found Element By : By.xpath: //div[contains(@id,&apos;InfoBar-AccountName&apos;)]//div[@class=&apos;gw-label gw-infoValue&apos;]
Found Element By : By.xpath: //div[contains(@id,&apos;InfoBar-AccountName&apos;)]//div[@class=&apos;gw-label gw-infoValue&apos;]
Found Element By : By.xpath: //div[contains(@id,&apos;InfoBar-AccountName&apos;)]//div[@class=&apos;gw-label gw-infoValue&apos;]
UPDATE searchValues SET AccountName=&apos;fphlQdKnj Automation&apos; WHERE PrimaryKey=&apos;AUT_PA_PC_Rewrite_NewTerm_01&apos;
1 row(s) affected
Found Element By : By.xpath: //div[contains(@id,&apos;InfoBar-AccountNumber&apos;)]//div[@class=&apos;gw-label gw-infoValue&apos;]
Found Element By : By.xpath: //div[contains(@id,&apos;InfoBar-AccountNumber&apos;)]//div[@class=&apos;gw-label gw-infoValue&apos;]
Found Element By : By.xpath: //div[contains(@id,&apos;InfoBar-AccountNumber&apos;)]//div[@class=&apos;gw-label gw-infoValue&apos;]
UPDATE searchValues SET AccountNumber=&apos;1309023209&apos; WHERE PrimaryKey=&apos;AUT_PA_PC_Rewrite_NewTerm_01&apos;
1 row(s) affected
Found Element By : By.xpath: //div[@id=&apos;gw-west-center&apos;]//div[@class=&apos;gw-Wizard--Title&apos; and contains(text(),&apos;Submission &apos;)]
Found Element By : By.xpath: //div[@id=&apos;gw-west-center&apos;]//div[@class=&apos;gw-Wizard--Title&apos; and contains(text(),&apos;Submission &apos;)]
Found Element By : By.xpath: //div[@id=&apos;gw-west-center&apos;]//div[@class=&apos;gw-Wizard--Title&apos; and contains(text(),&apos;Submission &apos;)]
UPDATE searchValues SET SubmissionNumber=&apos;0172335057&apos; WHERE PrimaryKey=&apos;AUT_PA_PC_Rewrite_NewTerm_01&apos;
1 row(s) affected
 executeQuery   strQuery = Select * from offering WHERE PrimaryKey=&apos;AUT_PA_PC_Rewrite_NewTerm_01&apos;
Found Element By : By.xpath: //div[contains(@class,&apos;gw-isScreenTitle&apos;)]//div[@class=&apos;gw-TitleBar--title&apos; and @role=&apos;heading&apos; and text()=&apos;Offerings&apos;]
Found Element By : By.xpath: //div[contains(@class,&apos;gw-isScreenTitle&apos;)]//div[@class=&apos;gw-TitleBar--title&apos; and @role=&apos;heading&apos; and text()=&apos;Offerings&apos;]
Found Element By : By.xpath: //div[contains(@class,&apos;gw-isScreenTitle&apos;)]//div[@class=&apos;gw-TitleBar--title&apos; and @role=&apos;heading&apos; and text()=&apos;Offerings&apos;]
Found Element By : By.xpath: //div[contains(@class,&apos;gw-isScreenTitle&apos;)]//div[@class=&apos;gw-TitleBar--title&apos; and @role=&apos;heading&apos; and text()=&apos;Offerings&apos;]
Screen Header =&gt; Actual = [Offerings] equals Expected = [Offerings]
Found Element By : By.xpath: //select[contains(@name,&apos;OfferingScreen-OfferingSelection&apos;)]
Found Element By : By.xpath: //select[contains(@name,&apos;OfferingScreen-OfferingSelection&apos;)]
Found Element By : By.xpath: .//option[normalize-space(.) = &quot;Standard Program&quot;]
Element : By.xpath: //select[contains(@name,&apos;OfferingScreen-OfferingSelection&apos;)] command : [selectByVisibleText] Value : [Standard Program]
Found Element By : By.xpath: //div[@id=&apos;gw-center-title-toolbar&apos;]//div[contains(@class,&apos;gw-ToolbarButtonWidget&apos;)]/div[@role=&apos;button&apos;]//div[@class=&apos;gw-label&apos; and text()=&apos;Next&apos;]
Found Element By : By.xpath: //div[@id=&apos;gw-center-title-toolbar&apos;]//div[contains(@class,&apos;gw-ToolbarButtonWidget&apos;)]/div[@role=&apos;button&apos;]//div[@class=&apos;gw-label&apos; and text()=&apos;Next&apos;]
Element : By.xpath: //div[@id=&apos;gw-center-title-toolbar&apos;]//div[contains(@class,&apos;gw-ToolbarButtonWidget&apos;)]/div[@role=&apos;button&apos;]//div[@class=&apos;gw-label&apos; and text()=&apos;Next&apos;] command : [clickAndwait] Value : []
 executeQuery   strQuery = Select * from qualification WHERE PrimaryKey=&apos;AUT_PA_PC_Rewrite_NewTerm_01&apos;
Found Element By : By.xpath: //div[contains(@class,&apos;gw-isScreenTitle&apos;)]//div[@class=&apos;gw-TitleBar--title&apos; and @role=&apos;heading&apos; and text()=&apos;Qualification&apos;]
Found Element By : By.xpath: //div[contains(@class,&apos;gw-isScreenTitle&apos;)]//div[@class=&apos;gw-TitleBar--title&apos; and @role=&apos;heading&apos; and text()=&apos;Qualification&apos;]
Found Element By : By.xpath: //div[contains(@class,&apos;gw-isScreenTitle&apos;)]//div[@class=&apos;gw-TitleBar--title&apos; and @role=&apos;heading&apos; and text()=&apos;Qualification&apos;]
Found Element By : By.xpath: //div[contains(@class,&apos;gw-isScreenTitle&apos;)]//div[@class=&apos;gw-TitleBar--title&apos; and @role=&apos;heading&apos; and text()=&apos;Qualification&apos;]
Screen Header =&gt; Actual = [Qualification] equals Expected = [Qualification]
Found Element By : By.xpath: //div[contains(@class,&apos;gw-boldLabel&apos;) and text()=&apos;PA Pre-Qualification&apos;]
Found Element By : By.xpath: //div[contains(@class,&apos;gw-boldLabel&apos;) and text()=&apos;PA Pre-Qualification&apos;]
Found Element By : By.xpath: //div[contains(@class,&apos;gw-boldLabel&apos;) and text()=&apos;PA Pre-Qualification&apos;]
Found Element By : By.xpath: //div[contains(@class,&apos;gw-boldLabel&apos;) and text()=&apos;PA Pre-Qualification&apos;]
PA Pre-Qualification =&gt; Actual = [PA Pre-Qualification] equals Expected = [PA Pre-Qualification]
Found Element By : By.xpath: //select[contains(@name,&apos;QuestionSetLV-0-QuestionModalInput-ChoiceSelectInput_NoPost&apos;)]
Found Element By : By.xpath: //select[contains(@name,&apos;QuestionSetLV-0-QuestionModalInput-ChoiceSelectInput_NoPost&apos;)]
Found Element By : By.xpath: .//option[normalize-space(.) = &quot;No - New Driver&quot;]
Element : By.xpath: //select[contains(@name,&apos;QuestionSetLV-0-QuestionModalInput-ChoiceSelectInput_NoPost&apos;)] command : [selectByVisibleText] Value : [No - New Driver]
Found Element By : By.xpath: //input[contains(@id,&apos;QuestionSetLV-1-QuestionModalInput-BooleanRadioInput_NoPost_1&apos;)]
Found Element By : By.xpath: //input[contains(@id,&apos;QuestionSetLV-1-QuestionModalInput-BooleanRadioInput_NoPost_1&apos;)]
Element : By.xpath: //input[contains(@id,&apos;QuestionSetLV-1-QuestionModalInput-BooleanRadioInput_NoPost_1&apos;)] command : [click] Value : [No]
Found Element By : By.xpath: //input[contains(@id,&apos;QuestionSetLV-2-QuestionModalInput-BooleanRadioInput_NoPost_1&apos;)]
Found Element By : By.xpath: //input[contains(@id,&apos;QuestionSetLV-2-QuestionModalInput-BooleanRadioInput_NoPost_1&apos;)]
Element : By.xpath: //input[contains(@id,&apos;QuestionSetLV-2-QuestionModalInput-BooleanRadioInput_NoPost_1&apos;)] command : [click] Value : [No]
Found Element By : By.xpath: //input[contains(@id,&apos;QuestionSetLV-3-QuestionModalInput-BooleanRadioInput_1&apos;)]
Found Element By : By.xpath: //input[contains(@id,&apos;QuestionSetLV-3-QuestionModalInput-BooleanRadioInput_1&apos;)]
Element : By.xpath: //input[contains(@id,&apos;QuestionSetLV-3-QuestionModalInput-BooleanRadioInput_1&apos;)] command : [click] Value : [No]
Found Element By : By.xpath: //input[contains(@id,&apos;QuestionSetLV-4-QuestionModalInput-BooleanRadioInput_NoPost_1&apos;)]
Found Element By : By.xpath: //input[contains(@id,&apos;QuestionSetLV-4-QuestionModalInput-BooleanRadioInput_NoPost_1&apos;)]
Element : By.xpath: //input[contains(@id,&apos;QuestionSetLV-4-QuestionModalInput-BooleanRadioInput_NoPost_1&apos;)] command : [click] Value : [No]
Found Element By : By.xpath: //div[@id=&apos;gw-center-title-toolbar&apos;]//div[contains(@class,&apos;gw-ToolbarButtonWidget&apos;)]/div[@role=&apos;button&apos;]//div[@class=&apos;gw-label&apos; and text()=&apos;Next&apos;]
Found Element By : By.xpath: //div[@id=&apos;gw-center-title-toolbar&apos;]//div[contains(@class,&apos;gw-ToolbarButtonWidget&apos;)]/div[@role=&apos;button&apos;]//div[@class=&apos;gw-label&apos; and text()=&apos;Next&apos;]
Element : By.xpath: //div[@id=&apos;gw-center-title-toolbar&apos;]//div[contains(@class,&apos;gw-ToolbarButtonWidget&apos;)]/div[@role=&apos;button&apos;]//div[@class=&apos;gw-label&apos; and text()=&apos;Next&apos;] command : [clickAndwait] Value : []
 executeQuery   strQuery = Select * from policyInfo WHERE PrimaryKey=&apos;AUT_PA_PC_Rewrite_NewTerm_01&apos;
Found Element By : By.xpath: //div[contains(@class,&apos;gw-isScreenTitle&apos;)]//div[@class=&apos;gw-TitleBar--title&apos; and @role=&apos;heading&apos;]
Found Element By : By.xpath: //div[contains(@class,&apos;gw-isScreenTitle&apos;)]//div[@class=&apos;gw-TitleBar--title&apos; and @role=&apos;heading&apos;]
Found Element By : By.xpath: //div[contains(@class,&apos;gw-isScreenTitle&apos;)]//div[@class=&apos;gw-TitleBar--title&apos; and @role=&apos;heading&apos;]
Found Element By : By.xpath: //div[contains(@class,&apos;gw-isScreenTitle&apos;)]//div[@class=&apos;gw-TitleBar--title&apos; and @role=&apos;heading&apos;]
Screen Header =&gt; Actual = [Policy Info] equals Expected = [Policy Info]
Found Element By : By.xpath: //input[contains(@name,&apos;DateQuoteNeeded&apos;)]
Found Element By : By.xpath: //input[contains(@name,&apos;DateQuoteNeeded&apos;)]
Element : By.xpath: //input[contains(@name,&apos;DateQuoteNeeded&apos;)] command : [sendKeys] Value : [06/04/2021]
 executeQuery   strQuery = Select * from policyInfo WHERE PrimaryKey=&apos;AUT_PA_PC_Rewrite_NewTerm_01&apos;
Found Element By : By.xpath: //div[contains(@class,&apos;gw-isScreenTitle&apos;)]//div[@class=&apos;gw-TitleBar--title&apos; and @role=&apos;heading&apos;]
Found Element By : By.xpath: //div[contains(@class,&apos;gw-isScreenTitle&apos;)]//div[@class=&apos;gw-TitleBar--title&apos; and @role=&apos;heading&apos;]
Found Element By : By.xpath: //div[contains(@class,&apos;gw-isScreenTitle&apos;)]//div[@class=&apos;gw-TitleBar--title&apos; and @role=&apos;heading&apos;]
Found Element By : By.xpath: //div[contains(@class,&apos;gw-isScreenTitle&apos;)]//div[@class=&apos;gw-TitleBar--title&apos; and @role=&apos;heading&apos;]
Screen Header =&gt; Actual = [Policy Info] equals Expected = [Policy Info]
Found Element By : By.xpath: //div[contains(@id,&apos;AccountInfoInputSet-Name&apos;)]//div[contains(@id,&apos;AccountInfoInputSet-Name_button&apos;)]
Found Element By : By.xpath: //div[contains(@id,&apos;AccountInfoInputSet-Name&apos;)]//div[contains(@id,&apos;AccountInfoInputSet-Name_button&apos;)]
Found Element By : By.xpath: //div[contains(@id,&apos;AccountInfoInputSet-Name&apos;)]//div[contains(@id,&apos;AccountInfoInputSet-Name_button&apos;)]
Found Element By : By.xpath: //div[contains(@id,&apos;AccountInfoInputSet-Name&apos;)]//div[contains(@id,&apos;AccountInfoInputSet-Name_button&apos;)]
Name =&gt; Actual = [fphlQdKnj Automation] equals Expected = [fphlQdKnj Automation]
Found Element By : By.xpath: //div[contains(@id,&apos;AccountInfoInputSet-Phone-GlobalPhoneInputSet-PhoneDisplay&apos;)]//div[contains(@class,&apos;gw-value-readonly-wrapper&apos;)]
Found Element By : By.xpath: //div[contains(@id,&apos;AccountInfoInputSet-Phone-GlobalPhoneInputSet-PhoneDisplay&apos;)]//div[contains(@class,&apos;gw-value-readonly-wrapper&apos;)]
Found Element By : By.xpath: //div[contains(@id,&apos;AccountInfoInputSet-Phone-GlobalPhoneInputSet-PhoneDisplay&apos;)]//div[contains(@class,&apos;gw-value-readonly-wrapper&apos;)]
Found Element By : By.xpath: //div[contains(@id,&apos;AccountInfoInputSet-Phone-GlobalPhoneInputSet-PhoneDisplay&apos;)]//div[contains(@class,&apos;gw-value-readonly-wrapper&apos;)]
Phone =&gt; Actual = [201-555-1003] equals Expected = [201-555-1003]
Found Element By : By.xpath: //div[contains(@id,&apos;GlobalAddressInputSet-AddressSummary&apos;)]//div[contains(@class,&apos;gw-value-readonly-wrapper&apos;)]
Found Element By : By.xpath: //div[contains(@id,&apos;GlobalAddressInputSet-AddressSummary&apos;)]//div[contains(@class,&apos;gw-value-readonly-wrapper&apos;)]
Found Element By : By.xpath: //div[contains(@id,&apos;GlobalAddressInputSet-AddressSummary&apos;)]//div[contains(@class,&apos;gw-value-readonly-wrapper&apos;)]
Policy Address =&gt; Actual = [559 hrMUsNx Suites
South Avenue
DownTown
Anchorage, AK 99501] contains Expected = [Suites
South Avenue
DownTown
Anchorage, AK 99501]
Found Element By : By.xpath: //div[contains(@id,&apos;GlobalAddressInputSet-County&apos;)]//div[contains(@class,&apos;gw-value-readonly-wrapper&apos;)]
Found Element By : By.xpath: //div[contains(@id,&apos;GlobalAddressInputSet-County&apos;)]//div[contains(@class,&apos;gw-value-readonly-wrapper&apos;)]
Found Element By : By.xpath: //div[contains(@id,&apos;GlobalAddressInputSet-County&apos;)]//div[contains(@class,&apos;gw-value-readonly-wrapper&apos;)]
Found Element By : By.xpath: //div[contains(@id,&apos;GlobalAddressInputSet-County&apos;)]//div[contains(@class,&apos;gw-value-readonly-wrapper&apos;)]
County =&gt; Actual = [Anchorage] equals Expected = [Anchorage]
Found Element By : By.xpath: //div[contains(@id,&apos;AddressType&apos;) and contains(@class,&apos;gw-ValueWidget&apos;)]//div[contains(@class,&apos;gw-label&apos;)]
Found Element By : By.xpath: //div[contains(@id,&apos;AddressType&apos;) and contains(@class,&apos;gw-ValueWidget&apos;)]//div[contains(@class,&apos;gw-label&apos;)]
Found Element By : By.xpath: //div[contains(@id,&apos;AddressType&apos;) and contains(@class,&apos;gw-ValueWidget&apos;)]//div[contains(@class,&apos;gw-label&apos;)]
Found Element By : By.xpath: //div[contains(@id,&apos;AddressType&apos;) and contains(@class,&apos;gw-ValueWidget&apos;)]//div[contains(@class,&apos;gw-label&apos;)]
Address Type =&gt; Actual = [Home] equals Expected = [Home]
 executeQuery   strQuery = Select * from policyInfo WHERE PrimaryKey=&apos;AUT_PA_PC_Rewrite_NewTerm_01&apos;
Found Element By : By.xpath: //div[contains(@class,&apos;gw-LabelWidget&apos;)]/div[contains(@class,&apos;gw-label&apos;) and text()=&apos;Official IDs&apos;]
Found Element By : By.xpath: //div[contains(@class,&apos;gw-LabelWidget&apos;)]/div[contains(@class,&apos;gw-label&apos;) and text()=&apos;Official IDs&apos;]
Found Element By : By.xpath: //div[contains(@class,&apos;gw-LabelWidget&apos;)]/div[contains(@class,&apos;gw-label&apos;) and text()=&apos;Official IDs&apos;]
Found Element By : By.xpath: //div[contains(@class,&apos;gw-LabelWidget&apos;)]/div[contains(@class,&apos;gw-label&apos;) and text()=&apos;Official IDs&apos;]
Official IDs =&gt; Actual = [Official IDs] equals Expected = [Official IDs]
 executeQuery   strQuery = Select * from policyInfo WHERE PrimaryKey=&apos;AUT_PA_PC_Rewrite_NewTerm_01&apos;
Found Element By : By.xpath: //div[contains(@class,&apos;gw-boldLabel&apos;) and text()=&apos;Policy Details&apos;]
Found Element By : By.xpath: //div[contains(@class,&apos;gw-boldLabel&apos;) and text()=&apos;Policy Details&apos;]
Found Element By : By.xpath: //div[contains(@class,&apos;gw-boldLabel&apos;) and text()=&apos;Policy Details&apos;]
Found Element By : By.xpath: //div[contains(@class,&apos;gw-boldLabel&apos;) and text()=&apos;Policy Details&apos;]
Policy Details =&gt; Actual = [Policy Details] equals Expected = [Policy Details]
Found Element By : By.xpath: //select[contains(@name,&apos;PolicyInfoInputSet-TermType&apos;)]
Found Element By : By.xpath: //select[contains(@name,&apos;PolicyInfoInputSet-TermType&apos;)]
Found Element By : By.xpath: .//option[normalize-space(.) = &quot;6 months&quot;]
Element : By.xpath: //select[contains(@name,&apos;PolicyInfoInputSet-TermType&apos;)] command : [selectByVisibleTextAndwait] Value : [6 months]
Found Element By : By.xpath: //input[contains(@name,&apos;PolicyInfoInputSet-EffectiveDate&apos;)]
Found Element By : By.xpath: //input[contains(@name,&apos;PolicyInfoInputSet-EffectiveDate&apos;)]
Element : By.xpath: //input[contains(@name,&apos;PolicyInfoInputSet-EffectiveDate&apos;)] command : [clearsendKeysRobotTAB] Value : [06/02/2021]
Found Element By : By.xpath: //div[contains(@id,&apos;PolicyInfoInputSet-ExpirationDate&apos;)]//div[contains(@class,&apos;gw-value-readonly-wrapper&apos;)]
Found Element By : By.xpath: //div[contains(@id,&apos;PolicyInfoInputSet-ExpirationDate&apos;)]//div[contains(@class,&apos;gw-value-readonly-wrapper&apos;)]
Found Element By : By.xpath: //div[contains(@id,&apos;PolicyInfoInputSet-ExpirationDate&apos;)]//div[contains(@class,&apos;gw-value-readonly-wrapper&apos;)]
Found Element By : By.xpath: //div[contains(@id,&apos;PolicyInfoInputSet-ExpirationDate&apos;)]//div[contains(@class,&apos;gw-value-readonly-wrapper&apos;)]
Found Element By : By.xpath: //div[contains(@id,&apos;PolicyInfoInputSet-ExpirationDate&apos;)]//div[contains(@class,&apos;gw-value-readonly-wrapper&apos;)]
Expiration Date =&gt; Actual = [12/02/2021] equals Expected = [12/02/2021]
Found Element By : By.xpath: //input[contains(@name,&apos;PolicyInfoInputSet-WrittenDate&apos;)]
Found Element By : By.xpath: //input[contains(@name,&apos;PolicyInfoInputSet-WrittenDate&apos;)]
Element : By.xpath: //input[contains(@name,&apos;PolicyInfoInputSet-WrittenDate&apos;)] command : [clearANDsendKeys] Value : [05/03/2021]
Found Element By : By.xpath: //select[contains(@name,&apos;PolicyInfoInputSet-PrimaryLanguage&apos;)]
Found Element By : By.xpath: //select[contains(@name,&apos;PolicyInfoInputSet-PrimaryLanguage&apos;)]
Found Element By : By.xpath: .//option[normalize-space(.) = &quot;Edge English (US)&quot;]
Element : By.xpath: //select[contains(@name,&apos;PolicyInfoInputSet-PrimaryLanguage&apos;)] command : [selectByVisibleText] Value : [Edge English (US)]
 executeQuery   strQuery = Select * from policyInfo WHERE PrimaryKey=&apos;AUT_PA_PC_Rewrite_NewTerm_01&apos;
Found Element By : By.xpath: //div[contains(@class,&apos;gw-boldLabel&apos;) and text()=&apos;Affinity Group&apos;]
Found Element By : By.xpath: //div[contains(@class,&apos;gw-boldLabel&apos;) and text()=&apos;Affinity Group&apos;]
Found Element By : By.xpath: //div[contains(@class,&apos;gw-boldLabel&apos;) and text()=&apos;Affinity Group&apos;]
Found Element By : By.xpath: //div[contains(@class,&apos;gw-boldLabel&apos;) and text()=&apos;Affinity Group&apos;]
Affinity Group =&gt; Actual = [Affinity Group] equals Expected = [Affinity Group]
Found Element By : By.xpath: //input[contains(@name,&apos;PolicyInfoInputSet-AffinityGroup&apos;)]
Found Element By : By.xpath: //input[contains(@name,&apos;PolicyInfoInputSet-AffinityGroup&apos;)]
Element : By.xpath: //input[contains(@name,&apos;PolicyInfoInputSet-AffinityGroup&apos;)] command : [sendKeys] Value : []
 executeQuery   strQuery = Select * from policyInfo WHERE PrimaryKey=&apos;AUT_PA_PC_Rewrite_NewTerm_01&apos;
Found Element By : By.xpath: //div[contains(@class,&apos;gw-boldLabel&apos;) and text()=&apos;Producer of Record&apos;]
Found Element By : By.xpath: //div[contains(@class,&apos;gw-boldLabel&apos;) and text()=&apos;Producer of Record&apos;]
Found Element By : By.xpath: //div[contains(@class,&apos;gw-boldLabel&apos;) and text()=&apos;Producer of Record&apos;]
Found Element By : By.xpath: //div[contains(@class,&apos;gw-boldLabel&apos;) and text()=&apos;Producer of Record&apos;]
Producer of Record =&gt; Actual = [Producer of Record] equals Expected = [Producer of Record]
Found Element By : By.xpath: //input[contains(@name,&apos;PolicyInfoProducerOfRecordInputSet-Producer&apos;)]
Found Element By : By.xpath: //input[contains(@name,&apos;PolicyInfoProducerOfRecordInputSet-Producer&apos;)]
Found Element By : By.xpath: //input[contains(@name,&apos;PolicyInfoProducerOfRecordInputSet-Producer&apos;)]
Organization =&gt; Actual = [ACV Property Insurance] valueEquals Expected = [ACV Property Insurance]
Found Element By : By.xpath: //select[contains(@name,&apos;PolicyInfoProducerOfRecordInputSet-ProducerCode&apos;)]
Found Element By : By.xpath: //select[contains(@name,&apos;PolicyInfoProducerOfRecordInputSet-ProducerCode&apos;)]
Found Element By : By.xpath: //select[contains(@name,&apos;PolicyInfoProducerOfRecordInputSet-ProducerCode&apos;)]
Found Element By : By.tagName: option
ProducerCode =&gt; Actual = [301-008578 ACV Property Insurance] FirstSelectedOptionEquals Expected = [301-008578 ACV Property Insurance]
 executeQuery   strQuery = Select * from policyInfo WHERE PrimaryKey=&apos;AUT_PA_PC_Rewrite_NewTerm_01&apos;
Found Element By : By.xpath: //div[contains(@class,&apos;gw-boldLabel&apos;) and text()=&apos;Underwriting Companies&apos;]
Found Element By : By.xpath: //div[contains(@class,&apos;gw-boldLabel&apos;) and text()=&apos;Underwriting Companies&apos;]
Found Element By : By.xpath: //div[contains(@class,&apos;gw-boldLabel&apos;) and text()=&apos;Underwriting Companies&apos;]
Found Element By : By.xpath: //div[contains(@class,&apos;gw-boldLabel&apos;) and text()=&apos;Underwriting Companies&apos;]
Underwriting Companies =&gt; Actual = [Underwriting Companies] equals Expected = [Underwriting Companies]
Found Element By : By.xpath: //select[contains(@name,&apos;UWCompanyInputSet-UWCompany&apos;)]
Found Element By : By.xpath: //select[contains(@name,&apos;UWCompanyInputSet-UWCompany&apos;)]
Found Element By : By.xpath: .//option[normalize-space(.) = &quot;Acme Low Hazard Insurance&quot;]
Element : By.xpath: //select[contains(@name,&apos;UWCompanyInputSet-UWCompany&apos;)] command : [selectByVisibleText] Value : [Acme Low Hazard Insurance]
Found Element By : By.xpath: //div[@id=&apos;gw-center-title-toolbar&apos;]//div[contains(@class,&apos;gw-ToolbarButtonWidget&apos;)]/div[@role=&apos;button&apos;]//div[@class=&apos;gw-label&apos; and text()=&apos;Next&apos;]
Found Element By : By.xpath: //div[@id=&apos;gw-center-title-toolbar&apos;]//div[contains(@class,&apos;gw-ToolbarButtonWidget&apos;)]/div[@role=&apos;button&apos;]//div[@class=&apos;gw-label&apos; and text()=&apos;Next&apos;]
Element : By.xpath: //div[@id=&apos;gw-center-title-toolbar&apos;]//div[contains(@class,&apos;gw-ToolbarButtonWidget&apos;)]/div[@role=&apos;button&apos;]//div[@class=&apos;gw-label&apos; and text()=&apos;Next&apos;] command : [clickAndwait] Value : []
 executeQuery   strQuery = Select * from drivers WHERE PrimaryKey=&apos;AUT_PA_PC_Rewrite_NewTerm_01&apos;
Found Element By : By.xpath: //div[contains(@class,&apos;gw-isScreenTitle&apos;)]//div[@class=&apos;gw-TitleBar--title&apos; and @role=&apos;heading&apos;]
Found Element By : By.xpath: //div[contains(@class,&apos;gw-isScreenTitle&apos;)]//div[@class=&apos;gw-TitleBar--title&apos; and @role=&apos;heading&apos;]
Found Element By : By.xpath: //div[contains(@class,&apos;gw-isScreenTitle&apos;)]//div[@class=&apos;gw-TitleBar--title&apos; and @role=&apos;heading&apos;]
Found Element By : By.xpath: //div[contains(@class,&apos;gw-isScreenTitle&apos;)]//div[@class=&apos;gw-TitleBar--title&apos; and @role=&apos;heading&apos;]
Screen Header =&gt; Actual = [Drivers] equals Expected = [Drivers]
Found Element By : By.xpath: //div[contains(@id,&apos;DriversLV_tb-Add&apos;)]/div[@role=&apos;button&apos;]
Found Element By : By.xpath: //div[contains(@id,&apos;DriversLV_tb-Add&apos;)]/div[@role=&apos;button&apos;]
Element : By.xpath: //div[contains(@id,&apos;DriversLV_tb-Add&apos;)]/div[@role=&apos;button&apos;] command : [click] Value : [Existing Driver]
Found Element By : By.xpath: //div[contains(@id,&apos;DriversListDetailPanel-DriversLV_tb-AddDriver&apos;) and contains(@class,&apos;gw-AddButtonWidget&apos;)]/div[@class=&apos;gw-subMenu gw-open&apos;]//div[@class=&apos;gw-label&apos; and text()=&apos;Existing Driver&apos;]
Found Element By : By.xpath: //div[contains(@id,&apos;DriversListDetailPanel-DriversLV_tb-AddDriver&apos;) and contains(@class,&apos;gw-AddButtonWidget&apos;)]/div[@class=&apos;gw-subMenu gw-open&apos;]//div[@class=&apos;gw-label&apos; and text()=&apos;Existing Driver&apos;]
Element : By.xpath: //div[contains(@id,&apos;DriversListDetailPanel-DriversLV_tb-AddDriver&apos;) and contains(@class,&apos;gw-AddButtonWidget&apos;)]/div[@class=&apos;gw-subMenu gw-open&apos;]//div[@class=&apos;gw-label&apos; and text()=&apos;Existing Driver&apos;] command : [moveToElement] Value : [Existing Driver]
Found Element By : By.xpath: //div[contains(@id,&apos;DriversListDetailPanel-DriversLV_tb-AddDriver&apos;) and contains(@class,&apos;gw-AddButtonWidget&apos;)]/div[@class=&apos;gw-subMenu gw-open&apos;]/div[contains(@id,&apos;DriversLV_tb-AddDriver-AddExistingContact&apos;)]//div[contains(@id,&apos;UnassignedDriver&apos;)]//div[@class=&apos;gw-label&apos; and text()=&apos;fphlQdKnj Automation&apos;]
Found Element By : By.xpath: //div[contains(@id,&apos;DriversListDetailPanel-DriversLV_tb-AddDriver&apos;) and contains(@class,&apos;gw-AddButtonWidget&apos;)]/div[@class=&apos;gw-subMenu gw-open&apos;]/div[contains(@id,&apos;DriversLV_tb-AddDriver-AddExistingContact&apos;)]//div[contains(@id,&apos;UnassignedDriver&apos;)]//div[@class=&apos;gw-label&apos; and text()=&apos;fphlQdKnj Automation&apos;]
Element : By.xpath: //div[contains(@id,&apos;DriversListDetailPanel-DriversLV_tb-AddDriver&apos;) and contains(@class,&apos;gw-AddButtonWidget&apos;)]/div[@class=&apos;gw-subMenu gw-open&apos;]/div[contains(@id,&apos;DriversLV_tb-AddDriver-AddExistingContact&apos;)]//div[contains(@id,&apos;UnassignedDriver&apos;)]//div[@class=&apos;gw-label&apos; and text()=&apos;fphlQdKnj Automation&apos;] command : [clickAndwait] Value : [fphlQdKnj Automation]
 executeQuery   strQuery = Select * from drivers WHERE PrimaryKey=&apos;AUT_PA_PC_Rewrite_NewTerm_01&apos;
Found Element By : By.xpath: //div[contains(@id,&apos;DriverDetailsCV-PolicyContactDetailCardTab&apos;)]
Found Element By : By.xpath: //div[contains(@id,&apos;DriverDetailsCV-PolicyContactDetailCardTab&apos;)]
Element : By.xpath: //div[contains(@id,&apos;DriverDetailsCV-PolicyContactDetailCardTab&apos;)] command : [click] Value : [NA]
Found Element By : By.xpath: //div[contains(@class,&apos;gw-boldLabel&apos;) and text()=&apos;Person&apos;]
Found Element By : By.xpath: //div[contains(@class,&apos;gw-boldLabel&apos;) and text()=&apos;Person&apos;]
Found Element By : By.xpath: //div[contains(@class,&apos;gw-boldLabel&apos;) and text()=&apos;Person&apos;]
Found Element By : By.xpath: //div[contains(@class,&apos;gw-boldLabel&apos;) and text()=&apos;Person&apos;]
Person =&gt; Actual = [Person] equals Expected = [Person]
Found Element By : By.xpath: //div[contains(@id,&apos;DateOfBirth_Input&apos;)]//div[@class=&apos;gw-value&apos;]//input[contains(@name,&apos;DateOfBirth&apos;)]
Found Element By : By.xpath: //div[contains(@id,&apos;DateOfBirth_Input&apos;)]//div[@class=&apos;gw-value&apos;]//input[contains(@name,&apos;DateOfBirth&apos;)]
Element : By.xpath: //div[contains(@id,&apos;DateOfBirth_Input&apos;)]//div[@class=&apos;gw-value&apos;]//input[contains(@name,&apos;DateOfBirth&apos;)] command : [clearANDsendKeys] Value : [01/17/1994]
Found Element By : By.xpath: //div[contains(@class,&apos;gw-boldLabel&apos;) and text()=&apos;Address&apos;]
Found Element By : By.xpath: //div[contains(@class,&apos;gw-boldLabel&apos;) and text()=&apos;Address&apos;]
Found Element By : By.xpath: //div[contains(@class,&apos;gw-boldLabel&apos;) and text()=&apos;Address&apos;]
Found Element By : By.xpath: //div[contains(@class,&apos;gw-boldLabel&apos;) and text()=&apos;Address&apos;]
Address =&gt; Actual = [Address] equals Expected = [Address]
Found Element By : By.xpath: //input[contains(@name,&apos;LicenseInputSet-LicenseNumber&apos;)]
Found Element By : By.xpath: //input[contains(@name,&apos;LicenseInputSet-LicenseNumber&apos;)]
Element : By.xpath: //input[contains(@name,&apos;LicenseInputSet-LicenseNumber&apos;)] command : [clearANDsendKeys] Value : [06042021141630]
Found Element By : By.xpath: //select[contains(@name,&apos;LicenseInputSet-LicenseState&apos;)]
Found Element By : By.xpath: //select[contains(@name,&apos;LicenseInputSet-LicenseState&apos;)]
Found Element By : By.xpath: .//option[normalize-space(.) = &quot;Alaska&quot;]
Element : By.xpath: //select[contains(@name,&apos;LicenseInputSet-LicenseState&apos;)] command : [selectByVisibleText] Value : [Alaska]
 executeQuery   strQuery = Select * from drivers WHERE PrimaryKey=&apos;AUT_PA_PC_Rewrite_NewTerm_01&apos;
Found Element By : By.xpath: //div[contains(@id,&apos;DriverDetailsCV-RolesCardTab&apos;)]
Found Element By : By.xpath: //div[contains(@id,&apos;DriverDetailsCV-RolesCardTab&apos;)]
Element : By.xpath: //div[contains(@id,&apos;DriverDetailsCV-RolesCardTab&apos;)] command : [click] Value : [NA]
Found Element By : By.xpath: //div[contains(@class,&apos;gw-TitleBarWidget&apos;)]//div[@class=&apos;gw-TitleBar--title&apos; and @role=&apos;heading&apos; and text()=&apos;Primary Named Insured&apos;]
Found Element By : By.xpath: //div[contains(@class,&apos;gw-TitleBarWidget&apos;)]//div[@class=&apos;gw-TitleBar--title&apos; and @role=&apos;heading&apos; and text()=&apos;Primary Named Insured&apos;]
Found Element By : By.xpath: //div[contains(@class,&apos;gw-TitleBarWidget&apos;)]//div[@class=&apos;gw-TitleBar--title&apos; and @role=&apos;heading&apos; and text()=&apos;Primary Named Insured&apos;]
Found Element By : By.xpath: //div[contains(@class,&apos;gw-TitleBarWidget&apos;)]//div[@class=&apos;gw-TitleBar--title&apos; and @role=&apos;heading&apos; and text()=&apos;Primary Named Insured&apos;]
Primary Named Insured =&gt; Actual = [Primary Named Insured] equals Expected = [Primary Named Insured]
Found Element By : By.xpath: //div[contains(@class,&apos;gw-TitleBarWidget&apos;)]//div[@class=&apos;gw-TitleBar--title&apos; and @role=&apos;heading&apos; and text()=&apos;Driver&apos;]
Found Element By : By.xpath: //div[contains(@class,&apos;gw-TitleBarWidget&apos;)]//div[@class=&apos;gw-TitleBar--title&apos; and @role=&apos;heading&apos; and text()=&apos;Driver&apos;]
Found Element By : By.xpath: //div[contains(@class,&apos;gw-TitleBarWidget&apos;)]//div[@class=&apos;gw-TitleBar--title&apos; and @role=&apos;heading&apos; and text()=&apos;Driver&apos;]
Found Element By : By.xpath: //div[contains(@class,&apos;gw-TitleBarWidget&apos;)]//div[@class=&apos;gw-TitleBar--title&apos; and @role=&apos;heading&apos; and text()=&apos;Driver&apos;]
Driver =&gt; Actual = [Driver] equals Expected = [Driver]
Found Element By : By.xpath: //input[contains(@name,&apos;PolicyContactRolePanelSet-PolicyDriverInfoDV-datecompletedtrainingclass&apos;)]
Found Element By : By.xpath: //input[contains(@name,&apos;PolicyContactRolePanelSet-PolicyDriverInfoDV-datecompletedtrainingclass&apos;)]
Element : By.xpath: //input[contains(@name,&apos;PolicyContactRolePanelSet-PolicyDriverInfoDV-datecompletedtrainingclass&apos;)] command : [clearANDsendKeys] Value : [06/07/2011]
Found Element By : By.xpath: //input[contains(@name,&apos;PolicyContactRolePanelSet-PolicyDriverInfoDV-yearlicensed&apos;)]
Found Element By : By.xpath: //input[contains(@name,&apos;PolicyContactRolePanelSet-PolicyDriverInfoDV-yearlicensed&apos;)]
Element : By.xpath: //input[contains(@name,&apos;PolicyContactRolePanelSet-PolicyDriverInfoDV-yearlicensed&apos;)] command : [clearANDsendKeys] Value : [2012]
Found Element By : By.xpath: //input[contains(@id,&apos;ExcludedDriver_1&apos;)]
Found Element By : By.xpath: //input[contains(@id,&apos;ExcludedDriver_1&apos;)]
Element : By.xpath: //input[contains(@id,&apos;ExcludedDriver_1&apos;)] command : [click] Value : [Yes]
Found Element By : By.xpath: //div[contains(@class,&apos;gw-boldLabel&apos;) and text()=&apos;Accident/Violation Summary&apos;]
Found Element By : By.xpath: //div[contains(@class,&apos;gw-boldLabel&apos;) and text()=&apos;Accident/Violation Summary&apos;]
Found Element By : By.xpath: //div[contains(@class,&apos;gw-boldLabel&apos;) and text()=&apos;Accident/Violation Summary&apos;]
Found Element By : By.xpath: //div[contains(@class,&apos;gw-boldLabel&apos;) and text()=&apos;Accident/Violation Summary&apos;]
Accident/Violation Summary =&gt; Actual = [Accident/Violation Summary] equals Expected = [Accident/Violation Summary]
Found Element By : By.xpath: //select[contains(@name,&apos;PolicyContactRolePanelSet-PolicyDriverNumberOfAccidents&apos;)]
Found Element By : By.xpath: //select[contains(@name,&apos;PolicyContactRolePanelSet-PolicyDriverNumberOfAccidents&apos;)]
Found Element By : By.xpath: .//option[normalize-space(.) = &quot;0&quot;]
Element : By.xpath: //select[contains(@name,&apos;PolicyContactRolePanelSet-PolicyDriverNumberOfAccidents&apos;)] command : [selectByVisibleText] Value : [0]
Found Element By : By.xpath: //select[contains(@name,&apos;PolicyContactRolePanelSet-DriverNumberOfAccidents&apos;)]
Found Element By : By.xpath: //select[contains(@name,&apos;PolicyContactRolePanelSet-DriverNumberOfAccidents&apos;)]
Found Element By : By.xpath: .//option[normalize-space(.) = &quot;0&quot;]
Element : By.xpath: //select[contains(@name,&apos;PolicyContactRolePanelSet-DriverNumberOfAccidents&apos;)] command : [selectByVisibleText] Value : [0]
Found Element By : By.xpath: //select[contains(@name,&apos;PolicyContactRolePanelSet-PolicyDriverNumberOfViolations&apos;)]
Found Element By : By.xpath: //select[contains(@name,&apos;PolicyContactRolePanelSet-PolicyDriverNumberOfViolations&apos;)]
Found Element By : By.xpath: .//option[normalize-space(.) = &quot;0&quot;]
Element : By.xpath: //select[contains(@name,&apos;PolicyContactRolePanelSet-PolicyDriverNumberOfViolations&apos;)] command : [selectByVisibleText] Value : [0]
Found Element By : By.xpath: //select[contains(@name,&apos;PolicyContactRolePanelSet-DriverNumberOfViolations&apos;)]
Found Element By : By.xpath: //select[contains(@name,&apos;PolicyContactRolePanelSet-DriverNumberOfViolations&apos;)]
Found Element By : By.xpath: .//option[normalize-space(.) = &quot;0&quot;]
Element : By.xpath: //select[contains(@name,&apos;PolicyContactRolePanelSet-DriverNumberOfViolations&apos;)] command : [selectByVisibleText] Value : [0]
Found Element By : By.xpath: //div[@id=&apos;gw-center-title-toolbar&apos;]//div[contains(@class,&apos;gw-ToolbarButtonWidget&apos;)]/div[@role=&apos;button&apos;]//div[@class=&apos;gw-label&apos; and text()=&apos;Next&apos;]
Found Element By : By.xpath: //div[@id=&apos;gw-center-title-toolbar&apos;]//div[contains(@class,&apos;gw-ToolbarButtonWidget&apos;)]/div[@role=&apos;button&apos;]//div[@class=&apos;gw-label&apos; and text()=&apos;Next&apos;]
Element : By.xpath: //div[@id=&apos;gw-center-title-toolbar&apos;]//div[contains(@class,&apos;gw-ToolbarButtonWidget&apos;)]/div[@role=&apos;button&apos;]//div[@class=&apos;gw-label&apos; and text()=&apos;Next&apos;] command : [clickAndwait] Value : []
 executeQuery   strQuery = Select * from vehicles WHERE PrimaryKey=&apos;AUT_PA_PC_Rewrite_NewTerm_01&apos;
Found Element By : By.xpath: //div[contains(@class,&apos;gw-isScreenTitle&apos;)]//div[@class=&apos;gw-TitleBar--title&apos; and @role=&apos;heading&apos;]
Found Element By : By.xpath: //div[contains(@class,&apos;gw-isScreenTitle&apos;)]//div[@class=&apos;gw-TitleBar--title&apos; and @role=&apos;heading&apos;]
Found Element By : By.xpath: //div[contains(@class,&apos;gw-isScreenTitle&apos;)]//div[@class=&apos;gw-TitleBar--title&apos; and @role=&apos;heading&apos;]
Found Element By : By.xpath: //div[contains(@class,&apos;gw-isScreenTitle&apos;)]//div[@class=&apos;gw-TitleBar--title&apos; and @role=&apos;heading&apos;]
Screen Header =&gt; Actual = [Vehicles] equals Expected = [Vehicles]
Found Element By : By.xpath: //div[contains(@id,&apos;VehiclesListDetailPanel_tb-Add&apos;)]//div[@class=&apos;gw-label&apos;]
Found Element By : By.xpath: //div[contains(@id,&apos;VehiclesListDetailPanel_tb-Add&apos;)]//div[@class=&apos;gw-label&apos;]
Element : By.xpath: //div[contains(@id,&apos;VehiclesListDetailPanel_tb-Add&apos;)]//div[@class=&apos;gw-label&apos;] command : [click] Value : [NA]
Found Element By : By.xpath: //div[contains(@id,&apos;VehiclesDetailsCV-VehicleDetailCardTab&apos;)]
Found Element By : By.xpath: //div[contains(@id,&apos;VehiclesDetailsCV-VehicleDetailCardTab&apos;)]
Element : By.xpath: //div[contains(@id,&apos;VehiclesDetailsCV-VehicleDetailCardTab&apos;)] command : [click] Value : [NA]
Found Element By : By.xpath: //div[contains(@class,&apos;gw-LabelWidget&apos;)]/div[contains(@class,&apos;gw-label&apos;) and text()=&apos;Basic Vehicle Information&apos;]
Found Element By : By.xpath: //div[contains(@class,&apos;gw-LabelWidget&apos;)]/div[contains(@class,&apos;gw-label&apos;) and text()=&apos;Basic Vehicle Information&apos;]
Found Element By : By.xpath: //div[contains(@class,&apos;gw-LabelWidget&apos;)]/div[contains(@class,&apos;gw-label&apos;) and text()=&apos;Basic Vehicle Information&apos;]
Found Element By : By.xpath: //div[contains(@class,&apos;gw-LabelWidget&apos;)]/div[contains(@class,&apos;gw-label&apos;) and text()=&apos;Basic Vehicle Information&apos;]
Basic Vehicle Information =&gt; Actual = [Basic Vehicle Information] equals Expected = [Basic Vehicle Information]
Found Element By : By.xpath: //select[contains(@name,&apos;VehiclesDetailsCV-PersonalAuto_VehicleDV-Type_DV&apos;)]
Found Element By : By.xpath: //select[contains(@name,&apos;VehiclesDetailsCV-PersonalAuto_VehicleDV-Type_DV&apos;)]
Found Element By : By.xpath: .//option[normalize-space(.) = &quot;Passenger/Light Truck&quot;]
Element : By.xpath: //select[contains(@name,&apos;VehiclesDetailsCV-PersonalAuto_VehicleDV-Type_DV&apos;)] command : [selectByVisibleText] Value : [Passenger/Light Truck]
Found Element By : By.xpath: //input[contains(@name,&apos;VehiclesDetailsCV-PersonalAuto_VehicleDV-Vin_DV&apos;)]
Found Element By : By.xpath: //input[contains(@name,&apos;VehiclesDetailsCV-PersonalAuto_VehicleDV-Vin_DV&apos;)]
Element : By.xpath: //input[contains(@name,&apos;VehiclesDetailsCV-PersonalAuto_VehicleDV-Vin_DV&apos;)] command : [sendKeys] Value : [2B4FK45J3KR414383]
Found Element By : By.xpath: //select[contains(@name, &apos;VehiclesDetailsCV-PersonalAuto_VehicleDV-BodyType_DV&apos;)]
Found Element By : By.xpath: //select[contains(@name, &apos;VehiclesDetailsCV-PersonalAuto_VehicleDV-BodyType_DV&apos;)]
Found Element By : By.xpath: .//option[normalize-space(.) = &quot;SUV&quot;]
Element : By.xpath: //select[contains(@name, &apos;VehiclesDetailsCV-PersonalAuto_VehicleDV-BodyType_DV&apos;)] command : [selectByVisibleText] Value : [SUV]
Found Element By : By.xpath: //select[contains(@name, &apos;VehiclesDetailsCV-PersonalAuto_VehicleDV-LicenseState_DV&apos;)]
Found Element By : By.xpath: //select[contains(@name, &apos;VehiclesDetailsCV-PersonalAuto_VehicleDV-LicenseState_DV&apos;)]
Found Element By : By.xpath: .//option[normalize-space(.) = &quot;Alaska&quot;]
Element : By.xpath: //select[contains(@name, &apos;VehiclesDetailsCV-PersonalAuto_VehicleDV-LicenseState_DV&apos;)] command : [selectByVisibleText] Value : [Alaska]
Found Element By : By.xpath: //input[contains(@name,&apos;VehiclesDetailsCV-PersonalAuto_VehicleDV-CostNew_DV&apos;)]
Found Element By : By.xpath: //input[contains(@name,&apos;VehiclesDetailsCV-PersonalAuto_VehicleDV-CostNew_DV&apos;)]
Element : By.xpath: //input[contains(@name,&apos;VehiclesDetailsCV-PersonalAuto_VehicleDV-CostNew_DV&apos;)] command : [sendKeys] Value : [10000]
Found Element By : By.xpath: //input[contains(@name,&apos;PersonalAuto_VehicleDV-StatedValue_DV&apos;)]
Found Element By : By.xpath: //input[contains(@name,&apos;PersonalAuto_VehicleDV-StatedValue_DV&apos;)]
Element : By.xpath: //input[contains(@name,&apos;PersonalAuto_VehicleDV-StatedValue_DV&apos;)] command : [sendKeys] Value : [5000]
Found Element By : By.xpath: //input[contains(@name,&apos;PersonalAuto_VehicleDV-annualmiles_DV&apos;)]
Found Element By : By.xpath: //input[contains(@name,&apos;PersonalAuto_VehicleDV-annualmiles_DV&apos;)]
Element : By.xpath: //input[contains(@name,&apos;PersonalAuto_VehicleDV-annualmiles_DV&apos;)] command : [sendKeys] Value : [2345]
Found Element By : By.xpath: //select[contains(@name,&apos;PersonalAuto_VehicleDV-primaryuse_DV&apos;)]
Found Element By : By.xpath: //select[contains(@name,&apos;PersonalAuto_VehicleDV-primaryuse_DV&apos;)]
Element : By.xpath: //select[contains(@name,&apos;PersonalAuto_VehicleDV-primaryuse_DV&apos;)] command : [sendKeys] Value : [Pleasure]
Found Element By : By.xpath: //div[contains(@class,&apos;gw-LabelWidget&apos;)]/div[contains(@class,&apos;gw-label&apos;) and text()=&apos;Vehicle Rate Modifiers&apos;]
Found Element By : By.xpath: //div[contains(@class,&apos;gw-LabelWidget&apos;)]/div[contains(@class,&apos;gw-label&apos;) and text()=&apos;Vehicle Rate Modifiers&apos;]
Found Element By : By.xpath: //div[contains(@class,&apos;gw-LabelWidget&apos;)]/div[contains(@class,&apos;gw-label&apos;) and text()=&apos;Vehicle Rate Modifiers&apos;]
Found Element By : By.xpath: //div[contains(@class,&apos;gw-LabelWidget&apos;)]/div[contains(@class,&apos;gw-label&apos;) and text()=&apos;Vehicle Rate Modifiers&apos;]
Vehicle Rate Modifiers =&gt; Actual = [Vehicle Rate Modifiers] equals Expected = [Vehicle Rate Modifiers]
Found Element By : By.xpath: //input[contains(@id,&apos;PAVehicleModifiersInputSet-0-BooleanModifier_1&apos;)]
Found Element By : By.xpath: //input[contains(@id,&apos;PAVehicleModifiersInputSet-0-BooleanModifier_1&apos;)]
Element : By.xpath: //input[contains(@id,&apos;PAVehicleModifiersInputSet-0-BooleanModifier_1&apos;)] command : [click] Value : [No]
Found Element By : By.xpath: //select[contains(@name,&apos;PAVehicleModifiersInputSet-1-TypeKeyModifier&apos;)]
Found Element By : By.xpath: //select[contains(@name,&apos;PAVehicleModifiersInputSet-1-TypeKeyModifier&apos;)]
Element : By.xpath: //select[contains(@name,&apos;PAVehicleModifiersInputSet-1-TypeKeyModifier&apos;)] command : [sendKeys] Value : [No]
Found Element By : By.xpath: //select[contains(@name,&apos;PAVehicleModifiersInputSet-2-TypeKeyModifier&apos;)]
Found Element By : By.xpath: //select[contains(@name,&apos;PAVehicleModifiersInputSet-2-TypeKeyModifier&apos;)]
Element : By.xpath: //select[contains(@name,&apos;PAVehicleModifiersInputSet-2-TypeKeyModifier&apos;)] command : [sendKeys] Value : [None]
 executeQuery   strQuery = Select * from vehicles WHERE PrimaryKey=&apos;AUT_PA_PC_Rewrite_NewTerm_01&apos;
Found Element By : By.xpath: //div[contains(@class,&apos;gw-LabelWidget&apos;)]/div[contains(@class,&apos;gw-label&apos;) and text()=&apos;Assign Drivers to Vehicles&apos;]
Found Element By : By.xpath: //div[contains(@class,&apos;gw-LabelWidget&apos;)]/div[contains(@class,&apos;gw-label&apos;) and text()=&apos;Assign Drivers to Vehicles&apos;]
Found Element By : By.xpath: //div[contains(@class,&apos;gw-LabelWidget&apos;)]/div[contains(@class,&apos;gw-label&apos;) and text()=&apos;Assign Drivers to Vehicles&apos;]
Found Element By : By.xpath: //div[contains(@class,&apos;gw-LabelWidget&apos;)]/div[contains(@class,&apos;gw-label&apos;) and text()=&apos;Assign Drivers to Vehicles&apos;]
Assign Drivers to Vehicles =&gt; Actual = [Assign Drivers to Vehicles] equals Expected = [Assign Drivers to Vehicles]
Found Element By : By.xpath: //div[contains(@class,&apos;gw-LabelWidget&apos;)]/div[contains(@class,&apos;gw-label&apos;) and text()=&apos;What percentage does each driver use this vehicle?&apos;]
Found Element By : By.xpath: //div[contains(@class,&apos;gw-LabelWidget&apos;)]/div[contains(@class,&apos;gw-label&apos;) and text()=&apos;What percentage does each driver use this vehicle?&apos;]
Found Element By : By.xpath: //div[contains(@class,&apos;gw-LabelWidget&apos;)]/div[contains(@class,&apos;gw-label&apos;) and text()=&apos;What percentage does each driver use this vehicle?&apos;]
Found Element By : By.xpath: //div[contains(@class,&apos;gw-LabelWidget&apos;)]/div[contains(@class,&apos;gw-label&apos;) and text()=&apos;What percentage does each driver use this vehicle?&apos;]
What percentage does each driver use this vehicle? =&gt; Actual = [What percentage does each driver use this vehicle?] equals Expected = [What percentage does each driver use this vehicle?]
Found Element By : By.xpath: //div[contains(@id,&apos;PersonalAuto_AssignDriversInputSet-DriverPctLV_tb-Add&apos;)]/div[@role=&apos;button&apos;]
Found Element By : By.xpath: //div[contains(@id,&apos;PersonalAuto_AssignDriversInputSet-DriverPctLV_tb-Add&apos;)]/div[@role=&apos;button&apos;]
Element : By.xpath: //div[contains(@id,&apos;PersonalAuto_AssignDriversInputSet-DriverPctLV_tb-Add&apos;)]/div[@role=&apos;button&apos;] command : [clickAndwait] Value : []
Found Element By : By.xpath: //div[@class=&apos;gw-subMenu gw-open&apos;]//div[contains(@id,&apos;DriverPctLV_tb-AddDriver&apos;) and contains(@class,&apos;gw-AddMenuItemWidget&apos;)]//div[@class=&apos;gw-label&apos; and text()=&apos;fphlQdKnj Automation&apos;]
Found Element By : By.xpath: //div[@class=&apos;gw-subMenu gw-open&apos;]//div[contains(@id,&apos;DriverPctLV_tb-AddDriver&apos;) and contains(@class,&apos;gw-AddMenuItemWidget&apos;)]//div[@class=&apos;gw-label&apos; and text()=&apos;fphlQdKnj Automation&apos;]
Element : By.xpath: //div[@class=&apos;gw-subMenu gw-open&apos;]//div[contains(@id,&apos;DriverPctLV_tb-AddDriver&apos;) and contains(@class,&apos;gw-AddMenuItemWidget&apos;)]//div[@class=&apos;gw-label&apos; and text()=&apos;fphlQdKnj Automation&apos;] command : [clickAndwait] Value : [fphlQdKnj Automation]
Found Element By : By.xpath: //div[@id=&apos;gw-center-title-toolbar&apos;]//div[contains(@class,&apos;gw-ToolbarButtonWidget&apos;)]/div[@role=&apos;button&apos;]//div[@class=&apos;gw-label&apos; and text()=&apos;Next&apos;]
Found Element By : By.xpath: //div[@id=&apos;gw-center-title-toolbar&apos;]//div[contains(@class,&apos;gw-ToolbarButtonWidget&apos;)]/div[@role=&apos;button&apos;]//div[@class=&apos;gw-label&apos; and text()=&apos;Next&apos;]
Element : By.xpath: //div[@id=&apos;gw-center-title-toolbar&apos;]//div[contains(@class,&apos;gw-ToolbarButtonWidget&apos;)]/div[@role=&apos;button&apos;]//div[@class=&apos;gw-label&apos; and text()=&apos;Next&apos;] command : [clickAndwait] Value : []
 executeQuery   strQuery = Select * from paCoverages WHERE PrimaryKey=&apos;AUT_PA_PC_Rewrite_NewTerm_01&apos;
Found Element By : By.xpath: //div[contains(@class,&apos;gw-isScreenTitle&apos;)]//div[@class=&apos;gw-TitleBar--title&apos; and @role=&apos;heading&apos;]
Found Element By : By.xpath: //div[contains(@class,&apos;gw-isScreenTitle&apos;)]//div[@class=&apos;gw-TitleBar--title&apos; and @role=&apos;heading&apos;]
Found Element By : By.xpath: //div[contains(@class,&apos;gw-isScreenTitle&apos;)]//div[@class=&apos;gw-TitleBar--title&apos; and @role=&apos;heading&apos;]
Found Element By : By.xpath: //div[contains(@class,&apos;gw-isScreenTitle&apos;)]//div[@class=&apos;gw-TitleBar--title&apos; and @role=&apos;heading&apos;]
Screen_Header =&gt; Actual = [PA Coverages] equals Expected = [PA Coverages]
Found Element By : By.xpath: //div[contains(@id,&apos;PersonalAutoScreen-CoveragesTab&apos;)]
Found Element By : By.xpath: //div[contains(@id,&apos;PersonalAutoScreen-CoveragesTab&apos;)]
Element : By.xpath: //div[contains(@id,&apos;PersonalAutoScreen-CoveragesTab&apos;)] command : [click] Value : []
Found Element By : By.xpath: //div[contains(@class,&apos;gw-TitleBarWidget&apos;)]//div[@class=&apos;gw-TitleBar--title&apos; and @role=&apos;heading&apos; and contains(text(),&apos;Coverages applied to all vehicles&apos;)]
Found Element By : By.xpath: //div[contains(@class,&apos;gw-TitleBarWidget&apos;)]//div[@class=&apos;gw-TitleBar--title&apos; and @role=&apos;heading&apos; and contains(text(),&apos;Coverages applied to all vehicles&apos;)]
Found Element By : By.xpath: //div[contains(@class,&apos;gw-TitleBarWidget&apos;)]//div[@class=&apos;gw-TitleBar--title&apos; and @role=&apos;heading&apos; and contains(text(),&apos;Coverages applied to all vehicles&apos;)]
Coverages applied to all vehicles =&gt; Actual = [Coverages applied to all vehicles in Alaska] contains Expected = [Coverages applied to all vehicles]
Found Element By : By.xpath: //div[@role=&apos;heading&apos; and text()=&apos;Liability - Bodily Injury and Property Damage&apos;]/preceding-sibling::div//input[contains(@name,&apos;CoverageInputSet-CovPatternInputGroup&apos;)]
Found Element By : By.xpath: //div[@role=&apos;heading&apos; and text()=&apos;Liability - Bodily Injury and Property Damage&apos;]/preceding-sibling::div//input[contains(@name,&apos;CoverageInputSet-CovPatternInputGroup&apos;)]
Liability - Bodily Injury and Property Damage =&gt; Actual = [isDisabled] isDisabled Expected = [Verify]
Found Element By : By.xpath: //div[@class=&apos;gw-label&apos; and text()=&apos;Auto Liability Package&apos;]/parent::div//select[contains(@name,&apos;CoverageInputSet&apos;)]
Found Element By : By.xpath: //div[@class=&apos;gw-label&apos; and text()=&apos;Auto Liability Package&apos;]/parent::div//select[contains(@name,&apos;CoverageInputSet&apos;)]
Element : By.xpath: //div[@class=&apos;gw-label&apos; and text()=&apos;Auto Liability Package&apos;]/parent::div//select[contains(@name,&apos;CoverageInputSet&apos;)] command : [FirstSelectedOptionEquals] Value : [250/500/100]
Found Element By : By.xpath: //div[@role=&apos;heading&apos; and text()=&apos;Medical Payments&apos;]/preceding-sibling::div//input[contains(@name,&apos;CoverageInputSet-CovPatternInputGroup&apos;)]
Found Element By : By.xpath: //div[@role=&apos;heading&apos; and text()=&apos;Medical Payments&apos;]/preceding-sibling::div//input[contains(@name,&apos;CoverageInputSet-CovPatternInputGroup&apos;)]
Found Element By : By.xpath: //div[@role=&apos;heading&apos; and text()=&apos;Medical Payments&apos;]/preceding-sibling::div//input[contains(@name,&apos;CoverageInputSet-CovPatternInputGroup&apos;)]
Found Element By : By.xpath: //div[@role=&apos;heading&apos; and text()=&apos;Medical Payments&apos;]/preceding-sibling::div//input[contains(@name,&apos;CoverageInputSet-CovPatternInputGroup&apos;)]
Medical Payments =&gt; Actual = [isDisabled] isSelected Expected = [Verify]
Found Element By : By.xpath: //div[@class=&apos;gw-label&apos; and text()=&apos;Medical Limit&apos;]/parent::div//select[contains(@name,&apos;CoverageInputSet&apos;)]
Found Element By : By.xpath: //div[@class=&apos;gw-label&apos; and text()=&apos;Medical Limit&apos;]/parent::div//select[contains(@name,&apos;CoverageInputSet&apos;)]
Found Element By : By.xpath: //div[@class=&apos;gw-label&apos; and text()=&apos;Medical Limit&apos;]/parent::div//select[contains(@name,&apos;CoverageInputSet&apos;)]
Found Element By : By.tagName: option
Medical Limit =&gt; Actual = [5,000] FirstSelectedOptionEquals Expected = [5,000]
Found Element By : By.xpath: //div[@role=&apos;heading&apos; and text()=&apos;Uninsured Motorist - Bodily Injury&apos;]/preceding-sibling::div//input[contains(@name,&apos;CoverageInputSet-CovPatternInputGroup&apos;)]
Found Element By : By.xpath: //div[@role=&apos;heading&apos; and text()=&apos;Uninsured Motorist - Bodily Injury&apos;]/preceding-sibling::div//input[contains(@name,&apos;CoverageInputSet-CovPatternInputGroup&apos;)]
Found Element By : By.xpath: //div[@role=&apos;heading&apos; and text()=&apos;Uninsured Motorist - Bodily Injury&apos;]/preceding-sibling::div//input[contains(@name,&apos;CoverageInputSet-CovPatternInputGroup&apos;)]
Found Element By : By.xpath: //div[@role=&apos;heading&apos; and text()=&apos;Uninsured Motorist - Bodily Injury&apos;]/preceding-sibling::div//input[contains(@name,&apos;CoverageInputSet-CovPatternInputGroup&apos;)]
Uninsured Motorist - Bodily Injury =&gt; Actual = [isDisabled] isSelected Expected = [Verify]
Found Element By : By.xpath: //div[@class=&apos;gw-label&apos; and text()=&apos;Uninsured Motorist - BI Limits&apos;]/parent::div//select[contains(@name,&apos;CoverageInputSet&apos;)]
Found Element By : By.xpath: //div[@class=&apos;gw-label&apos; and text()=&apos;Uninsured Motorist - BI Limits&apos;]/parent::div//select[contains(@name,&apos;CoverageInputSet&apos;)]
Found Element By : By.xpath: //div[@class=&apos;gw-label&apos; and text()=&apos;Uninsured Motorist - BI Limits&apos;]/parent::div//select[contains(@name,&apos;CoverageInputSet&apos;)]
Found Element By : By.tagName: option
Uninsured Motorist - BI Limits =&gt; Actual = [50/100] FirstSelectedOptionEquals Expected = [50/100]
 executeQuery   strQuery = Select * from paCoverages WHERE PrimaryKey=&apos;AUT_PA_PC_Rewrite_NewTerm_01&apos;
Found Element By : By.xpath: //div[contains(@class,&apos;gw-isScreenTitle&apos;)]//div[@class=&apos;gw-TitleBar--title&apos; and @role=&apos;heading&apos;]
Found Element By : By.xpath: //div[contains(@class,&apos;gw-isScreenTitle&apos;)]//div[@class=&apos;gw-TitleBar--title&apos; and @role=&apos;heading&apos;]
Found Element By : By.xpath: //div[contains(@class,&apos;gw-isScreenTitle&apos;)]//div[@class=&apos;gw-TitleBar--title&apos; and @role=&apos;heading&apos;]
Found Element By : By.xpath: //div[contains(@class,&apos;gw-isScreenTitle&apos;)]//div[@class=&apos;gw-TitleBar--title&apos; and @role=&apos;heading&apos;]
Screen_Header =&gt; Actual = [PA Coverages] equals Expected = [PA Coverages]
Found Element By : By.xpath: //div[contains(@id,&apos;PersonalAutoScreen-CoveragesTab&apos;)]
Found Element By : By.xpath: //div[contains(@id,&apos;PersonalAutoScreen-CoveragesTab&apos;)]
Element : By.xpath: //div[contains(@id,&apos;PersonalAutoScreen-CoveragesTab&apos;)] command : [click] Value : []
Found Element By : By.xpath: //div[contains(@class,&apos;gw-TitleBarWidget&apos;)]//div[@class=&apos;gw-TitleBar--title&apos; and @role=&apos;heading&apos; and contains(text(),&apos;Coverages applied per vehicle in&apos;)]
Found Element By : By.xpath: //div[contains(@class,&apos;gw-TitleBarWidget&apos;)]//div[@class=&apos;gw-TitleBar--title&apos; and @role=&apos;heading&apos; and contains(text(),&apos;Coverages applied per vehicle in&apos;)]
Found Element By : By.xpath: //div[contains(@class,&apos;gw-TitleBarWidget&apos;)]//div[@class=&apos;gw-TitleBar--title&apos; and @role=&apos;heading&apos; and contains(text(),&apos;Coverages applied per vehicle in&apos;)]
Coverages applied per vehicle in =&gt; Actual = [Coverages applied per vehicle in Alaska] contains Expected = [Coverages applied per vehicle in]
Found Element By : By.xpath: //div[@role=&apos;heading&apos; and text()=&apos;Comprehensive&apos;]/preceding-sibling::div//input[contains(@name,&apos;CoverageInputSet-CovPatternInputGroup&apos;)]
Found Element By : By.xpath: //div[@role=&apos;heading&apos; and text()=&apos;Comprehensive&apos;]/preceding-sibling::div//input[contains(@name,&apos;CoverageInputSet-CovPatternInputGroup&apos;)]
Found Element By : By.xpath: //div[@role=&apos;heading&apos; and text()=&apos;Comprehensive&apos;]/preceding-sibling::div//input[contains(@name,&apos;CoverageInputSet-CovPatternInputGroup&apos;)]
Found Element By : By.xpath: //div[@role=&apos;heading&apos; and text()=&apos;Comprehensive&apos;]/preceding-sibling::div//input[contains(@name,&apos;CoverageInputSet-CovPatternInputGroup&apos;)]
Comprehensive =&gt; Actual = [isDisabled] isSelected Expected = [Verify]
Found Element By : By.xpath: //div[@class=&apos;gw-label&apos; and text()=&apos;Comprehensive Deductible&apos;]/parent::div//select[contains(@name,&apos;CoverageInputSet&apos;)]
Found Element By : By.xpath: //div[@class=&apos;gw-label&apos; and text()=&apos;Comprehensive Deductible&apos;]/parent::div//select[contains(@name,&apos;CoverageInputSet&apos;)]
Found Element By : By.xpath: //div[@class=&apos;gw-label&apos; and text()=&apos;Comprehensive Deductible&apos;]/parent::div//select[contains(@name,&apos;CoverageInputSet&apos;)]
Found Element By : By.tagName: option
Comprehensive Deductible =&gt; Actual = [500] FirstSelectedOptionEquals Expected = [500]
Found Element By : By.xpath: //div[@id=&apos;gw-center-title-toolbar&apos;]//div[contains(@class,&apos;gw-ToolbarButtonWidget&apos;)]/div[@role=&apos;button&apos;]//div[@class=&apos;gw-label&apos; and text()=&apos;Next&apos;]
Found Element By : By.xpath: //div[@id=&apos;gw-center-title-toolbar&apos;]//div[contains(@class,&apos;gw-ToolbarButtonWidget&apos;)]/div[@role=&apos;button&apos;]//div[@class=&apos;gw-label&apos; and text()=&apos;Next&apos;]
Element : By.xpath: //div[@id=&apos;gw-center-title-toolbar&apos;]//div[contains(@class,&apos;gw-ToolbarButtonWidget&apos;)]/div[@role=&apos;button&apos;]//div[@class=&apos;gw-label&apos; and text()=&apos;Next&apos;] command : [clickAndwait] Value : []
Found Element By : By.xpath: //div[contains(@class,&apos;gw-isScreenTitle&apos;)]//div[@class=&apos;gw-TitleBar--title&apos; and @role=&apos;heading&apos;]
Found Element By : By.xpath: //div[contains(@class,&apos;gw-isScreenTitle&apos;)]//div[@class=&apos;gw-TitleBar--title&apos; and @role=&apos;heading&apos;]
Found Element By : By.xpath: //div[contains(@class,&apos;gw-isScreenTitle&apos;)]//div[@class=&apos;gw-TitleBar--title&apos; and @role=&apos;heading&apos;]
Found Element By : By.xpath: //div[contains(@class,&apos;gw-isScreenTitle&apos;)]//div[@class=&apos;gw-TitleBar--title&apos; and @role=&apos;heading&apos;]
Screen Header =&gt; Actual = [Risk Analysis] equals Expected = [Risk Analysis]
Found Element By : By.xpath: //div[contains(@id,&apos;RiskAnalysisCV_tb-AddManualIssue&apos;)]//div[@class=&apos;gw-label&apos; and text()=&apos;Add UW Issue&apos;]
Found Element By : By.xpath: //div[contains(@id,&apos;RiskAnalysisCV_tb-AddManualIssue&apos;)]//div[@class=&apos;gw-label&apos; and text()=&apos;Add UW Issue&apos;]
Add UWIssue =&gt; Actual = [null] isDisplayed Expected = [true]
Found Element By : By.xpath: //div[contains(@id,&apos;RiskAnalysisCV_tb-AddNewContingencyButton&apos;)]//div[@class=&apos;gw-label&apos; and text()=&apos;Add Contingency&apos;]
Found Element By : By.xpath: //div[contains(@id,&apos;RiskAnalysisCV_tb-AddNewContingencyButton&apos;)]//div[@class=&apos;gw-label&apos; and text()=&apos;Add Contingency&apos;]
Add Contingency =&gt; Actual = [null] isDisplayed Expected = [true]
Found Element By : By.xpath: //div[@class=&apos;gw-label&apos; and text()=&apos;Request Approval&apos;]
Found Element By : By.xpath: //div[@class=&apos;gw-label&apos; and text()=&apos;Request Approval&apos;]
Request Approval =&gt; Actual = [null] isDisplayed Expected = [true]
Found Element By : By.xpath: //div[@id=&apos;gw-center-title-toolbar&apos;]//div[contains(@class,&apos;gw-ToolbarButtonWidget&apos;)]/div[@role=&apos;button&apos;]//div[@class=&apos;gw-label&apos; and text()=&apos;Next&apos;]
Found Element By : By.xpath: //div[@id=&apos;gw-center-title-toolbar&apos;]//div[contains(@class,&apos;gw-ToolbarButtonWidget&apos;)]/div[@role=&apos;button&apos;]//div[@class=&apos;gw-label&apos; and text()=&apos;Next&apos;]
Element : By.xpath: //div[@id=&apos;gw-center-title-toolbar&apos;]//div[contains(@class,&apos;gw-ToolbarButtonWidget&apos;)]/div[@role=&apos;button&apos;]//div[@class=&apos;gw-label&apos; and text()=&apos;Next&apos;] command : [clickAndwait] Value : []
 executeQuery   strQuery = Select * from policyReview WHERE PrimaryKey=&apos;AUT_PA_PC_Rewrite_NewTerm_01&apos;
Found Element By : By.xpath: //div[contains(@class,&apos;gw-isScreenTitle&apos;)]//div[@class=&apos;gw-TitleBar--title&apos; and @role=&apos;heading&apos;]
Found Element By : By.xpath: //div[contains(@class,&apos;gw-isScreenTitle&apos;)]//div[@class=&apos;gw-TitleBar--title&apos; and @role=&apos;heading&apos;]
Found Element By : By.xpath: //div[contains(@class,&apos;gw-isScreenTitle&apos;)]//div[@class=&apos;gw-TitleBar--title&apos; and @role=&apos;heading&apos;]
Found Element By : By.xpath: //div[contains(@class,&apos;gw-isScreenTitle&apos;)]//div[@class=&apos;gw-TitleBar--title&apos; and @role=&apos;heading&apos;]
Screen Header =&gt; Actual = [Policy Review] equals Expected = [Policy Review]
Found Element By : By.xpath: //div[contains(@id,&apos;ReviewSummaryDV-PrimaryNamedInsured&apos;)]//div[@class=&apos;gw-value-readonly-wrapper&apos;]
Found Element By : By.xpath: //div[contains(@id,&apos;ReviewSummaryDV-PrimaryNamedInsured&apos;)]//div[@class=&apos;gw-value-readonly-wrapper&apos;]
Found Element By : By.xpath: //div[contains(@id,&apos;ReviewSummaryDV-PrimaryNamedInsured&apos;)]//div[@class=&apos;gw-value-readonly-wrapper&apos;]
Found Element By : By.xpath: //div[contains(@id,&apos;ReviewSummaryDV-PrimaryNamedInsured&apos;)]//div[@class=&apos;gw-value-readonly-wrapper&apos;]
Primary Named Insured =&gt; Actual = [fphlQdKnj Automation] equals Expected = [fphlQdKnj Automation]
Found Element By : By.xpath: //div[contains(@id,&apos;GlobalAddressInputSet-County&apos;)]//div[@class=&apos;gw-value-readonly-wrapper&apos;]
Found Element By : By.xpath: //div[contains(@id,&apos;GlobalAddressInputSet-County&apos;)]//div[@class=&apos;gw-value-readonly-wrapper&apos;]
Found Element By : By.xpath: //div[contains(@id,&apos;GlobalAddressInputSet-County&apos;)]//div[@class=&apos;gw-value-readonly-wrapper&apos;]
Found Element By : By.xpath: //div[contains(@id,&apos;GlobalAddressInputSet-County&apos;)]//div[@class=&apos;gw-value-readonly-wrapper&apos;]
County =&gt; Actual = [Anchorage] equals Expected = [Anchorage]
Found Element By : By.xpath: //div[contains(@id,&apos;PolicyAddressDisplayInputSet-AddressType&apos;) and contains(@class,&apos;gw-ValueWidget&apos;)]//div[@class=&apos;gw-label&apos;]
Found Element By : By.xpath: //div[contains(@id,&apos;PolicyAddressDisplayInputSet-AddressType&apos;) and contains(@class,&apos;gw-ValueWidget&apos;)]//div[@class=&apos;gw-label&apos;]
Found Element By : By.xpath: //div[contains(@id,&apos;PolicyAddressDisplayInputSet-AddressType&apos;) and contains(@class,&apos;gw-ValueWidget&apos;)]//div[@class=&apos;gw-label&apos;]
Address Type =&gt; Actual = [Home] contains Expected = [Home]
Found Element By : By.xpath: //div[contains(@id,&apos;SubmissionWizard_ReviewSummaryDV-Product&apos;)]//div[@class=&apos;gw-value-readonly-wrapper&apos;]
Found Element By : By.xpath: //div[contains(@id,&apos;SubmissionWizard_ReviewSummaryDV-Product&apos;)]//div[@class=&apos;gw-value-readonly-wrapper&apos;]
Found Element By : By.xpath: //div[contains(@id,&apos;SubmissionWizard_ReviewSummaryDV-Product&apos;)]//div[@class=&apos;gw-value-readonly-wrapper&apos;]
Found Element By : By.xpath: //div[contains(@id,&apos;SubmissionWizard_ReviewSummaryDV-Product&apos;)]//div[@class=&apos;gw-value-readonly-wrapper&apos;]
Product =&gt; Actual = [Personal Auto] equals Expected = [Personal Auto]
Found Element By : By.xpath: //div[contains(@id,&apos;SubmissionWizard_ReviewSummaryDV-EffectiveDate&apos;)]//div[@class=&apos;gw-value-readonly-wrapper&apos;]
Found Element By : By.xpath: //div[contains(@id,&apos;SubmissionWizard_ReviewSummaryDV-EffectiveDate&apos;)]//div[@class=&apos;gw-value-readonly-wrapper&apos;]
Found Element By : By.xpath: //div[contains(@id,&apos;SubmissionWizard_ReviewSummaryDV-EffectiveDate&apos;)]//div[@class=&apos;gw-value-readonly-wrapper&apos;]
Found Element By : By.xpath: //div[contains(@id,&apos;SubmissionWizard_ReviewSummaryDV-EffectiveDate&apos;)]//div[@class=&apos;gw-value-readonly-wrapper&apos;]
Effective Date =&gt; Actual = [06/02/2021] equals Expected = [06/02/2021]
Found Element By : By.xpath: //div[contains(@id,&apos;SubmissionWizard_ReviewSummaryDV-ExpirationDate_Input&apos;)]//div[@class=&apos;gw-value-readonly-wrapper&apos;]
Found Element By : By.xpath: //div[contains(@id,&apos;SubmissionWizard_ReviewSummaryDV-ExpirationDate_Input&apos;)]//div[@class=&apos;gw-value-readonly-wrapper&apos;]
Found Element By : By.xpath: //div[contains(@id,&apos;SubmissionWizard_ReviewSummaryDV-ExpirationDate_Input&apos;)]//div[@class=&apos;gw-value-readonly-wrapper&apos;]
Found Element By : By.xpath: //div[contains(@id,&apos;SubmissionWizard_ReviewSummaryDV-ExpirationDate_Input&apos;)]//div[@class=&apos;gw-value-readonly-wrapper&apos;]
Expiration Date =&gt; Actual = [12/02/2021] equals Expected = [12/02/2021]
 executeQuery   strQuery = Select * from policyReview WHERE PrimaryKey=&apos;AUT_PA_PC_Rewrite_NewTerm_01&apos;
Found Element By : By.xpath: //div[@class=&apos;gw-TitleBar--title&apos; and @role=&apos;heading&apos; and text()=&apos;Personal Auto Line&apos;]
Found Element By : By.xpath: //div[@class=&apos;gw-TitleBar--title&apos; and @role=&apos;heading&apos; and text()=&apos;Personal Auto Line&apos;]
Found Element By : By.xpath: //div[@class=&apos;gw-TitleBar--title&apos; and @role=&apos;heading&apos; and text()=&apos;Personal Auto Line&apos;]
Found Element By : By.xpath: //div[@class=&apos;gw-TitleBar--title&apos; and @role=&apos;heading&apos; and text()=&apos;Personal Auto Line&apos;]
Personal Auto Line =&gt; Actual = [Personal Auto Line] equals Expected = [Personal Auto Line]
Found Element By : By.xpath: //div[@class=&apos;gw-TitleBar--title&apos; and @role=&apos;heading&apos; and text()=&apos;Policy Level Coverages&apos;]
Found Element By : By.xpath: //div[@class=&apos;gw-TitleBar--title&apos; and @role=&apos;heading&apos; and text()=&apos;Policy Level Coverages&apos;]
Found Element By : By.xpath: //div[@class=&apos;gw-TitleBar--title&apos; and @role=&apos;heading&apos; and text()=&apos;Policy Level Coverages&apos;]
Found Element By : By.xpath: //div[@class=&apos;gw-TitleBar--title&apos; and @role=&apos;heading&apos; and text()=&apos;Policy Level Coverages&apos;]
Policy Level Coverages =&gt; Actual = [Policy Level Coverages] equals Expected = [Policy Level Coverages]
Found Element By : By.xpath: //tr[contains(@class,&apos;gw-standard-row&apos;)]/td[contains(@id,&apos;Description_Cell&apos;)]//div[@class=&apos;gw-value-readonly-wrapper&apos; and text()=&apos;Auto Liability Package&apos;]
Found Element By : By.xpath: //tr[contains(@class,&apos;gw-standard-row&apos;)]/td[contains(@id,&apos;Description_Cell&apos;)]//div[@class=&apos;gw-value-readonly-wrapper&apos; and text()=&apos;Auto Liability Package&apos;]
Found Element By : By.xpath: //tr[contains(@class,&apos;gw-standard-row&apos;)]/td[contains(@id,&apos;Description_Cell&apos;)]//div[@class=&apos;gw-value-readonly-wrapper&apos; and text()=&apos;Auto Liability Package&apos;]
Found Element By : By.xpath: //tr[contains(@class,&apos;gw-standard-row&apos;)]/td[contains(@id,&apos;Description_Cell&apos;)]//div[@class=&apos;gw-value-readonly-wrapper&apos; and text()=&apos;Auto Liability Package&apos;]
Coverage - Auto Liability Package =&gt; Actual = [Auto Liability Package] equals Expected = [Auto Liability Package]
Found Element By : By.xpath: //div[@class=&apos;gw-value-readonly-wrapper&apos; and text()=&apos;Auto Liability Package&apos;]/ancestor::td[contains(@id,&apos;Description_Cell&apos;)]/following-sibling::td//div[@class=&apos;gw-value-readonly-wrapper&apos;]
Found Element By : By.xpath: //div[@class=&apos;gw-value-readonly-wrapper&apos; and text()=&apos;Auto Liability Package&apos;]/ancestor::td[contains(@id,&apos;Description_Cell&apos;)]/following-sibling::td//div[@class=&apos;gw-value-readonly-wrapper&apos;]
Found Element By : By.xpath: //div[@class=&apos;gw-value-readonly-wrapper&apos; and text()=&apos;Auto Liability Package&apos;]/ancestor::td[contains(@id,&apos;Description_Cell&apos;)]/following-sibling::td//div[@class=&apos;gw-value-readonly-wrapper&apos;]
Found Element By : By.xpath: //div[@class=&apos;gw-value-readonly-wrapper&apos; and text()=&apos;Auto Liability Package&apos;]/ancestor::td[contains(@id,&apos;Description_Cell&apos;)]/following-sibling::td//div[@class=&apos;gw-value-readonly-wrapper&apos;]
Auto Liability Package Value =&gt; Actual = [250/500/100] equals Expected = [250/500/100]
Found Element By : By.xpath: //tr[contains(@class,&apos;gw-standard-row&apos;)]/td[contains(@id,&apos;Description_Cell&apos;)]//div[@class=&apos;gw-value-readonly-wrapper&apos; and text()=&apos;Medical Limit&apos;]
Found Element By : By.xpath: //tr[contains(@class,&apos;gw-standard-row&apos;)]/td[contains(@id,&apos;Description_Cell&apos;)]//div[@class=&apos;gw-value-readonly-wrapper&apos; and text()=&apos;Medical Limit&apos;]
Found Element By : By.xpath: //tr[contains(@class,&apos;gw-standard-row&apos;)]/td[contains(@id,&apos;Description_Cell&apos;)]//div[@class=&apos;gw-value-readonly-wrapper&apos; and text()=&apos;Medical Limit&apos;]
Found Element By : By.xpath: //tr[contains(@class,&apos;gw-standard-row&apos;)]/td[contains(@id,&apos;Description_Cell&apos;)]//div[@class=&apos;gw-value-readonly-wrapper&apos; and text()=&apos;Medical Limit&apos;]
Coverage - Medical Limit Coverage =&gt; Actual = [Medical Limit] equals Expected = [Medical Limit]
Found Element By : By.xpath: //div[@class=&apos;gw-value-readonly-wrapper&apos; and text()=&apos;Medical Limit&apos;]/ancestor::td[contains(@id,&apos;Description_Cell&apos;)]/following-sibling::td//div[@class=&apos;gw-value-readonly-wrapper&apos;]
Found Element By : By.xpath: //div[@class=&apos;gw-value-readonly-wrapper&apos; and text()=&apos;Medical Limit&apos;]/ancestor::td[contains(@id,&apos;Description_Cell&apos;)]/following-sibling::td//div[@class=&apos;gw-value-readonly-wrapper&apos;]
Found Element By : By.xpath: //div[@class=&apos;gw-value-readonly-wrapper&apos; and text()=&apos;Medical Limit&apos;]/ancestor::td[contains(@id,&apos;Description_Cell&apos;)]/following-sibling::td//div[@class=&apos;gw-value-readonly-wrapper&apos;]
Found Element By : By.xpath: //div[@class=&apos;gw-value-readonly-wrapper&apos; and text()=&apos;Medical Limit&apos;]/ancestor::td[contains(@id,&apos;Description_Cell&apos;)]/following-sibling::td//div[@class=&apos;gw-value-readonly-wrapper&apos;]
Medical Limit Coverage Value =&gt; Actual = [5,000] equals Expected = [5,000]
 executeQuery   strQuery = Select * from policyReview WHERE PrimaryKey=&apos;AUT_PA_PC_Rewrite_NewTerm_01&apos;
Found Element By : By.xpath: //div[@class=&apos;gw-TitleBar--title&apos; and @role=&apos;heading&apos; and text()=&apos;Vehicle Level Coverages&apos;]
Found Element By : By.xpath: //div[@class=&apos;gw-TitleBar--title&apos; and @role=&apos;heading&apos; and text()=&apos;Vehicle Level Coverages&apos;]
Found Element By : By.xpath: //div[@class=&apos;gw-TitleBar--title&apos; and @role=&apos;heading&apos; and text()=&apos;Vehicle Level Coverages&apos;]
Found Element By : By.xpath: //div[@class=&apos;gw-TitleBar--title&apos; and @role=&apos;heading&apos; and text()=&apos;Vehicle Level Coverages&apos;]
Vehicle Level Coverages =&gt; Actual = [Vehicle Level Coverages] equals Expected = [Vehicle Level Coverages]
Found Element By : By.xpath: //div[@class=&apos;gw-TitleBar--title&apos; and @role=&apos;heading&apos; and text()=&apos;Garage 1&apos;]
Found Element By : By.xpath: //div[@class=&apos;gw-TitleBar--title&apos; and @role=&apos;heading&apos; and text()=&apos;Garage 1&apos;]
Found Element By : By.xpath: //div[@class=&apos;gw-TitleBar--title&apos; and @role=&apos;heading&apos; and text()=&apos;Garage 1&apos;]
Found Element By : By.xpath: //div[@class=&apos;gw-TitleBar--title&apos; and @role=&apos;heading&apos; and text()=&apos;Garage 1&apos;]
Garage 1 =&gt; Actual = [Garage 1] equals Expected = [Garage 1]
Found Element By : By.xpath: //div[@class=&apos;gw-TitleBar--title&apos; and @role=&apos;heading&apos; and text()=&apos;Vehicle 1&apos;]
Found Element By : By.xpath: //div[@class=&apos;gw-TitleBar--title&apos; and @role=&apos;heading&apos; and text()=&apos;Vehicle 1&apos;]
Found Element By : By.xpath: //div[@class=&apos;gw-TitleBar--title&apos; and @role=&apos;heading&apos; and text()=&apos;Vehicle 1&apos;]
Found Element By : By.xpath: //div[@class=&apos;gw-TitleBar--title&apos; and @role=&apos;heading&apos; and text()=&apos;Vehicle 1&apos;]
Vehicle 1 =&gt; Actual = [Vehicle 1] equals Expected = [Vehicle 1]
Found Element By : By.xpath: //div[@class=&apos;gw-VerbatimWidget--inner&apos; and contains(text(),&apos;Primary Driver&apos;)]
Found Element By : By.xpath: //div[@class=&apos;gw-VerbatimWidget--inner&apos; and contains(text(),&apos;Primary Driver&apos;)]
Found Element By : By.xpath: //div[@class=&apos;gw-VerbatimWidget--inner&apos; and contains(text(),&apos;Primary Driver&apos;)]
Primary Drivers =&gt; Actual = [Primary Driver: fphlQdKnj Automation] contains Expected = [fphlQdKnj Automation]
Found Element By : By.xpath: //div[@class=&apos;gw-VerbatimWidget--inner&apos; and text()=&apos;Assigned Drivers&apos;]
Found Element By : By.xpath: //div[@class=&apos;gw-VerbatimWidget--inner&apos; and text()=&apos;Assigned Drivers&apos;]
Found Element By : By.xpath: //div[@class=&apos;gw-VerbatimWidget--inner&apos; and text()=&apos;Assigned Drivers&apos;]
Found Element By : By.xpath: //div[@class=&apos;gw-VerbatimWidget--inner&apos; and text()=&apos;Assigned Drivers&apos;]
Assigned Drivers =&gt; Actual = [Assigned Drivers] equals Expected = [Assigned Drivers]
Found Element By : By.xpath: //tr[contains(@class,&apos;gw-standard-row&apos;)]/td[contains(@id,&apos;Driver_Cell&apos;)]//div[@class=&apos;gw-value-readonly-wrapper&apos;]
Found Element By : By.xpath: //tr[contains(@class,&apos;gw-standard-row&apos;)]/td[contains(@id,&apos;Driver_Cell&apos;)]//div[@class=&apos;gw-value-readonly-wrapper&apos;]
Found Element By : By.xpath: //tr[contains(@class,&apos;gw-standard-row&apos;)]/td[contains(@id,&apos;Driver_Cell&apos;)]//div[@class=&apos;gw-value-readonly-wrapper&apos;]
Found Element By : By.xpath: //tr[contains(@class,&apos;gw-standard-row&apos;)]/td[contains(@id,&apos;Driver_Cell&apos;)]//div[@class=&apos;gw-value-readonly-wrapper&apos;]
Driver =&gt; Actual = [fphlQdKnj Automation] equals Expected = [fphlQdKnj Automation]
Found Element By : By.xpath: //div[@class=&apos;gw-VerbatimWidget--inner&apos; and text()=&apos;Vehicle Rate Modifiers&apos;]
Found Element By : By.xpath: //div[@class=&apos;gw-VerbatimWidget--inner&apos; and text()=&apos;Vehicle Rate Modifiers&apos;]
Found Element By : By.xpath: //div[@class=&apos;gw-VerbatimWidget--inner&apos; and text()=&apos;Vehicle Rate Modifiers&apos;]
Found Element By : By.xpath: //div[@class=&apos;gw-VerbatimWidget--inner&apos; and text()=&apos;Vehicle Rate Modifiers&apos;]
Vehicle Rate Modifiers =&gt; Actual = [Vehicle Rate Modifiers] equals Expected = [Vehicle Rate Modifiers]
Found Element By : By.xpath: //div[@id=&apos;gw-center-title-toolbar&apos;]//div[contains(@id,&apos;Draft&apos;)]/div[@role=&apos;button&apos;]
Found Element By : By.xpath: //div[@id=&apos;gw-center-title-toolbar&apos;]//div[contains(@id,&apos;Draft&apos;)]/div[@role=&apos;button&apos;]
Element : By.xpath: //div[@id=&apos;gw-center-title-toolbar&apos;]//div[contains(@id,&apos;Draft&apos;)]/div[@role=&apos;button&apos;] command : [clickAndwait] Value : []
Found Element By : By.xpath: //div[@id=&apos;gw-center-title-toolbar&apos;]//div[contains(@class,&apos;gw-ToolbarButtonWidget&apos;)]/div[@role=&apos;button&apos;]//div[@class=&apos;gw-label&apos; and text()=&apos;uote&apos;]
Found Element By : By.xpath: //div[@id=&apos;gw-center-title-toolbar&apos;]//div[contains(@class,&apos;gw-ToolbarButtonWidget&apos;)]/div[@role=&apos;button&apos;]//div[@class=&apos;gw-label&apos; and text()=&apos;uote&apos;]
Element : By.xpath: //div[@id=&apos;gw-center-title-toolbar&apos;]//div[contains(@class,&apos;gw-ToolbarButtonWidget&apos;)]/div[@role=&apos;button&apos;]//div[@class=&apos;gw-label&apos; and text()=&apos;uote&apos;] command : [clickAndwait] Value : []
 executeQuery   strQuery = Select * from quote WHERE PrimaryKey=&apos;AUT_PA_PC_Rewrite_NewTerm_01&apos;
Found Element By : By.xpath: //div[contains(@class,&apos;gw-isScreenTitle&apos;)]//div[@class=&apos;gw-TitleBar--title&apos; and @role=&apos;heading&apos; and text()=&apos;Quote&apos;]
Found Element By : By.xpath: //div[contains(@class,&apos;gw-isScreenTitle&apos;)]//div[@class=&apos;gw-TitleBar--title&apos; and @role=&apos;heading&apos; and text()=&apos;Quote&apos;]
Found Element By : By.xpath: //div[contains(@class,&apos;gw-isScreenTitle&apos;)]//div[@class=&apos;gw-TitleBar--title&apos; and @role=&apos;heading&apos; and text()=&apos;Quote&apos;]
Found Element By : By.xpath: //div[contains(@class,&apos;gw-isScreenTitle&apos;)]//div[@class=&apos;gw-TitleBar--title&apos; and @role=&apos;heading&apos; and text()=&apos;Quote&apos;]
Screen Header =&gt; Actual = [Quote] equals Expected = [Quote]
Found Element By : By.xpath: //div[contains(@id,&apos;Insured&apos;)]//div[@class=&apos;gw-value-readonly-wrapper&apos;]
Found Element By : By.xpath: //div[contains(@id,&apos;Insured&apos;)]//div[@class=&apos;gw-value-readonly-wrapper&apos;]
Found Element By : By.xpath: //div[contains(@id,&apos;Insured&apos;)]//div[@class=&apos;gw-value-readonly-wrapper&apos;]
Found Element By : By.xpath: //div[contains(@id,&apos;Insured&apos;)]//div[@class=&apos;gw-value-readonly-wrapper&apos;]
PrimaryNamedInsured =&gt; Actual = [fphlQdKnj Automation] equals Expected = [fphlQdKnj Automation]
Found Element By : By.xpath: //div[contains(@id,&apos;GlobalAddressInputSet-AddressSummary&apos;)]//div[@class=&apos;gw-value-readonly-wrapper&apos;]
Found Element By : By.xpath: //div[contains(@id,&apos;GlobalAddressInputSet-AddressSummary&apos;)]//div[@class=&apos;gw-value-readonly-wrapper&apos;]
Found Element By : By.xpath: //div[contains(@id,&apos;GlobalAddressInputSet-AddressSummary&apos;)]//div[@class=&apos;gw-value-readonly-wrapper&apos;]
Address =&gt; Actual = [559 hrMUsNx Suites
South Avenue
DownTown
Anchorage, AK 99501] contains Expected = [Suites
South Avenue
DownTown
Anchorage, AK 99501]
Found Element By : By.xpath: //div[contains(@id,&apos;PolicyAddressDisplayInputSet-AddressType&apos;)]//div[@class=&apos;gw-RangeValue&apos;]/div[@class=&apos;gw-label&apos;]
Found Element By : By.xpath: //div[contains(@id,&apos;PolicyAddressDisplayInputSet-AddressType&apos;)]//div[@class=&apos;gw-RangeValue&apos;]/div[@class=&apos;gw-label&apos;]
Found Element By : By.xpath: //div[contains(@id,&apos;PolicyAddressDisplayInputSet-AddressType&apos;)]//div[@class=&apos;gw-RangeValue&apos;]/div[@class=&apos;gw-label&apos;]
Found Element By : By.xpath: //div[contains(@id,&apos;PolicyAddressDisplayInputSet-AddressType&apos;)]//div[@class=&apos;gw-RangeValue&apos;]/div[@class=&apos;gw-label&apos;]
Address Type =&gt; Actual = [Home] equals Expected = [Home]
Found Element By : By.xpath: //div[@class=&apos;gw-TitleBar--title&apos; and @role=&apos;heading&apos; and text()=&apos;Garage 1&apos;]
Found Element By : By.xpath: //div[@class=&apos;gw-TitleBar--title&apos; and @role=&apos;heading&apos; and text()=&apos;Garage 1&apos;]
Found Element By : By.xpath: //div[@class=&apos;gw-TitleBar--title&apos; and @role=&apos;heading&apos; and text()=&apos;Garage 1&apos;]
Found Element By : By.xpath: //div[@class=&apos;gw-TitleBar--title&apos; and @role=&apos;heading&apos; and text()=&apos;Garage 1&apos;]
Garage 1 =&gt; Actual = [Garage 1] equals Expected = [Garage 1]
Found Element By : By.xpath: //div[@class=&apos;gw-TitleBar--title&apos; and @role=&apos;heading&apos; and text()=&apos;Vehicle 1&apos;]
Found Element By : By.xpath: //div[@class=&apos;gw-TitleBar--title&apos; and @role=&apos;heading&apos; and text()=&apos;Vehicle 1&apos;]
Found Element By : By.xpath: //div[@class=&apos;gw-TitleBar--title&apos; and @role=&apos;heading&apos; and text()=&apos;Vehicle 1&apos;]
Found Element By : By.xpath: //div[@class=&apos;gw-TitleBar--title&apos; and @role=&apos;heading&apos; and text()=&apos;Vehicle 1&apos;]
Vehicle 1 =&gt; Actual = [Vehicle 1] equals Expected = [Vehicle 1]
Found Element By : By.xpath: //tr[contains(@class,&apos;gw-standard-row&apos;)]/td[contains(@id,&apos;Description_Cell&apos;)]//div[contains(@id,&apos;Description&apos;)]//div[@class=&apos;gw-value-readonly-wrapper&apos; and text()=&apos;Liability - Bodily Injury and Property Damage Coverage&apos;]
Found Element By : By.xpath: //tr[contains(@class,&apos;gw-standard-row&apos;)]/td[contains(@id,&apos;Description_Cell&apos;)]//div[contains(@id,&apos;Description&apos;)]//div[@class=&apos;gw-value-readonly-wrapper&apos; and text()=&apos;Liability - Bodily Injury and Property Damage Coverage&apos;]
Found Element By : By.xpath: //tr[contains(@class,&apos;gw-standard-row&apos;)]/td[contains(@id,&apos;Description_Cell&apos;)]//div[contains(@id,&apos;Description&apos;)]//div[@class=&apos;gw-value-readonly-wrapper&apos; and text()=&apos;Liability - Bodily Injury and Property Damage Coverage&apos;]
Found Element By : By.xpath: //tr[contains(@class,&apos;gw-standard-row&apos;)]/td[contains(@id,&apos;Description_Cell&apos;)]//div[contains(@id,&apos;Description&apos;)]//div[@class=&apos;gw-value-readonly-wrapper&apos; and text()=&apos;Liability - Bodily Injury and Property Damage Coverage&apos;]
Liability - Bodily Injury and Property Damage Coverage =&gt; Actual = [Liability - Bodily Injury and Property Damage Coverage] equals Expected = [Liability - Bodily Injury and Property Damage Coverage]
Found Element By : By.xpath: //div[contains(@id,&apos;Description&apos;)]//div[@class=&apos;gw-value-readonly-wrapper&apos; and text()=&apos;Liability - Bodily Injury and Property Damage Coverage&apos;]/ancestor::td[contains(@id,&apos;Description_Cell&apos;)]/following-sibling::td[contains(@id,&apos;TxAmount_Cell&apos;)]//div[contains(@id,&apos;TxAmount&apos;)]//div[@class=&apos;gw-value-readonly-wrapper&apos;]
Found Element By : By.xpath: //div[contains(@id,&apos;Description&apos;)]//div[@class=&apos;gw-value-readonly-wrapper&apos; and text()=&apos;Liability - Bodily Injury and Property Damage Coverage&apos;]/ancestor::td[contains(@id,&apos;Description_Cell&apos;)]/following-sibling::td[contains(@id,&apos;TxAmount_Cell&apos;)]//div[contains(@id,&apos;TxAmount&apos;)]//div[@class=&apos;gw-value-readonly-wrapper&apos;]
Found Element By : By.xpath: //div[contains(@id,&apos;Description&apos;)]//div[@class=&apos;gw-value-readonly-wrapper&apos; and text()=&apos;Liability - Bodily Injury and Property Damage Coverage&apos;]/ancestor::td[contains(@id,&apos;Description_Cell&apos;)]/following-sibling::td[contains(@id,&apos;TxAmount_Cell&apos;)]//div[contains(@id,&apos;TxAmount&apos;)]//div[@class=&apos;gw-value-readonly-wrapper&apos;]
Premium =&gt; Fetched value = [$588.00]
Found Element By : By.xpath: //td[contains(@id,&apos;VehicleSubTotal&apos;)]//div[@class=&apos;gw-value-readonly-wrapper&apos;]
Found Element By : By.xpath: //td[contains(@id,&apos;VehicleSubTotal&apos;)]//div[@class=&apos;gw-value-readonly-wrapper&apos;]
Found Element By : By.xpath: //td[contains(@id,&apos;VehicleSubTotal&apos;)]//div[@class=&apos;gw-value-readonly-wrapper&apos;]
Sub total =&gt; Fetched value = [$727.00]
Found Element By : By.xpath: //div[@role=&apos;heading&apos; and text()=&apos;Premium Subtotal and Taxes&apos;]
Found Element By : By.xpath: //div[@role=&apos;heading&apos; and text()=&apos;Premium Subtotal and Taxes&apos;]
Found Element By : By.xpath: //div[@role=&apos;heading&apos; and text()=&apos;Premium Subtotal and Taxes&apos;]
Found Element By : By.xpath: //div[@role=&apos;heading&apos; and text()=&apos;Premium Subtotal and Taxes&apos;]
Premium Subtotal and Taxes =&gt; Actual = [Premium Subtotal and Taxes] equals Expected = [Premium Subtotal and Taxes]
Found Element By : By.xpath: //td[contains(@id,&apos;subTotalLV-SubTotal_Cell&apos;)]//div[@class=&apos;gw-value-readonly-wrapper&apos;]
Found Element By : By.xpath: //td[contains(@id,&apos;subTotalLV-SubTotal_Cell&apos;)]//div[@class=&apos;gw-value-readonly-wrapper&apos;]
Found Element By : By.xpath: //td[contains(@id,&apos;subTotalLV-SubTotal_Cell&apos;)]//div[@class=&apos;gw-value-readonly-wrapper&apos;]
Premium Subtotal =&gt; Fetched value = [$727.00]
Found Element By : By.xpath: //td[contains(@id,&apos;subTotalLV-0-Amount&apos;)]//div[@class=&apos;gw-value-readonly-wrapper&apos;]
Found Element By : By.xpath: //td[contains(@id,&apos;subTotalLV-0-Amount&apos;)]//div[@class=&apos;gw-value-readonly-wrapper&apos;]
Found Element By : By.xpath: //td[contains(@id,&apos;subTotalLV-0-Amount&apos;)]//div[@class=&apos;gw-value-readonly-wrapper&apos;]
AK Tax =&gt; Fetched value = [$40.00]
Found Element By : By.xpath: //div[contains(@id,&apos;InfoBar-JobLabel&apos;)]//div[@class=&apos;gw-label&apos;]
Found Element By : By.xpath: //div[contains(@id,&apos;InfoBar-JobLabel&apos;)]//div[@class=&apos;gw-label&apos;]
Found Element By : By.xpath: //div[contains(@id,&apos;InfoBar-JobLabel&apos;)]//div[@class=&apos;gw-label&apos;]
UPDATE searchValues SET Job=&apos;Submission (Quoted)&apos; WHERE PrimaryKey=&apos;AUT_PA_PC_Rewrite_NewTerm_01&apos;
1 row(s) affected
Found Element By : By.xpath: //div[contains(@id,&apos;InfoBar-LOBLabel&apos;)]//div[@class=&apos;gw-label&apos;]
Found Element By : By.xpath: //div[contains(@id,&apos;InfoBar-LOBLabel&apos;)]//div[@class=&apos;gw-label&apos;]
Found Element By : By.xpath: //div[contains(@id,&apos;InfoBar-LOBLabel&apos;)]//div[@class=&apos;gw-label&apos;]
UPDATE searchValues SET LOB=&apos;Personal Auto&apos; WHERE PrimaryKey=&apos;AUT_PA_PC_Rewrite_NewTerm_01&apos;
1 row(s) affected
Found Element By : By.xpath: //div[contains(@id,&apos;InfoBar-EffectiveDate&apos;)]//div[@class=&apos;gw-label&apos;]
Found Element By : By.xpath: //div[contains(@id,&apos;InfoBar-EffectiveDate&apos;)]//div[@class=&apos;gw-label&apos;]
Found Element By : By.xpath: //div[contains(@id,&apos;InfoBar-EffectiveDate&apos;)]//div[@class=&apos;gw-label&apos;]
Found Element By : By.xpath: //div[contains(@id,&apos;InfoBar-AccountName&apos;)]//div[@class=&apos;gw-label gw-infoValue&apos;]
Found Element By : By.xpath: //div[contains(@id,&apos;InfoBar-AccountName&apos;)]//div[@class=&apos;gw-label gw-infoValue&apos;]
Found Element By : By.xpath: //div[contains(@id,&apos;InfoBar-AccountName&apos;)]//div[@class=&apos;gw-label gw-infoValue&apos;]
UPDATE searchValues SET AccountName=&apos;fphlQdKnj Automation&apos; WHERE PrimaryKey=&apos;AUT_PA_PC_Rewrite_NewTerm_01&apos;
1 row(s) affected
Found Element By : By.xpath: //div[contains(@id,&apos;InfoBar-AccountNumber&apos;)]//div[@class=&apos;gw-label gw-infoValue&apos;]
Found Element By : By.xpath: //div[contains(@id,&apos;InfoBar-AccountNumber&apos;)]//div[@class=&apos;gw-label gw-infoValue&apos;]
Found Element By : By.xpath: //div[contains(@id,&apos;InfoBar-AccountNumber&apos;)]//div[@class=&apos;gw-label gw-infoValue&apos;]
UPDATE searchValues SET AccountNumber=&apos;1309023209&apos; WHERE PrimaryKey=&apos;AUT_PA_PC_Rewrite_NewTerm_01&apos;
1 row(s) affected
Found Element By : By.xpath: //div[contains(@id,&apos;InfoBar-Underwriter&apos;)]//div[@class=&apos;gw-label gw-infoValue&apos;]
Found Element By : By.xpath: //div[contains(@id,&apos;InfoBar-Underwriter&apos;)]//div[@class=&apos;gw-label gw-infoValue&apos;]
Found Element By : By.xpath: //div[contains(@id,&apos;InfoBar-Underwriter&apos;)]//div[@class=&apos;gw-label gw-infoValue&apos;]
Found Element By : By.xpath: //div[@id=&apos;gw-center-title-toolbar&apos;]//div[contains(@class,&apos;gw-ToolbarButtonWidget&apos;)]/div[@role=&apos;button&apos;]//div[@class=&apos;gw-label&apos; and text()=&apos;Next&apos;]
Found Element By : By.xpath: //div[@id=&apos;gw-center-title-toolbar&apos;]//div[contains(@class,&apos;gw-ToolbarButtonWidget&apos;)]/div[@role=&apos;button&apos;]//div[@class=&apos;gw-label&apos; and text()=&apos;Next&apos;]
Element : By.xpath: //div[@id=&apos;gw-center-title-toolbar&apos;]//div[contains(@class,&apos;gw-ToolbarButtonWidget&apos;)]/div[@role=&apos;button&apos;]//div[@class=&apos;gw-label&apos; and text()=&apos;Next&apos;] command : [clickAndwait] Value : []
 executeQuery   strQuery = Select * from forms WHERE PrimaryKey=&apos;AUT_PA_PC_Rewrite_NewTerm_01&apos;
Found Element By : By.xpath: //div[contains(@class,&apos;gw-isScreenTitle&apos;)]//div[@class=&apos;gw-TitleBar--title&apos; and @role=&apos;heading&apos; and text()=&apos;Forms&apos;]
Found Element By : By.xpath: //div[contains(@class,&apos;gw-isScreenTitle&apos;)]//div[@class=&apos;gw-TitleBar--title&apos; and @role=&apos;heading&apos; and text()=&apos;Forms&apos;]
Found Element By : By.xpath: //div[contains(@class,&apos;gw-isScreenTitle&apos;)]//div[@class=&apos;gw-TitleBar--title&apos; and @role=&apos;heading&apos; and text()=&apos;Forms&apos;]
Found Element By : By.xpath: //div[contains(@class,&apos;gw-isScreenTitle&apos;)]//div[@class=&apos;gw-TitleBar--title&apos; and @role=&apos;heading&apos; and text()=&apos;Forms&apos;]
forms Header =&gt; Actual = [Forms] equals Expected = [Forms]
Found Element By : By.xpath: //tr[contains(@id,&apos;FormsScreen-FormsDV-FormsLV-0-0&apos;)]//td[1]//div[@class=&apos;gw-value-readonly-wrapper&apos;]
Found Element By : By.xpath: //tr[contains(@id,&apos;FormsScreen-FormsDV-FormsLV-0-0&apos;)]//td[1]//div[@class=&apos;gw-value-readonly-wrapper&apos;]
Found Element By : By.xpath: //tr[contains(@id,&apos;FormsScreen-FormsDV-FormsLV-0-0&apos;)]//td[1]//div[@class=&apos;gw-value-readonly-wrapper&apos;]
Found Element By : By.xpath: //tr[contains(@id,&apos;FormsScreen-FormsDV-FormsLV-0-0&apos;)]//td[1]//div[@class=&apos;gw-value-readonly-wrapper&apos;]
forms Validate =&gt; Actual = [PA 00DS] equals Expected = [PA 00DS]
Found Element By : By.xpath: //tr[contains(@id,&apos;FormsScreen-FormsDV-FormsLV-0-0&apos;)]//td[2]//div[@class=&apos;gw-value-readonly-wrapper&apos;]
Found Element By : By.xpath: //tr[contains(@id,&apos;FormsScreen-FormsDV-FormsLV-0-0&apos;)]//td[2]//div[@class=&apos;gw-value-readonly-wrapper&apos;]
Found Element By : By.xpath: //tr[contains(@id,&apos;FormsScreen-FormsDV-FormsLV-0-0&apos;)]//td[2]//div[@class=&apos;gw-value-readonly-wrapper&apos;]
Found Element By : By.xpath: //tr[contains(@id,&apos;FormsScreen-FormsDV-FormsLV-0-0&apos;)]//td[2]//div[@class=&apos;gw-value-readonly-wrapper&apos;]
Description Validate =&gt; Actual = [Dec Sheet] equals Expected = [Dec Sheet]
Found Element By : By.xpath: //div[@id=&apos;gw-center-title-toolbar&apos;]//div[contains(@class,&apos;gw-ToolbarButtonWidget&apos;)]/div[@role=&apos;button&apos;]//div[@class=&apos;gw-label&apos; and text()=&apos;Next&apos;]
Found Element By : By.xpath: //div[@id=&apos;gw-center-title-toolbar&apos;]//div[contains(@class,&apos;gw-ToolbarButtonWidget&apos;)]/div[@role=&apos;button&apos;]//div[@class=&apos;gw-label&apos; and text()=&apos;Next&apos;]
Element : By.xpath: //div[@id=&apos;gw-center-title-toolbar&apos;]//div[contains(@class,&apos;gw-ToolbarButtonWidget&apos;)]/div[@role=&apos;button&apos;]//div[@class=&apos;gw-label&apos; and text()=&apos;Next&apos;] command : [clickAndwait] Value : []
 executeQuery   strQuery = Select * from payment WHERE PrimaryKey=&apos;AUT_PA_PC_Rewrite_NewTerm_01&apos;
Found Element By : By.xpath: //div[contains(@class,&apos;gw-isScreenTitle&apos;)]//div[@class=&apos;gw-TitleBar--title&apos; and @role=&apos;heading&apos; and text()=&apos;Payment&apos;]
Found Element By : By.xpath: //div[contains(@class,&apos;gw-isScreenTitle&apos;)]//div[@class=&apos;gw-TitleBar--title&apos; and @role=&apos;heading&apos; and text()=&apos;Payment&apos;]
Found Element By : By.xpath: //div[contains(@class,&apos;gw-isScreenTitle&apos;)]//div[@class=&apos;gw-TitleBar--title&apos; and @role=&apos;heading&apos; and text()=&apos;Payment&apos;]
Found Element By : By.xpath: //div[contains(@class,&apos;gw-isScreenTitle&apos;)]//div[@class=&apos;gw-TitleBar--title&apos; and @role=&apos;heading&apos; and text()=&apos;Payment&apos;]
Screen Header =&gt; Actual = [Payment] equals Expected = [Payment]
Found Element By : By.xpath: //div[contains(@class,&apos;gw-boldLabel&apos;) and text()=&apos;Premium Summary&apos;]
Found Element By : By.xpath: //div[contains(@class,&apos;gw-boldLabel&apos;) and text()=&apos;Premium Summary&apos;]
Found Element By : By.xpath: //div[contains(@class,&apos;gw-boldLabel&apos;) and text()=&apos;Premium Summary&apos;]
Found Element By : By.xpath: //div[contains(@class,&apos;gw-boldLabel&apos;) and text()=&apos;Premium Summary&apos;]
Premium Summary =&gt; Actual = [Premium Summary] equals Expected = [Premium Summary]
Found Element By : By.xpath: //div[contains(@id,&apos;PremiumSummaryInputSet-TotalPremium&apos;)]//div[@class=&apos;gw-value-readonly-wrapper&apos;]
Found Element By : By.xpath: //div[contains(@id,&apos;PremiumSummaryInputSet-TotalPremium&apos;)]//div[@class=&apos;gw-value-readonly-wrapper&apos;]
Found Element By : By.xpath: //div[contains(@id,&apos;PremiumSummaryInputSet-TotalPremium&apos;)]//div[@class=&apos;gw-value-readonly-wrapper&apos;]
Total Premium =&gt; Fetched value = [$727.00]
Found Element By : By.xpath: //div[contains(@id,&apos;PremiumSummaryInputSet-TotalTaxesSurcharges&apos;)]//div[@class=&apos;gw-value-readonly-wrapper&apos;]
Found Element By : By.xpath: //div[contains(@id,&apos;PremiumSummaryInputSet-TotalTaxesSurcharges&apos;)]//div[@class=&apos;gw-value-readonly-wrapper&apos;]
Found Element By : By.xpath: //div[contains(@id,&apos;PremiumSummaryInputSet-TotalTaxesSurcharges&apos;)]//div[@class=&apos;gw-value-readonly-wrapper&apos;]
Taxes And Surcharges =&gt; Fetched value = [$40.00]
Found Element By : By.xpath: //div[contains(@id,&apos;PremiumSummaryInputSet-TotalCost&apos;)]//div[@class=&apos;gw-value-readonly-wrapper&apos;]
Found Element By : By.xpath: //div[contains(@id,&apos;PremiumSummaryInputSet-TotalCost&apos;)]//div[@class=&apos;gw-value-readonly-wrapper&apos;]
Found Element By : By.xpath: //div[contains(@id,&apos;PremiumSummaryInputSet-TotalCost&apos;)]//div[@class=&apos;gw-value-readonly-wrapper&apos;]
Total Cost =&gt; Fetched value = [$767.00]
 executeQuery   strQuery = Select * from payment WHERE PrimaryKey=&apos;AUT_PA_PC_Rewrite_NewTerm_01&apos;
Found Element By : By.xpath: //div[contains(@class,&apos;gw-boldLabel&apos;) and text()=&apos;Payments&apos;]
Found Element By : By.xpath: //div[contains(@class,&apos;gw-boldLabel&apos;) and text()=&apos;Payments&apos;]
Found Element By : By.xpath: //div[contains(@class,&apos;gw-boldLabel&apos;) and text()=&apos;Payments&apos;]
Found Element By : By.xpath: //div[contains(@class,&apos;gw-boldLabel&apos;) and text()=&apos;Payments&apos;]
Payments =&gt; Actual = [Payments] equals Expected = [Payments]
Found Element By : By.xpath: //div[contains(@id,&apos;PaymentsSummaryInputSet-Frequency&apos;)]//div[@class=&apos;gw-value-readonly-wrapper&apos;]
Found Element By : By.xpath: //div[contains(@id,&apos;PaymentsSummaryInputSet-Frequency&apos;)]//div[@class=&apos;gw-value-readonly-wrapper&apos;]
Found Element By : By.xpath: //div[contains(@id,&apos;PaymentsSummaryInputSet-Frequency&apos;)]//div[@class=&apos;gw-value-readonly-wrapper&apos;]
Found Element By : By.xpath: //div[contains(@id,&apos;PaymentsSummaryInputSet-Frequency&apos;)]//div[@class=&apos;gw-value-readonly-wrapper&apos;]
Frequency =&gt; Actual = [Monthly] equals Expected = [Monthly]
Found Element By : By.xpath: //div[contains(@id,&apos;PaymentsSummaryInputSet-DownPayment&apos;)]
Found Element By : By.xpath: //div[contains(@id,&apos;PaymentsSummaryInputSet-DownPayment&apos;)]
Found Element By : By.xpath: //div[contains(@id,&apos;PaymentsSummaryInputSet-DownPayment&apos;)]
Down Payment =&gt; Fetched value = [$112.70]
Found Element By : By.xpath: //div[contains(@id,&apos;PaymentsSummaryInputSet-Installments&apos;)]
Found Element By : By.xpath: //div[contains(@id,&apos;PaymentsSummaryInputSet-Installments&apos;)]
Found Element By : By.xpath: //div[contains(@id,&apos;PaymentsSummaryInputSet-Installments&apos;)]
Installements =&gt; Fetched value = [Installments(0)
$163.57]
 executeQuery   strQuery = Select * from payment WHERE PrimaryKey=&apos;AUT_PA_PC_Rewrite_NewTerm_01&apos;
Found Element By : By.xpath: //div[contains(@class,&apos;gw-boldLabel&apos;) and text()=&apos;Invoicing&apos;]
Found Element By : By.xpath: //div[contains(@class,&apos;gw-boldLabel&apos;) and text()=&apos;Invoicing&apos;]
Found Element By : By.xpath: //div[contains(@class,&apos;gw-boldLabel&apos;) and text()=&apos;Invoicing&apos;]
Found Element By : By.xpath: //div[contains(@class,&apos;gw-boldLabel&apos;) and text()=&apos;Invoicing&apos;]
Invoicing =&gt; Actual = [Invoicing] equals Expected = [Invoicing]
Found Element By : By.xpath: //div[contains(@id,&apos;InvoiceStreamInputSet-InvoiceFrequency&apos;)]//div[@class=&apos;gw-value-readonly-wrapper&apos;]
Found Element By : By.xpath: //div[contains(@id,&apos;InvoiceStreamInputSet-InvoiceFrequency&apos;)]//div[@class=&apos;gw-value-readonly-wrapper&apos;]
Found Element By : By.xpath: //div[contains(@id,&apos;InvoiceStreamInputSet-InvoiceFrequency&apos;)]//div[@class=&apos;gw-value-readonly-wrapper&apos;]
Found Element By : By.xpath: //div[contains(@id,&apos;InvoiceStreamInputSet-InvoiceFrequency&apos;)]//div[@class=&apos;gw-value-readonly-wrapper&apos;]
Frequency =&gt; Actual = [Monthly] equals Expected = [Monthly]
Found Element By : By.xpath: //div[contains(@id,&apos;InvoiceStreamInputSet-FixInvoicesBy&apos;)]//div[@class=&apos;gw-value-readonly-wrapper&apos;]
Found Element By : By.xpath: //div[contains(@id,&apos;InvoiceStreamInputSet-FixInvoicesBy&apos;)]//div[@class=&apos;gw-value-readonly-wrapper&apos;]
Found Element By : By.xpath: //div[contains(@id,&apos;InvoiceStreamInputSet-FixInvoicesBy&apos;)]//div[@class=&apos;gw-value-readonly-wrapper&apos;]
Found Element By : By.xpath: //div[contains(@id,&apos;InvoiceStreamInputSet-FixInvoicesBy&apos;)]//div[@class=&apos;gw-value-readonly-wrapper&apos;]
FixInvoicesby =&gt; Actual = [Bill Date] equals Expected = [Bill Date]
Found Element By : By.xpath: //div[contains(@id,&apos;InvoiceStreamInputSet-DayOfMonth&apos;)]//div[@class=&apos;gw-value-readonly-wrapper&apos;]
Found Element By : By.xpath: //div[contains(@id,&apos;InvoiceStreamInputSet-DayOfMonth&apos;)]//div[@class=&apos;gw-value-readonly-wrapper&apos;]
Found Element By : By.xpath: //div[contains(@id,&apos;InvoiceStreamInputSet-DayOfMonth&apos;)]//div[@class=&apos;gw-value-readonly-wrapper&apos;]
Found Element By : By.xpath: //div[contains(@id,&apos;InvoiceStreamInputSet-DayOfMonth&apos;)]//div[@class=&apos;gw-value-readonly-wrapper&apos;]
InvoicingDay =&gt; Actual = [Billing Account Defaults] equals Expected = [Billing Account Defaults]
Found Element By : By.xpath: //div[contains(@id,&apos;InvoiceStreamInputSet-PayUsing&apos;)]//div[@class=&apos;gw-value-readonly-wrapper&apos;]
Found Element By : By.xpath: //div[contains(@id,&apos;InvoiceStreamInputSet-PayUsing&apos;)]//div[@class=&apos;gw-value-readonly-wrapper&apos;]
Found Element By : By.xpath: //div[contains(@id,&apos;InvoiceStreamInputSet-PayUsing&apos;)]//div[@class=&apos;gw-value-readonly-wrapper&apos;]
Found Element By : By.xpath: //div[contains(@id,&apos;InvoiceStreamInputSet-PayUsing&apos;)]//div[@class=&apos;gw-value-readonly-wrapper&apos;]
PayUsing =&gt; Actual = [Billing Account Defaults] equals Expected = [Billing Account Defaults]
 executeQuery   strQuery = Select * from payment WHERE PrimaryKey=&apos;AUT_PA_PC_Rewrite_NewTerm_01&apos;
Found Element By : By.xpath: //div[contains(@class,&apos;gw-boldLabel&apos;) and text()=&apos;Billing&apos;]
Found Element By : By.xpath: //div[contains(@class,&apos;gw-boldLabel&apos;) and text()=&apos;Billing&apos;]
Found Element By : By.xpath: //div[contains(@class,&apos;gw-boldLabel&apos;) and text()=&apos;Billing&apos;]
Found Element By : By.xpath: //div[contains(@class,&apos;gw-boldLabel&apos;) and text()=&apos;Billing&apos;]
Billing =&gt; Actual = [Billing] equals Expected = [Billing]
Found Element By : By.xpath: //div[contains(@id,&apos;BillingPanel-BillingLevel&apos;)]//div[@class=&apos;gw-value-readonly-wrapper&apos;]
Found Element By : By.xpath: //div[contains(@id,&apos;BillingPanel-BillingLevel&apos;)]//div[@class=&apos;gw-value-readonly-wrapper&apos;]
Element : By.xpath: //div[contains(@id,&apos;BillingPanel-BillingLevel&apos;)]//div[@class=&apos;gw-value-readonly-wrapper&apos;] command : [click] Value : []
Found Element By : By.xpath: //select[contains(@name,&apos;BillingPanel-BillingMethod&apos;)]
Found Element By : By.xpath: //select[contains(@name,&apos;BillingPanel-BillingMethod&apos;)]
Found Element By : By.xpath: .//option[normalize-space(.) = &quot;Direct Bill&quot;]
Element : By.xpath: //select[contains(@name,&apos;BillingPanel-BillingMethod&apos;)] command : [selectByVisibleText] Value : [Direct Bill]
 executeQuery   strQuery = Select * from payment WHERE PrimaryKey=&apos;AUT_PA_PC_Rewrite_NewTerm_01&apos;
Found Element By : By.xpath: //div[contains(@class,&apos;gw-boldLabel&apos;) and text()=&apos;Payment Schedule&apos;]
Found Element By : By.xpath: //div[contains(@class,&apos;gw-boldLabel&apos;) and text()=&apos;Payment Schedule&apos;]
Found Element By : By.xpath: //div[contains(@class,&apos;gw-boldLabel&apos;) and text()=&apos;Payment Schedule&apos;]
Found Element By : By.xpath: //div[contains(@class,&apos;gw-boldLabel&apos;) and text()=&apos;Payment Schedule&apos;]
Payment Schedule =&gt; Actual = [Payment Schedule] equals Expected = [Payment Schedule]
Found Element By : By.xpath: //div[text()=&apos;A Monthly 10% Down, 9 Max installments&apos;]/ancestor::td[contains(@class,&apos;gw-CellWidget&apos;)]/preceding-sibling::td[contains(@class,&apos;gw-CellWidget&apos;)]//div[@role=&apos;radio&apos;]
Found Element By : By.xpath: //div[text()=&apos;A Monthly 10% Down, 9 Max installments&apos;]/ancestor::td[contains(@class,&apos;gw-CellWidget&apos;)]/preceding-sibling::td[contains(@class,&apos;gw-CellWidget&apos;)]//div[@role=&apos;radio&apos;]
Element : By.xpath: //div[text()=&apos;A Monthly 10% Down, 9 Max installments&apos;]/ancestor::td[contains(@class,&apos;gw-CellWidget&apos;)]/preceding-sibling::td[contains(@class,&apos;gw-CellWidget&apos;)]//div[@role=&apos;radio&apos;] command : [clickAndwait] Value : []
Found Element By : By.xpath: //div[text()=&apos;A Monthly 10% Down, 9 Max installments&apos;]/ancestor::td[contains(@class,&apos;gw-CellWidget&apos;)]/following-sibling::td[contains(@id,&apos;DownPayment&apos;) and contains(@class,&apos;gw-FormatCellWidget&apos;)]//div[@class=&apos;gw-value&apos;]/div/div[1]
Found Element By : By.xpath: //div[text()=&apos;A Monthly 10% Down, 9 Max installments&apos;]/ancestor::td[contains(@class,&apos;gw-CellWidget&apos;)]/following-sibling::td[contains(@id,&apos;DownPayment&apos;) and contains(@class,&apos;gw-FormatCellWidget&apos;)]//div[@class=&apos;gw-value&apos;]/div/div[1]
Found Element By : By.xpath: //div[text()=&apos;A Monthly 10% Down, 9 Max installments&apos;]/ancestor::td[contains(@class,&apos;gw-CellWidget&apos;)]/following-sibling::td[contains(@id,&apos;DownPayment&apos;) and contains(@class,&apos;gw-FormatCellWidget&apos;)]//div[@class=&apos;gw-value&apos;]/div/div[1]
Down Payment =&gt; Fetched value = [$112.70]
Found Element By : By.xpath: //div[text()=&apos;A Monthly 10% Down, 9 Max installments&apos;]/ancestor::td[contains(@class,&apos;gw-CellWidget&apos;)]/following-sibling::td[contains(@id,&apos;-Installment&apos;) and contains(@class,&apos;gw-FormatCellWidget&apos;)]//div[contains(@id,&apos;InstallmentPreview&apos;)]
Found Element By : By.xpath: //div[text()=&apos;A Monthly 10% Down, 9 Max installments&apos;]/ancestor::td[contains(@class,&apos;gw-CellWidget&apos;)]/following-sibling::td[contains(@id,&apos;-Installment&apos;) and contains(@class,&apos;gw-FormatCellWidget&apos;)]//div[contains(@id,&apos;InstallmentPreview&apos;)]
Found Element By : By.xpath: //div[text()=&apos;A Monthly 10% Down, 9 Max installments&apos;]/ancestor::td[contains(@class,&apos;gw-CellWidget&apos;)]/following-sibling::td[contains(@id,&apos;-Installment&apos;) and contains(@class,&apos;gw-FormatCellWidget&apos;)]//div[contains(@id,&apos;InstallmentPreview&apos;)]
Installment =&gt; Fetched value = [$163.57]
Found Element By : By.xpath: //div[text()=&apos;A Monthly 10% Down, 9 Max installments&apos;]/ancestor::td[contains(@class,&apos;gw-CellWidget&apos;)]/following-sibling::td[contains(@id,&apos;Total&apos;) and contains(@class,&apos;gw-FormatCellWidget&apos;)]//div[@class=&apos;gw-value&apos;]/div/div[1]
Found Element By : By.xpath: //div[text()=&apos;A Monthly 10% Down, 9 Max installments&apos;]/ancestor::td[contains(@class,&apos;gw-CellWidget&apos;)]/following-sibling::td[contains(@id,&apos;Total&apos;) and contains(@class,&apos;gw-FormatCellWidget&apos;)]//div[@class=&apos;gw-value&apos;]/div/div[1]
Found Element By : By.xpath: //div[text()=&apos;A Monthly 10% Down, 9 Max installments&apos;]/ancestor::td[contains(@class,&apos;gw-CellWidget&apos;)]/following-sibling::td[contains(@id,&apos;Total&apos;) and contains(@class,&apos;gw-FormatCellWidget&apos;)]//div[@class=&apos;gw-value&apos;]/div/div[1]
Total =&gt; Fetched value = [$767.00]
 executeQuery   strQuery = Select * from payment WHERE PrimaryKey=&apos;AUT_PA_PC_Rewrite_NewTerm_01&apos;
Found Element By : By.xpath: //div[contains(@class,&apos;gw-boldLabel&apos;) and text()=&apos;Up-front Payment&apos;]
Found Element By : By.xpath: //div[contains(@class,&apos;gw-boldLabel&apos;) and text()=&apos;Up-front Payment&apos;]
Found Element By : By.xpath: //div[contains(@class,&apos;gw-boldLabel&apos;) and text()=&apos;Up-front Payment&apos;]
Found Element By : By.xpath: //div[contains(@class,&apos;gw-boldLabel&apos;) and text()=&apos;Up-front Payment&apos;]
Up-front Payment =&gt; Actual = [Up-front Payment] equals Expected = [Up-front Payment]
Found Element By : By.xpath: //div[contains(@id,&apos;CashChoiceOption_Choice_radio&apos;)]
Found Element By : By.xpath: //div[contains(@id,&apos;CashChoiceOption_Choice_radio&apos;)]
Element : By.xpath: //div[contains(@id,&apos;CashChoiceOption_Choice_radio&apos;)] command : [clickAndwait] Value : [Yes]
Found Element By : By.xpath: //input[contains(@name,&apos;UpFrontPaymentDV-CashAmount&apos;)]
Found Element By : By.xpath: //input[contains(@name,&apos;UpFrontPaymentDV-CashAmount&apos;)]
Found Element By : By.xpath: //input[contains(@name,&apos;UpFrontPaymentDV-CashAmount&apos;)]
Amount =&gt; Fetched value = [112.70]
UPDATE searchValues SET Amount=&apos;112.70&apos; WHERE PrimaryKey=&apos;AUT_PA_PC_Rewrite_NewTerm_01&apos;
1 row(s) affected
Found Element By : By.xpath: //div[@id=&apos;gw-center-title-toolbar&apos;]//div[contains(@id,&apos;BindOptions&apos;)]/div[@role=&apos;button&apos;]
Found Element By : By.xpath: //div[@id=&apos;gw-center-title-toolbar&apos;]//div[contains(@id,&apos;BindOptions&apos;)]/div[@role=&apos;button&apos;]
Element : By.xpath: //div[@id=&apos;gw-center-title-toolbar&apos;]//div[contains(@id,&apos;BindOptions&apos;)]/div[@role=&apos;button&apos;] command : [click] Value : []
Found Element By : By.xpath: //div[@id=&apos;gw-center-title-toolbar&apos;]//div[contains(@id,&apos;BindOptions-BindAndIssue&apos;)]/div[@role=&apos;menuitem&apos;]
Found Element By : By.xpath: //div[@id=&apos;gw-center-title-toolbar&apos;]//div[contains(@id,&apos;BindOptions-BindAndIssue&apos;)]/div[@role=&apos;menuitem&apos;]
Element : By.xpath: //div[@id=&apos;gw-center-title-toolbar&apos;]//div[contains(@id,&apos;BindOptions-BindAndIssue&apos;)]/div[@role=&apos;menuitem&apos;] command : [clickAndwait] Value : []
Found Element By : By.xpath: //div[contains(@id,&apos;InfoBar-JobLabel&apos;)]//div[@class=&apos;gw-label&apos;]
Found Element By : By.xpath: //div[contains(@id,&apos;InfoBar-JobLabel&apos;)]//div[@class=&apos;gw-label&apos;]
Found Element By : By.xpath: //div[contains(@id,&apos;InfoBar-JobLabel&apos;)]//div[@class=&apos;gw-label&apos;]
Found Element By : By.xpath: //div[contains(@id,&apos;InfoBar-JobLabel&apos;)]//div[@class=&apos;gw-label&apos;]
Found Element By : By.xpath: //div[contains(@id,&apos;InfoBar-JobLabel&apos;)]//div[@class=&apos;gw-label&apos;]
Found Element By : By.xpath: //div[contains(@id,&apos;InfoBar-JobLabel&apos;)]//div[@class=&apos;gw-label&apos;]
Found Element By : By.xpath: //div[contains(@id,&apos;InfoBar-JobLabel&apos;)]//div[@class=&apos;gw-label&apos;]
Found Element By : By.xpath: //div[contains(@id,&apos;InfoBar-JobLabel&apos;)]//div[@class=&apos;gw-label&apos;]
Found Element By : By.xpath: //div[contains(@id,&apos;InfoBar-JobLabel&apos;)]//div[@class=&apos;gw-label&apos;]
Found Element By : By.xpath: //div[contains(@id,&apos;InfoBar-JobLabel&apos;)]//div[@class=&apos;gw-label&apos;]
Found Element By : By.xpath: //div[contains(@id,&apos;InfoBar-JobLabel&apos;)]//div[@class=&apos;gw-label&apos;]
Found Element By : By.xpath: //div[contains(@id,&apos;InfoBar-JobLabel&apos;)]//div[@class=&apos;gw-label&apos;]
Infobar Job =&gt; Actual = [Submission (Bound)] equals Expected = [Submission (Bound)]
Found Element By : By.xpath: //div[contains(@id,&apos;InfoBar-JobLabel&apos;)]//div[@class=&apos;gw-label&apos;]
Found Element By : By.xpath: //div[contains(@id,&apos;InfoBar-JobLabel&apos;)]//div[@class=&apos;gw-label&apos;]
Found Element By : By.xpath: //div[contains(@id,&apos;InfoBar-JobLabel&apos;)]//div[@class=&apos;gw-label&apos;]
UPDATE searchValues SET Job=&apos;Submission (Bound)&apos; WHERE PrimaryKey=&apos;AUT_PA_PC_Rewrite_NewTerm_01&apos;
1 row(s) affected
Found Element By : By.xpath: //div[contains(@id,&apos;InfoBar-PolicyNumber&apos;)]//div[@class=&apos;gw-label gw-infoValue&apos;]
Found Element By : By.xpath: //div[contains(@id,&apos;InfoBar-PolicyNumber&apos;)]//div[@class=&apos;gw-label gw-infoValue&apos;]
Found Element By : By.xpath: //div[contains(@id,&apos;InfoBar-PolicyNumber&apos;)]//div[@class=&apos;gw-label gw-infoValue&apos;]
UPDATE searchValues SET PolicyNumber=&apos;8306305845&apos; WHERE PrimaryKey=&apos;AUT_PA_PC_Rewrite_NewTerm_01&apos;
1 row(s) affected
Found Element By : By.xpath: //div[contains(@class,&apos;gw-isScreenTitle&apos;)]//div[@class=&apos;gw-TitleBar--title&apos; and @role=&apos;heading&apos;]
Found Element By : By.xpath: //div[contains(@class,&apos;gw-isScreenTitle&apos;)]//div[@class=&apos;gw-TitleBar--title&apos; and @role=&apos;heading&apos;]
Found Element By : By.xpath: //div[contains(@class,&apos;gw-isScreenTitle&apos;)]//div[@class=&apos;gw-TitleBar--title&apos; and @role=&apos;heading&apos;]
Found Element By : By.xpath: //div[contains(@class,&apos;gw-isScreenTitle&apos;)]//div[@class=&apos;gw-TitleBar--title&apos; and @role=&apos;heading&apos;]
Screen Header =&gt; Actual = [Submission Bound] equals Expected = [Submission Bound]
Found Element By : By.xpath: //div[contains(@id,&apos;JobCompleteDV-ViewPolicy&apos;)]//div[contains(text(),&apos;View your policy&apos;)]
Found Element By : By.xpath: //div[contains(@id,&apos;JobCompleteDV-ViewPolicy&apos;)]//div[contains(text(),&apos;View your policy&apos;)]
Element : By.xpath: //div[contains(@id,&apos;JobCompleteDV-ViewPolicy&apos;)]//div[contains(text(),&apos;View your policy&apos;)] command : [clickAndwait] Value : [NA]
Found Element By : By.xpath: //div[@id=&apos;PolicyFile_Summary-ttlBar&apos;]//div[@class=&apos;gw-TitleBar--title&apos; and @role=&apos;heading&apos; and contains(text(),&apos;Policy Summary&apos;)]
Found Element By : By.xpath: //div[@id=&apos;PolicyFile_Summary-ttlBar&apos;]//div[@class=&apos;gw-TitleBar--title&apos; and @role=&apos;heading&apos; and contains(text(),&apos;Policy Summary&apos;)]
Found Element By : By.xpath: //div[@id=&apos;PolicyFile_Summary-ttlBar&apos;]//div[@class=&apos;gw-TitleBar--title&apos; and @role=&apos;heading&apos; and contains(text(),&apos;Policy Summary&apos;)]
Screen Header =&gt; Actual = [Policy Summary: 8306305845] contains Expected = [Policy Summary]
Found Element By : By.xpath: //div[@class=&apos;gw-TitleSection&apos;]/div[@role=&apos;heading&apos;]/span[text()=&apos;Details&apos;]
Found Element By : By.xpath: //div[@class=&apos;gw-TitleSection&apos;]/div[@role=&apos;heading&apos;]/span[text()=&apos;Details&apos;]
Found Element By : By.xpath: //div[@class=&apos;gw-TitleSection&apos;]/div[@role=&apos;heading&apos;]/span[text()=&apos;Details&apos;]
Found Element By : By.xpath: //div[@class=&apos;gw-TitleSection&apos;]/div[@role=&apos;heading&apos;]/span[text()=&apos;Details&apos;]
Details =&gt; Actual = [Details] equals Expected = [Details]
Found Element By : By.xpath: //div[contains(@id,&apos;PolicyDetailsDetailViewTile_DV-PolicyNumber&apos;)]//div[@class=&apos;gw-value-readonly-wrapper&apos;]
Found Element By : By.xpath: //div[contains(@id,&apos;PolicyDetailsDetailViewTile_DV-PolicyNumber&apos;)]//div[@class=&apos;gw-value-readonly-wrapper&apos;]
Found Element By : By.xpath: //div[contains(@id,&apos;PolicyDetailsDetailViewTile_DV-PolicyNumber&apos;)]//div[@class=&apos;gw-value-readonly-wrapper&apos;]
Found Element By : By.xpath: //div[contains(@id,&apos;PolicyDetailsDetailViewTile_DV-PolicyNumber&apos;)]//div[@class=&apos;gw-value-readonly-wrapper&apos;]
Policy Number =&gt; Actual = [8306305845] equals Expected = [8306305845]
Found Element By : By.xpath: //div[contains(@id,&apos;PolicyDetailsDetailViewTile_DV-Product&apos;)]//div[@class=&apos;gw-value-readonly-wrapper&apos;]
Found Element By : By.xpath: //div[contains(@id,&apos;PolicyDetailsDetailViewTile_DV-Product&apos;)]//div[@class=&apos;gw-value-readonly-wrapper&apos;]
Found Element By : By.xpath: //div[contains(@id,&apos;PolicyDetailsDetailViewTile_DV-Product&apos;)]//div[@class=&apos;gw-value-readonly-wrapper&apos;]
Found Element By : By.xpath: //div[contains(@id,&apos;PolicyDetailsDetailViewTile_DV-Product&apos;)]//div[@class=&apos;gw-value-readonly-wrapper&apos;]
Product =&gt; Actual = [Personal Auto] equals Expected = [Personal Auto]
Found Element By : By.xpath: //div[contains(@id,&apos;PolicyDetailsDetailViewTile_DV-PrimaryNamedInsured_button&apos;)]
Found Element By : By.xpath: //div[contains(@id,&apos;PolicyDetailsDetailViewTile_DV-PrimaryNamedInsured_button&apos;)]
Found Element By : By.xpath: //div[contains(@id,&apos;PolicyDetailsDetailViewTile_DV-PrimaryNamedInsured_button&apos;)]
Found Element By : By.xpath: //div[contains(@id,&apos;PolicyDetailsDetailViewTile_DV-PrimaryNamedInsured_button&apos;)]
Primary Named Insured =&gt; Actual = [fphlQdKnj Automation] equals Expected = [fphlQdKnj Automation]
Found Element By : By.xpath: //div[contains(@id,&apos;PolicyDetailsDetailViewTile_DV-Underwriter&apos;)]//div[@class=&apos;gw-value-readonly-wrapper&apos;]
Found Element By : By.xpath: //div[contains(@id,&apos;PolicyDetailsDetailViewTile_DV-Underwriter&apos;)]//div[@class=&apos;gw-value-readonly-wrapper&apos;]
Found Element By : By.xpath: //div[contains(@id,&apos;PolicyDetailsDetailViewTile_DV-Underwriter&apos;)]//div[@class=&apos;gw-value-readonly-wrapper&apos;]
Found Element By : By.xpath: //div[contains(@id,&apos;PolicyDetailsDetailViewTile_DV-Underwriter&apos;)]//div[@class=&apos;gw-value-readonly-wrapper&apos;]
Underwriter =&gt; Actual = [Gracy Wang] equals Expected = [Gracy Wang]
Found Element By : By.xpath: //div[@class=&apos;gw-TitleSection&apos;]/div[@role=&apos;heading&apos;]/span[text()=&apos;Account&apos;]
Found Element By : By.xpath: //div[@class=&apos;gw-TitleSection&apos;]/div[@role=&apos;heading&apos;]/span[text()=&apos;Account&apos;]
Found Element By : By.xpath: //div[@class=&apos;gw-TitleSection&apos;]/div[@role=&apos;heading&apos;]/span[text()=&apos;Account&apos;]
Found Element By : By.xpath: //div[@class=&apos;gw-TitleSection&apos;]/div[@role=&apos;heading&apos;]/span[text()=&apos;Account&apos;]
Account =&gt; Actual = [Account] equals Expected = [Account]
Found Element By : By.xpath: //div[contains(@id,&apos;MenuActions&apos;)]/div[@role=&apos;button&apos;]/div[2]
Found Element By : By.xpath: //div[contains(@id,&apos;MenuActions&apos;)]/div[@role=&apos;button&apos;]/div[2]
Element : By.xpath: //div[contains(@id,&apos;MenuActions&apos;)]/div[@role=&apos;button&apos;]/div[2] command : [click] Value : []
Found Element By : By.xpath: //div[contains(@id,&apos;CancelPolicy&apos;)]//div[@class=&apos;gw-action--inner gw-hasDivider&apos;]
Found Element By : By.xpath: //div[contains(@id,&apos;CancelPolicy&apos;)]//div[@class=&apos;gw-action--inner gw-hasDivider&apos;]
Element : By.xpath: //div[contains(@id,&apos;CancelPolicy&apos;)]//div[@class=&apos;gw-action--inner gw-hasDivider&apos;] command : [click] Value : []
 executeQuery   strQuery = Select * from CancelPolicy WHERE PrimaryKey=&apos;AUT_PA_PC_Rewrite_NewTerm_01&apos;
Found Element By : By.xpath: //select[@name=&apos;StartCancellation-StartCancellationScreen-CancelPolicyDV-Source&apos;]
Found Element By : By.xpath: //select[@name=&apos;StartCancellation-StartCancellationScreen-CancelPolicyDV-Source&apos;]
Found Element By : By.xpath: .//option[normalize-space(.) = &quot;Insurer&quot;]
Element : By.xpath: //select[@name=&apos;StartCancellation-StartCancellationScreen-CancelPolicyDV-Source&apos;] command : [selectByVisibleText] Value : [Insurer]
Found Element By : By.xpath: //select[@name=&apos;StartCancellation-StartCancellationScreen-CancelPolicyDV-Reason&apos;]
Found Element By : By.xpath: //select[@name=&apos;StartCancellation-StartCancellationScreen-CancelPolicyDV-Reason&apos;]
Found Element By : By.xpath: //select[@name=&apos;StartCancellation-StartCancellationScreen-CancelPolicyDV-Reason&apos;]
Found Element By : By.xpath: //select[@name=&apos;StartCancellation-StartCancellationScreen-CancelPolicyDV-Reason&apos;]
Found Element By : By.xpath: .//option[normalize-space(.) = &quot;Policy rewritten (mid-term)&quot;]
Element : By.xpath: //select[@name=&apos;StartCancellation-StartCancellationScreen-CancelPolicyDV-Reason&apos;] command : [selectByVisibleTextAndwait] Value : [Policy rewritten (mid-term)]
Found Element By : By.xpath: //div[contains(@id,&apos;CancelPolicyDV-ReasonDescription&apos;)]//textarea[contains(@name,&apos;CancelPolicyDV-ReasonDescription&apos;)]
Found Element By : By.xpath: //div[contains(@id,&apos;CancelPolicyDV-ReasonDescription&apos;)]//textarea[contains(@name,&apos;CancelPolicyDV-ReasonDescription&apos;)]
Element : By.xpath: //div[contains(@id,&apos;CancelPolicyDV-ReasonDescription&apos;)]//textarea[contains(@name,&apos;CancelPolicyDV-ReasonDescription&apos;)] command : [clearANDsendKeys] Value : [NewTerm]
Found Element By : By.xpath: //div[@id=&apos;gw-center-title-toolbar&apos;]//div[contains(@class,&apos;gw-ToolbarButtonWidget&apos;)]/div[@role=&apos;button&apos;]//div[@class=&apos;gw-label&apos; and text()=&apos;Start Cancellation&apos;]
Found Element By : By.xpath: //div[@id=&apos;gw-center-title-toolbar&apos;]//div[contains(@class,&apos;gw-ToolbarButtonWidget&apos;)]/div[@role=&apos;button&apos;]//div[@class=&apos;gw-label&apos; and text()=&apos;Start Cancellation&apos;]
Element : By.xpath: //div[@id=&apos;gw-center-title-toolbar&apos;]//div[contains(@class,&apos;gw-ToolbarButtonWidget&apos;)]/div[@role=&apos;button&apos;]//div[@class=&apos;gw-label&apos; and text()=&apos;Start Cancellation&apos;] command : [click] Value : []
 executeQuery   strQuery = Select * from Confirmation WHERE PrimaryKey=&apos;AUT_PA_PC_Rewrite_NewTerm_01&apos;
Found Element By : By.xpath: //div[contains(@class,&apos;gw-isScreenTitle&apos;)]//div[@class=&apos;gw-TitleBar--title&apos; and @role=&apos;heading&apos;]
Found Element By : By.xpath: //div[contains(@class,&apos;gw-isScreenTitle&apos;)]//div[@class=&apos;gw-TitleBar--title&apos; and @role=&apos;heading&apos;]
Found Element By : By.xpath: //div[contains(@class,&apos;gw-isScreenTitle&apos;)]//div[@class=&apos;gw-TitleBar--title&apos; and @role=&apos;heading&apos;]
Found Element By : By.xpath: //div[contains(@class,&apos;gw-isScreenTitle&apos;)]//div[@class=&apos;gw-TitleBar--title&apos; and @role=&apos;heading&apos;]
Found Element By : By.xpath: //div[contains(@class,&apos;gw-isScreenTitle&apos;)]//div[@class=&apos;gw-TitleBar--title&apos; and @role=&apos;heading&apos;]
Found Element By : By.xpath: //div[contains(@class,&apos;gw-isScreenTitle&apos;)]//div[@class=&apos;gw-TitleBar--title&apos; and @role=&apos;heading&apos;]
Screen Header =&gt; Actual = [Confirmation] equals Expected = [Confirmation]
Found Element By : By.xpath: //div[contains(@id,&apos;SummaryDV-PolicyNumber&apos;)]//div[@class=&apos;gw-value-readonly-wrapper&apos;]
Found Element By : By.xpath: //div[contains(@id,&apos;SummaryDV-PolicyNumber&apos;)]//div[@class=&apos;gw-value-readonly-wrapper&apos;]
Found Element By : By.xpath: //div[contains(@id,&apos;SummaryDV-PolicyNumber&apos;)]//div[@class=&apos;gw-value-readonly-wrapper&apos;]
Found Element By : By.xpath: //div[contains(@id,&apos;SummaryDV-PolicyNumber&apos;)]//div[@class=&apos;gw-value-readonly-wrapper&apos;]
PolicyNumber =&gt; Actual = [8306305845] equals Expected = [8306305845]
Found Element By : By.xpath: //div[contains(@id,&apos;Quote_SummaryDV-Insured&apos;)]//div[@class=&apos;gw-value-readonly-wrapper&apos;]
Found Element By : By.xpath: //div[contains(@id,&apos;Quote_SummaryDV-Insured&apos;)]//div[@class=&apos;gw-value-readonly-wrapper&apos;]
Found Element By : By.xpath: //div[contains(@id,&apos;Quote_SummaryDV-Insured&apos;)]//div[@class=&apos;gw-value-readonly-wrapper&apos;]
Found Element By : By.xpath: //div[contains(@id,&apos;Quote_SummaryDV-Insured&apos;)]//div[@class=&apos;gw-value-readonly-wrapper&apos;]
Primary_Named_Insured =&gt; Actual = [fphlQdKnj Automation] equals Expected = [fphlQdKnj Automation]
Found Element By : By.xpath: //div[contains(@id,&apos;GlobalAddressInputSet-AddressSummary&apos;)]//div[@class=&apos;gw-value-readonly-wrapper&apos;]
Found Element By : By.xpath: //div[contains(@id,&apos;GlobalAddressInputSet-AddressSummary&apos;)]//div[@class=&apos;gw-value-readonly-wrapper&apos;]
Found Element By : By.xpath: //div[contains(@id,&apos;GlobalAddressInputSet-AddressSummary&apos;)]//div[@class=&apos;gw-value-readonly-wrapper&apos;]
Address =&gt; Actual = [559 hrMUsNx Suites
South Avenue
DownTown
Anchorage, AK 99501] contains Expected = [Suites
South Avenue
DownTown
Anchorage, AK 99501]
Found Element By : By.xpath: //div[contains(@id,&apos;GlobalAddressInputSet-County&apos;)]//div[@class=&apos;gw-value-readonly-wrapper&apos;]
Found Element By : By.xpath: //div[contains(@id,&apos;GlobalAddressInputSet-County&apos;)]//div[@class=&apos;gw-value-readonly-wrapper&apos;]
Found Element By : By.xpath: //div[contains(@id,&apos;GlobalAddressInputSet-County&apos;)]//div[@class=&apos;gw-value-readonly-wrapper&apos;]
Found Element By : By.xpath: //div[contains(@id,&apos;GlobalAddressInputSet-County&apos;)]//div[@class=&apos;gw-value-readonly-wrapper&apos;]
County =&gt; Actual = [Anchorage] equals Expected = [Anchorage]
Found Element By : By.xpath: //div[contains(@id,&apos;PolicyAddressDisplayInputSet-AddressType&apos;) and contains(@class,&apos;gw-ValueWidget&apos;)]//div[@class=&apos;gw-label&apos;]
Found Element By : By.xpath: //div[contains(@id,&apos;PolicyAddressDisplayInputSet-AddressType&apos;) and contains(@class,&apos;gw-ValueWidget&apos;)]//div[@class=&apos;gw-label&apos;]
Found Element By : By.xpath: //div[contains(@id,&apos;PolicyAddressDisplayInputSet-AddressType&apos;) and contains(@class,&apos;gw-ValueWidget&apos;)]//div[@class=&apos;gw-label&apos;]
Found Element By : By.xpath: //div[contains(@id,&apos;PolicyAddressDisplayInputSet-AddressType&apos;) and contains(@class,&apos;gw-ValueWidget&apos;)]//div[@class=&apos;gw-label&apos;]
Address Type =&gt; Actual = [Home] equals Expected = [Home]
Found Element By : By.xpath: //div[contains(@id,&apos;PolicyAddressDisplayInputSet-AddressDescription&apos;)]//div[@class=&apos;gw-value-readonly-wrapper&apos;]
Found Element By : By.xpath: //div[contains(@id,&apos;PolicyAddressDisplayInputSet-AddressDescription&apos;)]//div[@class=&apos;gw-value-readonly-wrapper&apos;]
Found Element By : By.xpath: //div[contains(@id,&apos;PolicyAddressDisplayInputSet-AddressDescription&apos;)]//div[@class=&apos;gw-value-readonly-wrapper&apos;]
Address_Description =&gt; Actual = [fphlQdKnj AutomationLikes to] contains Expected = [fphlQdKnj Automation]
Found Element By : By.xpath: //div[@id=&apos;gw-center-title-toolbar&apos;]//div[contains(@id,&apos;BindOptions&apos;)]/div[@role=&apos;button&apos;]
Found Element By : By.xpath: //div[@id=&apos;gw-center-title-toolbar&apos;]//div[contains(@id,&apos;BindOptions&apos;)]/div[@role=&apos;button&apos;]
Element : By.xpath: //div[@id=&apos;gw-center-title-toolbar&apos;]//div[contains(@id,&apos;BindOptions&apos;)]/div[@role=&apos;button&apos;] command : [click] Value : []
Found Element By : By.xpath: //div[@id=&apos;gw-center-title-toolbar&apos;]//div[contains(@id,&apos;BindOptions-CancelNow&apos;)]/div[@role=&apos;menuitem&apos;]
Found Element By : By.xpath: //div[@id=&apos;gw-center-title-toolbar&apos;]//div[contains(@id,&apos;BindOptions-CancelNow&apos;)]/div[@role=&apos;menuitem&apos;]
Element : By.xpath: //div[@id=&apos;gw-center-title-toolbar&apos;]//div[contains(@id,&apos;BindOptions-CancelNow&apos;)]/div[@role=&apos;menuitem&apos;] command : [clickAndwait] Value : []
Found Element By : By.xpath: //div[contains(@id,&apos;InfoBar-JobLabel&apos;)]//div[@class=&apos;gw-label&apos;]
Found Element By : By.xpath: //div[contains(@id,&apos;InfoBar-JobLabel&apos;)]//div[@class=&apos;gw-label&apos;]
Found Element By : By.xpath: //div[contains(@id,&apos;InfoBar-JobLabel&apos;)]//div[@class=&apos;gw-label&apos;]
Found Element By : By.xpath: //div[contains(@id,&apos;InfoBar-JobLabel&apos;)]//div[@class=&apos;gw-label&apos;]
Infobar Job =&gt; Actual = [Cancellation (Bound)] equals Expected = [Cancellation (Bound)]
Found Element By : By.xpath: //div[contains(@class,&apos;gw-isScreenTitle&apos;)]//div[@class=&apos;gw-TitleBar--title&apos; and @role=&apos;heading&apos;]
Found Element By : By.xpath: //div[contains(@class,&apos;gw-isScreenTitle&apos;)]//div[@class=&apos;gw-TitleBar--title&apos; and @role=&apos;heading&apos;]
Found Element By : By.xpath: //div[contains(@class,&apos;gw-isScreenTitle&apos;)]//div[@class=&apos;gw-TitleBar--title&apos; and @role=&apos;heading&apos;]
Found Element By : By.xpath: //div[contains(@class,&apos;gw-isScreenTitle&apos;)]//div[@class=&apos;gw-TitleBar--title&apos; and @role=&apos;heading&apos;]
Screen Header =&gt; Actual = [Cancellation Bound] equals Expected = [Cancellation Bound]
Found Element By : By.xpath: //div[contains(@id,&apos;JobCompleteDV-ViewPolicy&apos;)]//div[contains(text(),&apos;View your policy&apos;)]
Found Element By : By.xpath: //div[contains(@id,&apos;JobCompleteDV-ViewPolicy&apos;)]//div[contains(text(),&apos;View your policy&apos;)]
Element : By.xpath: //div[contains(@id,&apos;JobCompleteDV-ViewPolicy&apos;)]//div[contains(text(),&apos;View your policy&apos;)] command : [clickAndwait] Value : [NA]
Found Element By : By.xpath: //div[@id=&apos;PolicyFile_Summary-ttlBar&apos;]//div[@class=&apos;gw-TitleBar--title&apos; and @role=&apos;heading&apos; and contains(text(),&apos;Policy Summary&apos;)]
Found Element By : By.xpath: //div[@id=&apos;PolicyFile_Summary-ttlBar&apos;]//div[@class=&apos;gw-TitleBar--title&apos; and @role=&apos;heading&apos; and contains(text(),&apos;Policy Summary&apos;)]
Found Element By : By.xpath: //div[@id=&apos;PolicyFile_Summary-ttlBar&apos;]//div[@class=&apos;gw-TitleBar--title&apos; and @role=&apos;heading&apos; and contains(text(),&apos;Policy Summary&apos;)]
Screen Header =&gt; Actual = [Policy Summary: 8306305845] contains Expected = [Policy Summary]
Found Element By : By.xpath: //div[@class=&apos;gw-TitleSection&apos;]/div[@role=&apos;heading&apos;]/span[text()=&apos;Details&apos;]
Found Element By : By.xpath: //div[@class=&apos;gw-TitleSection&apos;]/div[@role=&apos;heading&apos;]/span[text()=&apos;Details&apos;]
Found Element By : By.xpath: //div[@class=&apos;gw-TitleSection&apos;]/div[@role=&apos;heading&apos;]/span[text()=&apos;Details&apos;]
Found Element By : By.xpath: //div[@class=&apos;gw-TitleSection&apos;]/div[@role=&apos;heading&apos;]/span[text()=&apos;Details&apos;]
Details =&gt; Actual = [Details] equals Expected = [Details]
Found Element By : By.xpath: //div[contains(@id,&apos;PolicyDetailsDetailViewTile_DV-PolicyNumber&apos;)]//div[@class=&apos;gw-value-readonly-wrapper&apos;]
Found Element By : By.xpath: //div[contains(@id,&apos;PolicyDetailsDetailViewTile_DV-PolicyNumber&apos;)]//div[@class=&apos;gw-value-readonly-wrapper&apos;]
Found Element By : By.xpath: //div[contains(@id,&apos;PolicyDetailsDetailViewTile_DV-PolicyNumber&apos;)]//div[@class=&apos;gw-value-readonly-wrapper&apos;]
Found Element By : By.xpath: //div[contains(@id,&apos;PolicyDetailsDetailViewTile_DV-PolicyNumber&apos;)]//div[@class=&apos;gw-value-readonly-wrapper&apos;]
Policy Number =&gt; Actual = [8306305845] equals Expected = [8306305845]
Found Element By : By.xpath: //div[contains(@id,&apos;PolicyDetailsDetailViewTile_DV-Product&apos;)]//div[@class=&apos;gw-value-readonly-wrapper&apos;]
Found Element By : By.xpath: //div[contains(@id,&apos;PolicyDetailsDetailViewTile_DV-Product&apos;)]//div[@class=&apos;gw-value-readonly-wrapper&apos;]
Found Element By : By.xpath: //div[contains(@id,&apos;PolicyDetailsDetailViewTile_DV-Product&apos;)]//div[@class=&apos;gw-value-readonly-wrapper&apos;]
Found Element By : By.xpath: //div[contains(@id,&apos;PolicyDetailsDetailViewTile_DV-Product&apos;)]//div[@class=&apos;gw-value-readonly-wrapper&apos;]
Product =&gt; Actual = [Personal Auto] equals Expected = [Personal Auto]
Found Element By : By.xpath: //div[contains(@id,&apos;PolicyDetailsDetailViewTile_DV-PrimaryNamedInsured_button&apos;)]
Found Element By : By.xpath: //div[contains(@id,&apos;PolicyDetailsDetailViewTile_DV-PrimaryNamedInsured_button&apos;)]
Found Element By : By.xpath: //div[contains(@id,&apos;PolicyDetailsDetailViewTile_DV-PrimaryNamedInsured_button&apos;)]
Found Element By : By.xpath: //div[contains(@id,&apos;PolicyDetailsDetailViewTile_DV-PrimaryNamedInsured_button&apos;)]
Primary Named Insured =&gt; Actual = [fphlQdKnj Automation] equals Expected = [fphlQdKnj Automation]
Found Element By : By.xpath: //div[contains(@id,&apos;PolicyDetailsDetailViewTile_DV-Underwriter&apos;)]//div[@class=&apos;gw-value-readonly-wrapper&apos;]
Found Element By : By.xpath: //div[contains(@id,&apos;PolicyDetailsDetailViewTile_DV-Underwriter&apos;)]//div[@class=&apos;gw-value-readonly-wrapper&apos;]
Found Element By : By.xpath: //div[contains(@id,&apos;PolicyDetailsDetailViewTile_DV-Underwriter&apos;)]//div[@class=&apos;gw-value-readonly-wrapper&apos;]
Found Element By : By.xpath: //div[contains(@id,&apos;PolicyDetailsDetailViewTile_DV-Underwriter&apos;)]//div[@class=&apos;gw-value-readonly-wrapper&apos;]
Underwriter =&gt; Actual = [Gracy Wang] equals Expected = [Gracy Wang]
Found Element By : By.xpath: //div[contains(@id,&apos;InfoBar-StatusAndExpDate&apos;)]//div[@class=&apos;gw-label&apos;]
Found Element By : By.xpath: //div[contains(@id,&apos;InfoBar-StatusAndExpDate&apos;)]//div[@class=&apos;gw-label&apos;]
Found Element By : By.xpath: //div[contains(@id,&apos;InfoBar-StatusAndExpDate&apos;)]//div[@class=&apos;gw-label&apos;]
UPDATE searchValues SET Job=&apos;Canceled: 06/04/2021&apos; WHERE PrimaryKey=&apos;AUT_PA_PC_Rewrite_NewTerm_01&apos;
1 row(s) affected
Found Element By : By.xpath: //div[contains(@id,&apos;MenuActions&apos;)]/div[@role=&apos;button&apos;]/div[2]
Found Element By : By.xpath: //div[contains(@id,&apos;MenuActions&apos;)]/div[@role=&apos;button&apos;]/div[2]
Element : By.xpath: //div[contains(@id,&apos;MenuActions&apos;)]/div[@role=&apos;button&apos;]/div[2] command : [click] Value : []
Found Element By : By.xpath: //div[contains(@id,&apos;RewriteNewTerm&apos;)]//div[@class=&apos;gw-label&apos;]
Found Element By : By.xpath: //div[contains(@id,&apos;RewriteNewTerm&apos;)]//div[@class=&apos;gw-label&apos;]
Element : By.xpath: //div[contains(@id,&apos;RewriteNewTerm&apos;)]//div[@class=&apos;gw-label&apos;] command : [click] Value : []
Found Element By : By.xpath: //div[contains(@id,&apos;InfoBar-JobLabel&apos;)]//div[@class=&apos;gw-label&apos;]
Found Element By : By.xpath: //div[contains(@id,&apos;InfoBar-JobLabel&apos;)]//div[@class=&apos;gw-label&apos;]
Found Element By : By.xpath: //div[contains(@id,&apos;InfoBar-JobLabel&apos;)]//div[@class=&apos;gw-label&apos;]
UPDATE searchValues SET Job=&apos;Rewrite New Term (Draft)&apos; WHERE PrimaryKey=&apos;AUT_PA_PC_Rewrite_NewTerm_01&apos;
1 row(s) affected
Found Element By : By.xpath: //div[contains(@id,&apos;InfoBar-LOBLabel&apos;)]//div[@class=&apos;gw-label&apos;]
Found Element By : By.xpath: //div[contains(@id,&apos;InfoBar-LOBLabel&apos;)]//div[@class=&apos;gw-label&apos;]
Found Element By : By.xpath: //div[contains(@id,&apos;InfoBar-LOBLabel&apos;)]//div[@class=&apos;gw-label&apos;]
UPDATE searchValues SET LOB=&apos;Personal Auto&apos; WHERE PrimaryKey=&apos;AUT_PA_PC_Rewrite_NewTerm_01&apos;
1 row(s) affected
Found Element By : By.xpath: //div[contains(@id,&apos;InfoBar-EffectiveDate&apos;)]//div[@class=&apos;gw-label&apos;]
Found Element By : By.xpath: //div[contains(@id,&apos;InfoBar-EffectiveDate&apos;)]//div[@class=&apos;gw-label&apos;]
Found Element By : By.xpath: //div[contains(@id,&apos;InfoBar-EffectiveDate&apos;)]//div[@class=&apos;gw-label&apos;]
Found Element By : By.xpath: //div[contains(@id,&apos;InfoBar-AccountName&apos;)]//div[@class=&apos;gw-label gw-infoValue&apos;]
Found Element By : By.xpath: //div[contains(@id,&apos;InfoBar-AccountName&apos;)]//div[@class=&apos;gw-label gw-infoValue&apos;]
Found Element By : By.xpath: //div[contains(@id,&apos;InfoBar-AccountName&apos;)]//div[@class=&apos;gw-label gw-infoValue&apos;]
UPDATE searchValues SET AccountName=&apos;fphlQdKnj Automation&apos; WHERE PrimaryKey=&apos;AUT_PA_PC_Rewrite_NewTerm_01&apos;
1 row(s) affected
Found Element By : By.xpath: //div[contains(@id,&apos;InfoBar-AccountNumber&apos;)]//div[@class=&apos;gw-label gw-infoValue&apos;]
Found Element By : By.xpath: //div[contains(@id,&apos;InfoBar-AccountNumber&apos;)]//div[@class=&apos;gw-label gw-infoValue&apos;]
Found Element By : By.xpath: //div[contains(@id,&apos;InfoBar-AccountNumber&apos;)]//div[@class=&apos;gw-label gw-infoValue&apos;]
UPDATE searchValues SET AccountNumber=&apos;1309023209&apos; WHERE PrimaryKey=&apos;AUT_PA_PC_Rewrite_NewTerm_01&apos;
1 row(s) affected
Found Element By : By.xpath: //div[contains(@id,&apos;InfoBar-PolicyNumber&apos;)]//div[@class=&apos;gw-label gw-infoValue&apos;]
Found Element By : By.xpath: //div[contains(@id,&apos;InfoBar-PolicyNumber&apos;)]//div[@class=&apos;gw-label gw-infoValue&apos;]
Found Element By : By.xpath: //div[contains(@id,&apos;InfoBar-PolicyNumber&apos;)]//div[@class=&apos;gw-label gw-infoValue&apos;]
UPDATE searchValues SET PolicyNumber=&apos;8306305845&apos; WHERE PrimaryKey=&apos;AUT_PA_PC_Rewrite_NewTerm_01&apos;
1 row(s) affected
Found Element By : By.xpath: //div[contains(@id,&apos;InfoBar-Underwriter&apos;)]//div[@class=&apos;gw-label gw-infoValue&apos;]
Found Element By : By.xpath: //div[contains(@id,&apos;InfoBar-Underwriter&apos;)]//div[@class=&apos;gw-label gw-infoValue&apos;]
Found Element By : By.xpath: //div[contains(@id,&apos;InfoBar-Underwriter&apos;)]//div[@class=&apos;gw-label gw-infoValue&apos;]
Found Element By : By.xpath: //div[@id=&apos;gw-west-center&apos;]//div[@class=&apos;gw-Wizard--Title&apos; and contains(text(),&apos;Rewrite &apos;)]
Found Element By : By.xpath: //div[@id=&apos;gw-west-center&apos;]//div[@class=&apos;gw-Wizard--Title&apos; and contains(text(),&apos;Rewrite &apos;)]
Found Element By : By.xpath: //div[@id=&apos;gw-west-center&apos;]//div[@class=&apos;gw-Wizard--Title&apos; and contains(text(),&apos;Rewrite &apos;)]
UPDATE searchValues SET SubmissionNumber=&apos;0172563716&apos; WHERE PrimaryKey=&apos;AUT_PA_PC_Rewrite_NewTerm_01&apos;
1 row(s) affected
 executeQuery   strQuery = Select * from offering WHERE PrimaryKey=&apos;AUT_PA_PC_Rewrite_NewTerm_01&apos;
Found Element By : By.xpath: //div[contains(@class,&apos;gw-isScreenTitle&apos;)]//div[@class=&apos;gw-TitleBar--title&apos; and @role=&apos;heading&apos; and text()=&apos;Offerings&apos;]
Found Element By : By.xpath: //div[contains(@class,&apos;gw-isScreenTitle&apos;)]//div[@class=&apos;gw-TitleBar--title&apos; and @role=&apos;heading&apos; and text()=&apos;Offerings&apos;]
Found Element By : By.xpath: //div[contains(@class,&apos;gw-isScreenTitle&apos;)]//div[@class=&apos;gw-TitleBar--title&apos; and @role=&apos;heading&apos; and text()=&apos;Offerings&apos;]
Found Element By : By.xpath: //div[contains(@class,&apos;gw-isScreenTitle&apos;)]//div[@class=&apos;gw-TitleBar--title&apos; and @role=&apos;heading&apos; and text()=&apos;Offerings&apos;]
Screen Header =&gt; Actual = [Offerings] equals Expected = [Offerings]
Found Element By : By.xpath: //select[contains(@name,&apos;OfferingScreen-OfferingSelection&apos;)]
Found Element By : By.xpath: //select[contains(@name,&apos;OfferingScreen-OfferingSelection&apos;)]
Found Element By : By.xpath: .//option[normalize-space(.) = &quot;Standard Program&quot;]
Element : By.xpath: //select[contains(@name,&apos;OfferingScreen-OfferingSelection&apos;)] command : [selectByVisibleText] Value : [Standard Program]
Found Element By : By.xpath: //div[@id=&apos;gw-center-title-toolbar&apos;]//div[contains(@class,&apos;gw-ToolbarButtonWidget&apos;)]/div[@role=&apos;button&apos;]//div[@class=&apos;gw-label&apos; and text()=&apos;Next&apos;]
Found Element By : By.xpath: //div[@id=&apos;gw-center-title-toolbar&apos;]//div[contains(@class,&apos;gw-ToolbarButtonWidget&apos;)]/div[@role=&apos;button&apos;]//div[@class=&apos;gw-label&apos; and text()=&apos;Next&apos;]
Element : By.xpath: //div[@id=&apos;gw-center-title-toolbar&apos;]//div[contains(@class,&apos;gw-ToolbarButtonWidget&apos;)]/div[@role=&apos;button&apos;]//div[@class=&apos;gw-label&apos; and text()=&apos;Next&apos;] command : [clickAndwait] Value : []
 executeQuery   strQuery = Select * from policyInfo WHERE PrimaryKey=&apos;AUT_PA_PC_Rewrite_NewTerm_01&apos;
Found Element By : By.xpath: //div[contains(@class,&apos;gw-isScreenTitle&apos;)]//div[@class=&apos;gw-TitleBar--title&apos; and @role=&apos;heading&apos;]
Found Element By : By.xpath: //div[contains(@class,&apos;gw-isScreenTitle&apos;)]//div[@class=&apos;gw-TitleBar--title&apos; and @role=&apos;heading&apos;]
Found Element By : By.xpath: //div[contains(@class,&apos;gw-isScreenTitle&apos;)]//div[@class=&apos;gw-TitleBar--title&apos; and @role=&apos;heading&apos;]
Found Element By : By.xpath: //div[contains(@class,&apos;gw-isScreenTitle&apos;)]//div[@class=&apos;gw-TitleBar--title&apos; and @role=&apos;heading&apos;]
Screen Header =&gt; Actual = [Policy Info] equals Expected = [Policy Info]
Found Element By : By.xpath: //div[contains(@id,&apos;AccountInfoInputSet-Name&apos;)]//div[contains(@id,&apos;AccountInfoInputSet-Name_button&apos;)]
Found Element By : By.xpath: //div[contains(@id,&apos;AccountInfoInputSet-Name&apos;)]//div[contains(@id,&apos;AccountInfoInputSet-Name_button&apos;)]
Found Element By : By.xpath: //div[contains(@id,&apos;AccountInfoInputSet-Name&apos;)]//div[contains(@id,&apos;AccountInfoInputSet-Name_button&apos;)]
Found Element By : By.xpath: //div[contains(@id,&apos;AccountInfoInputSet-Name&apos;)]//div[contains(@id,&apos;AccountInfoInputSet-Name_button&apos;)]
Name =&gt; Actual = [fphlQdKnj Automation] equals Expected = [fphlQdKnj Automation]
Found Element By : By.xpath: //div[contains(@id,&apos;AccountInfoInputSet-Phone-GlobalPhoneInputSet-PhoneDisplay&apos;)]//div[contains(@class,&apos;gw-value-readonly-wrapper&apos;)]
Found Element By : By.xpath: //div[contains(@id,&apos;AccountInfoInputSet-Phone-GlobalPhoneInputSet-PhoneDisplay&apos;)]//div[contains(@class,&apos;gw-value-readonly-wrapper&apos;)]
Found Element By : By.xpath: //div[contains(@id,&apos;AccountInfoInputSet-Phone-GlobalPhoneInputSet-PhoneDisplay&apos;)]//div[contains(@class,&apos;gw-value-readonly-wrapper&apos;)]
Found Element By : By.xpath: //div[contains(@id,&apos;AccountInfoInputSet-Phone-GlobalPhoneInputSet-PhoneDisplay&apos;)]//div[contains(@class,&apos;gw-value-readonly-wrapper&apos;)]
Phone =&gt; Actual = [201-555-1003] equals Expected = [201-555-1003]
Found Element By : By.xpath: //div[contains(@id,&apos;GlobalAddressInputSet-AddressSummary&apos;)]//div[contains(@class,&apos;gw-value-readonly-wrapper&apos;)]
Found Element By : By.xpath: //div[contains(@id,&apos;GlobalAddressInputSet-AddressSummary&apos;)]//div[contains(@class,&apos;gw-value-readonly-wrapper&apos;)]
Found Element By : By.xpath: //div[contains(@id,&apos;GlobalAddressInputSet-AddressSummary&apos;)]//div[contains(@class,&apos;gw-value-readonly-wrapper&apos;)]
Policy Address =&gt; Actual = [559 hrMUsNx Suites
South Avenue
DownTown
Anchorage, AK 99501] contains Expected = [Suites
South Avenue
DownTown
Anchorage, AK 99501]
Found Element By : By.xpath: //div[contains(@id,&apos;GlobalAddressInputSet-County&apos;)]//div[contains(@class,&apos;gw-value-readonly-wrapper&apos;)]
Found Element By : By.xpath: //div[contains(@id,&apos;GlobalAddressInputSet-County&apos;)]//div[contains(@class,&apos;gw-value-readonly-wrapper&apos;)]
Found Element By : By.xpath: //div[contains(@id,&apos;GlobalAddressInputSet-County&apos;)]//div[contains(@class,&apos;gw-value-readonly-wrapper&apos;)]
Found Element By : By.xpath: //div[contains(@id,&apos;GlobalAddressInputSet-County&apos;)]//div[contains(@class,&apos;gw-value-readonly-wrapper&apos;)]
County =&gt; Actual = [Anchorage] equals Expected = [Anchorage]
Found Element By : By.xpath: //div[contains(@id,&apos;AddressType&apos;) and contains(@class,&apos;gw-ValueWidget&apos;)]//div[contains(@class,&apos;gw-label&apos;)]
Found Element By : By.xpath: //div[contains(@id,&apos;AddressType&apos;) and contains(@class,&apos;gw-ValueWidget&apos;)]//div[contains(@class,&apos;gw-label&apos;)]
Found Element By : By.xpath: //div[contains(@id,&apos;AddressType&apos;) and contains(@class,&apos;gw-ValueWidget&apos;)]//div[contains(@class,&apos;gw-label&apos;)]
Found Element By : By.xpath: //div[contains(@id,&apos;AddressType&apos;) and contains(@class,&apos;gw-ValueWidget&apos;)]//div[contains(@class,&apos;gw-label&apos;)]
Address Type =&gt; Actual = [Home] equals Expected = [Home]
 executeQuery   strQuery = Select * from policyInfo WHERE PrimaryKey=&apos;AUT_PA_PC_Rewrite_NewTerm_01&apos;
Found Element By : By.xpath: //div[contains(@class,&apos;gw-LabelWidget&apos;)]/div[contains(@class,&apos;gw-label&apos;) and text()=&apos;Official IDs&apos;]
Found Element By : By.xpath: //div[contains(@class,&apos;gw-LabelWidget&apos;)]/div[contains(@class,&apos;gw-label&apos;) and text()=&apos;Official IDs&apos;]
Found Element By : By.xpath: //div[contains(@class,&apos;gw-LabelWidget&apos;)]/div[contains(@class,&apos;gw-label&apos;) and text()=&apos;Official IDs&apos;]
Found Element By : By.xpath: //div[contains(@class,&apos;gw-LabelWidget&apos;)]/div[contains(@class,&apos;gw-label&apos;) and text()=&apos;Official IDs&apos;]
Official IDs =&gt; Actual = [Official IDs] equals Expected = [Official IDs]
 executeQuery   strQuery = Select * from policyInfo WHERE PrimaryKey=&apos;AUT_PA_PC_Rewrite_NewTerm_01&apos;
Found Element By : By.xpath: //div[contains(@class,&apos;gw-boldLabel&apos;) and text()=&apos;Policy Details&apos;]
Found Element By : By.xpath: //div[contains(@class,&apos;gw-boldLabel&apos;) and text()=&apos;Policy Details&apos;]
Found Element By : By.xpath: //div[contains(@class,&apos;gw-boldLabel&apos;) and text()=&apos;Policy Details&apos;]
Found Element By : By.xpath: //div[contains(@class,&apos;gw-boldLabel&apos;) and text()=&apos;Policy Details&apos;]
Policy Details =&gt; Actual = [Policy Details] equals Expected = [Policy Details]
Found Element By : By.xpath: //input[contains(@name,&apos;PolicyInfoInputSet-EffectiveDate&apos;)]
Found Element By : By.xpath: //input[contains(@name,&apos;PolicyInfoInputSet-EffectiveDate&apos;)]
Found Element By : By.xpath: //input[contains(@name,&apos;PolicyInfoInputSet-EffectiveDate&apos;)]
Effective Date =&gt; Fetched value = []
Found Element By : By.xpath: //div[contains(@id,&apos;PolicyInfoInputSet-ExpirationDate&apos;)]//div[contains(@class,&apos;gw-value-readonly-wrapper&apos;)]
Found Element By : By.xpath: //div[contains(@id,&apos;PolicyInfoInputSet-ExpirationDate&apos;)]//div[contains(@class,&apos;gw-value-readonly-wrapper&apos;)]
Found Element By : By.xpath: //div[contains(@id,&apos;PolicyInfoInputSet-ExpirationDate&apos;)]//div[contains(@class,&apos;gw-value-readonly-wrapper&apos;)]
Expiration Date =&gt; Fetched value = [12/04/2021]
Found Element By : By.xpath: //input[contains(@name,&apos;PolicyInfoInputSet-WrittenDate&apos;)]
Found Element By : By.xpath: //input[contains(@name,&apos;PolicyInfoInputSet-WrittenDate&apos;)]
Found Element By : By.xpath: //input[contains(@name,&apos;PolicyInfoInputSet-WrittenDate&apos;)]
Written Date =&gt; Fetched value = []
 executeQuery   strQuery = Select * from policyInfo WHERE PrimaryKey=&apos;AUT_PA_PC_Rewrite_NewTerm_01&apos;
Found Element By : By.xpath: //div[contains(@class,&apos;gw-boldLabel&apos;) and text()=&apos;Affinity Group&apos;]
Found Element By : By.xpath: //div[contains(@class,&apos;gw-boldLabel&apos;) and text()=&apos;Affinity Group&apos;]
Found Element By : By.xpath: //div[contains(@class,&apos;gw-boldLabel&apos;) and text()=&apos;Affinity Group&apos;]
Found Element By : By.xpath: //div[contains(@class,&apos;gw-boldLabel&apos;) and text()=&apos;Affinity Group&apos;]
Affinity Group =&gt; Actual = [Affinity Group] equals Expected = [Affinity Group]
Found Element By : By.xpath: //input[contains(@name,&apos;PolicyInfoInputSet-AffinityGroup&apos;)]
Found Element By : By.xpath: //input[contains(@name,&apos;PolicyInfoInputSet-AffinityGroup&apos;)]
Element : By.xpath: //input[contains(@name,&apos;PolicyInfoInputSet-AffinityGroup&apos;)] command : [sendKeys] Value : []
 executeQuery   strQuery = Select * from policyInfo WHERE PrimaryKey=&apos;AUT_PA_PC_Rewrite_NewTerm_01&apos;
Found Element By : By.xpath: //div[contains(@class,&apos;gw-boldLabel&apos;) and text()=&apos;Producer of Record&apos;]
Found Element By : By.xpath: //div[contains(@class,&apos;gw-boldLabel&apos;) and text()=&apos;Producer of Record&apos;]
Found Element By : By.xpath: //div[contains(@class,&apos;gw-boldLabel&apos;) and text()=&apos;Producer of Record&apos;]
Found Element By : By.xpath: //div[contains(@class,&apos;gw-boldLabel&apos;) and text()=&apos;Producer of Record&apos;]
Producer of Record =&gt; Actual = [Producer of Record] equals Expected = [Producer of Record]
Found Element By : By.xpath: //input[contains(@name,&apos;PolicyInfoProducerOfRecordInputSet-Producer&apos;)]
Found Element By : By.xpath: //input[contains(@name,&apos;PolicyInfoProducerOfRecordInputSet-Producer&apos;)]
Found Element By : By.xpath: //input[contains(@name,&apos;PolicyInfoProducerOfRecordInputSet-Producer&apos;)]
Organization =&gt; Actual = [ACV Property Insurance] valueEquals Expected = [ACV Property Insurance]
Found Element By : By.xpath: //select[contains(@name,&apos;PolicyInfoProducerOfRecordInputSet-ProducerCode&apos;)]
Found Element By : By.xpath: //select[contains(@name,&apos;PolicyInfoProducerOfRecordInputSet-ProducerCode&apos;)]
Found Element By : By.xpath: //select[contains(@name,&apos;PolicyInfoProducerOfRecordInputSet-ProducerCode&apos;)]
Found Element By : By.tagName: option
ProducerCode =&gt; Actual = [301-008578 ACV Property Insurance] FirstSelectedOptionEquals Expected = [301-008578 ACV Property Insurance]
 executeQuery   strQuery = Select * from policyInfo WHERE PrimaryKey=&apos;AUT_PA_PC_Rewrite_NewTerm_01&apos;
Found Element By : By.xpath: //div[contains(@class,&apos;gw-boldLabel&apos;) and text()=&apos;Underwriting Companies&apos;]
Found Element By : By.xpath: //div[contains(@class,&apos;gw-boldLabel&apos;) and text()=&apos;Underwriting Companies&apos;]
Found Element By : By.xpath: //div[contains(@class,&apos;gw-boldLabel&apos;) and text()=&apos;Underwriting Companies&apos;]
Found Element By : By.xpath: //div[contains(@class,&apos;gw-boldLabel&apos;) and text()=&apos;Underwriting Companies&apos;]
Underwriting Companies =&gt; Actual = [Underwriting Companies] equals Expected = [Underwriting Companies]
Found Element By : By.xpath: //select[contains(@name,&apos;UWCompanyInputSet-UWCompany&apos;)]
Found Element By : By.xpath: //select[contains(@name,&apos;UWCompanyInputSet-UWCompany&apos;)]
Found Element By : By.xpath: .//option[normalize-space(.) = &quot;Acme Low Hazard Insurance&quot;]
Element : By.xpath: //select[contains(@name,&apos;UWCompanyInputSet-UWCompany&apos;)] command : [selectByVisibleText] Value : [Acme Low Hazard Insurance]
Found Element By : By.xpath: //div[@id=&apos;gw-center-title-toolbar&apos;]//div[contains(@class,&apos;gw-ToolbarButtonWidget&apos;)]/div[@role=&apos;button&apos;]//div[@class=&apos;gw-label&apos; and text()=&apos;Next&apos;]
Found Element By : By.xpath: //div[@id=&apos;gw-center-title-toolbar&apos;]//div[contains(@class,&apos;gw-ToolbarButtonWidget&apos;)]/div[@role=&apos;button&apos;]//div[@class=&apos;gw-label&apos; and text()=&apos;Next&apos;]
Element : By.xpath: //div[@id=&apos;gw-center-title-toolbar&apos;]//div[contains(@class,&apos;gw-ToolbarButtonWidget&apos;)]/div[@role=&apos;button&apos;]//div[@class=&apos;gw-label&apos; and text()=&apos;Next&apos;] command : [clickAndwait] Value : []
 executeQuery   strQuery = Select * from drivers WHERE PrimaryKey=&apos;AUT_PA_PC_Rewrite_NewTerm_01&apos;
Found Element By : By.xpath: //div[@id=&apos;gw-center-title-toolbar&apos;]//div[contains(@class,&apos;gw-ToolbarButtonWidget&apos;)]/div[@role=&apos;button&apos;]//div[@class=&apos;gw-label&apos; and text()=&apos;Next&apos;]
Found Element By : By.xpath: //div[@id=&apos;gw-center-title-toolbar&apos;]//div[contains(@class,&apos;gw-ToolbarButtonWidget&apos;)]/div[@role=&apos;button&apos;]//div[@class=&apos;gw-label&apos; and text()=&apos;Next&apos;]
Element : By.xpath: //div[@id=&apos;gw-center-title-toolbar&apos;]//div[contains(@class,&apos;gw-ToolbarButtonWidget&apos;)]/div[@role=&apos;button&apos;]//div[@class=&apos;gw-label&apos; and text()=&apos;Next&apos;] command : [clickAndwait] Value : []
 executeQuery   strQuery = Select * from vehicles WHERE PrimaryKey=&apos;AUT_PA_PC_Rewrite_NewTerm_01&apos;
Found Element By : By.xpath: //div[contains(@class,&apos;gw-isScreenTitle&apos;)]//div[@class=&apos;gw-TitleBar--title&apos; and @role=&apos;heading&apos;]
Found Element By : By.xpath: //div[contains(@class,&apos;gw-isScreenTitle&apos;)]//div[@class=&apos;gw-TitleBar--title&apos; and @role=&apos;heading&apos;]
Found Element By : By.xpath: //div[contains(@class,&apos;gw-isScreenTitle&apos;)]//div[@class=&apos;gw-TitleBar--title&apos; and @role=&apos;heading&apos;]
Found Element By : By.xpath: //div[contains(@class,&apos;gw-isScreenTitle&apos;)]//div[@class=&apos;gw-TitleBar--title&apos; and @role=&apos;heading&apos;]
Screen Header =&gt; Actual = [Vehicles] equals Expected = [Vehicles]
Found Element By : By.xpath: //td[contains(@class,&apos;gw-impl-cell--CB&apos;)]/div[@class=&apos;gw-cell-inner&apos;]/div[contains(@id,&apos;Checkbox&apos;)]/input[contains(@name,&apos;Checkbox&apos;)]
Found Element By : By.xpath: //td[contains(@class,&apos;gw-impl-cell--CB&apos;)]/div[@class=&apos;gw-cell-inner&apos;]/div[contains(@id,&apos;Checkbox&apos;)]/input[contains(@name,&apos;Checkbox&apos;)]
Element : By.xpath: //td[contains(@class,&apos;gw-impl-cell--CB&apos;)]/div[@class=&apos;gw-cell-inner&apos;]/div[contains(@id,&apos;Checkbox&apos;)]/input[contains(@name,&apos;Checkbox&apos;)] command : [click] Value : [NA]
Found Element By : By.xpath: //div[contains(@id,&apos;VehiclesDetailsCV-VehicleDetailCardTab&apos;)]
Found Element By : By.xpath: //div[contains(@id,&apos;VehiclesDetailsCV-VehicleDetailCardTab&apos;)]
Element : By.xpath: //div[contains(@id,&apos;VehiclesDetailsCV-VehicleDetailCardTab&apos;)] command : [click] Value : [NA]
Found Element By : By.xpath: //select[contains(@name, &apos;VehiclesDetailsCV-PersonalAuto_VehicleDV-BodyType_DV&apos;)]
Found Element By : By.xpath: //select[contains(@name, &apos;VehiclesDetailsCV-PersonalAuto_VehicleDV-BodyType_DV&apos;)]
Found Element By : By.xpath: .//option[normalize-space(.) = &quot;SUV&quot;]
Element : By.xpath: //select[contains(@name, &apos;VehiclesDetailsCV-PersonalAuto_VehicleDV-BodyType_DV&apos;)] command : [selectByVisibleText] Value : [SUV]
Found Element By : By.xpath: //input[contains(@name,&apos;VehiclesDetailsCV-PersonalAuto_VehicleDV-CostNew_DV&apos;)]
Found Element By : By.xpath: //input[contains(@name,&apos;VehiclesDetailsCV-PersonalAuto_VehicleDV-CostNew_DV&apos;)]
Element : By.xpath: //input[contains(@name,&apos;VehiclesDetailsCV-PersonalAuto_VehicleDV-CostNew_DV&apos;)] command : [clearANDsendKeys] Value : [10000]
Found Element By : By.xpath: //input[contains(@name,&apos;PersonalAuto_VehicleDV-annualmiles_DV&apos;)]
Found Element By : By.xpath: //input[contains(@name,&apos;PersonalAuto_VehicleDV-annualmiles_DV&apos;)]
Element : By.xpath: //input[contains(@name,&apos;PersonalAuto_VehicleDV-annualmiles_DV&apos;)] command : [clearANDsendKeys] Value : [2345]
Found Element By : By.xpath: //div[@id=&apos;gw-center-title-toolbar&apos;]//div[contains(@class,&apos;gw-ToolbarButtonWidget&apos;)]/div[@role=&apos;button&apos;]//div[@class=&apos;gw-label&apos; and text()=&apos;Next&apos;]
Found Element By : By.xpath: //div[@id=&apos;gw-center-title-toolbar&apos;]//div[contains(@class,&apos;gw-ToolbarButtonWidget&apos;)]/div[@role=&apos;button&apos;]//div[@class=&apos;gw-label&apos; and text()=&apos;Next&apos;]
Element : By.xpath: //div[@id=&apos;gw-center-title-toolbar&apos;]//div[contains(@class,&apos;gw-ToolbarButtonWidget&apos;)]/div[@role=&apos;button&apos;]//div[@class=&apos;gw-label&apos; and text()=&apos;Next&apos;] command : [clickAndwait] Value : []
 executeQuery   strQuery = Select * from paCoverages WHERE PrimaryKey=&apos;AUT_PA_PC_Rewrite_NewTerm_01&apos;
Found Element By : By.xpath: //div[contains(@class,&apos;gw-isScreenTitle&apos;)]//div[@class=&apos;gw-TitleBar--title&apos; and @role=&apos;heading&apos;]
Found Element By : By.xpath: //div[contains(@class,&apos;gw-isScreenTitle&apos;)]//div[@class=&apos;gw-TitleBar--title&apos; and @role=&apos;heading&apos;]
Found Element By : By.xpath: //div[contains(@class,&apos;gw-isScreenTitle&apos;)]//div[@class=&apos;gw-TitleBar--title&apos; and @role=&apos;heading&apos;]
Found Element By : By.xpath: //div[contains(@class,&apos;gw-isScreenTitle&apos;)]//div[@class=&apos;gw-TitleBar--title&apos; and @role=&apos;heading&apos;]
Screen_Header =&gt; Actual = [PA Coverages] equals Expected = [PA Coverages]
Found Element By : By.xpath: //div[contains(@id,&apos;PersonalAutoScreen-CoveragesTab&apos;)]
Found Element By : By.xpath: //div[contains(@id,&apos;PersonalAutoScreen-CoveragesTab&apos;)]
Element : By.xpath: //div[contains(@id,&apos;PersonalAutoScreen-CoveragesTab&apos;)] command : [click] Value : []
Found Element By : By.xpath: //div[contains(@class,&apos;gw-TitleBarWidget&apos;)]//div[@class=&apos;gw-TitleBar--title&apos; and @role=&apos;heading&apos; and contains(text(),&apos;Coverages applied to all vehicles&apos;)]
Found Element By : By.xpath: //div[contains(@class,&apos;gw-TitleBarWidget&apos;)]//div[@class=&apos;gw-TitleBar--title&apos; and @role=&apos;heading&apos; and contains(text(),&apos;Coverages applied to all vehicles&apos;)]
Found Element By : By.xpath: //div[contains(@class,&apos;gw-TitleBarWidget&apos;)]//div[@class=&apos;gw-TitleBar--title&apos; and @role=&apos;heading&apos; and contains(text(),&apos;Coverages applied to all vehicles&apos;)]
Coverages applied to all vehicles =&gt; Actual = [Coverages applied to all vehicles in Alaska] contains Expected = [Coverages applied to all vehicles]
Found Element By : By.xpath: //div[@role=&apos;heading&apos; and text()=&apos;Liability - Bodily Injury and Property Damage&apos;]/preceding-sibling::div//input[contains(@name,&apos;CoverageInputSet-CovPatternInputGroup&apos;)]
Found Element By : By.xpath: //div[@role=&apos;heading&apos; and text()=&apos;Liability - Bodily Injury and Property Damage&apos;]/preceding-sibling::div//input[contains(@name,&apos;CoverageInputSet-CovPatternInputGroup&apos;)]
Liability - Bodily Injury and Property Damage =&gt; Actual = [isDisabled] isDisabled Expected = [Verify]
Found Element By : By.xpath: //div[@class=&apos;gw-label&apos; and text()=&apos;Auto Liability Package&apos;]/parent::div//select[contains(@name,&apos;CoverageInputSet&apos;)]
Found Element By : By.xpath: //div[@class=&apos;gw-label&apos; and text()=&apos;Auto Liability Package&apos;]/parent::div//select[contains(@name,&apos;CoverageInputSet&apos;)]
Element : By.xpath: //div[@class=&apos;gw-label&apos; and text()=&apos;Auto Liability Package&apos;]/parent::div//select[contains(@name,&apos;CoverageInputSet&apos;)] command : [FirstSelectedOptionEquals] Value : [250/500/100]
Found Element By : By.xpath: //div[@role=&apos;heading&apos; and text()=&apos;Medical Payments&apos;]/preceding-sibling::div//input[contains(@name,&apos;CoverageInputSet-CovPatternInputGroup&apos;)]
Found Element By : By.xpath: //div[@role=&apos;heading&apos; and text()=&apos;Medical Payments&apos;]/preceding-sibling::div//input[contains(@name,&apos;CoverageInputSet-CovPatternInputGroup&apos;)]
Found Element By : By.xpath: //div[@role=&apos;heading&apos; and text()=&apos;Medical Payments&apos;]/preceding-sibling::div//input[contains(@name,&apos;CoverageInputSet-CovPatternInputGroup&apos;)]
Found Element By : By.xpath: //div[@role=&apos;heading&apos; and text()=&apos;Medical Payments&apos;]/preceding-sibling::div//input[contains(@name,&apos;CoverageInputSet-CovPatternInputGroup&apos;)]
Medical Payments =&gt; Actual = [isDisabled] isSelected Expected = [Verify]
Found Element By : By.xpath: //div[@class=&apos;gw-label&apos; and text()=&apos;Medical Limit&apos;]/parent::div//select[contains(@name,&apos;CoverageInputSet&apos;)]
Found Element By : By.xpath: //div[@class=&apos;gw-label&apos; and text()=&apos;Medical Limit&apos;]/parent::div//select[contains(@name,&apos;CoverageInputSet&apos;)]
Found Element By : By.xpath: //div[@class=&apos;gw-label&apos; and text()=&apos;Medical Limit&apos;]/parent::div//select[contains(@name,&apos;CoverageInputSet&apos;)]
Found Element By : By.tagName: option
Medical Limit =&gt; Actual = [5,000] FirstSelectedOptionEquals Expected = [5,000]
Found Element By : By.xpath: //div[@role=&apos;heading&apos; and text()=&apos;Uninsured Motorist - Bodily Injury&apos;]/preceding-sibling::div//input[contains(@name,&apos;CoverageInputSet-CovPatternInputGroup&apos;)]
Found Element By : By.xpath: //div[@role=&apos;heading&apos; and text()=&apos;Uninsured Motorist - Bodily Injury&apos;]/preceding-sibling::div//input[contains(@name,&apos;CoverageInputSet-CovPatternInputGroup&apos;)]
Found Element By : By.xpath: //div[@role=&apos;heading&apos; and text()=&apos;Uninsured Motorist - Bodily Injury&apos;]/preceding-sibling::div//input[contains(@name,&apos;CoverageInputSet-CovPatternInputGroup&apos;)]
Found Element By : By.xpath: //div[@role=&apos;heading&apos; and text()=&apos;Uninsured Motorist - Bodily Injury&apos;]/preceding-sibling::div//input[contains(@name,&apos;CoverageInputSet-CovPatternInputGroup&apos;)]
Uninsured Motorist - Bodily Injury =&gt; Actual = [isDisabled] isSelected Expected = [Verify]
Found Element By : By.xpath: //div[@class=&apos;gw-label&apos; and text()=&apos;Uninsured Motorist - BI Limits&apos;]/parent::div//select[contains(@name,&apos;CoverageInputSet&apos;)]
Found Element By : By.xpath: //div[@class=&apos;gw-label&apos; and text()=&apos;Uninsured Motorist - BI Limits&apos;]/parent::div//select[contains(@name,&apos;CoverageInputSet&apos;)]
Found Element By : By.xpath: //div[@class=&apos;gw-label&apos; and text()=&apos;Uninsured Motorist - BI Limits&apos;]/parent::div//select[contains(@name,&apos;CoverageInputSet&apos;)]
Found Element By : By.tagName: option
Uninsured Motorist - BI Limits =&gt; Actual = [50/100] FirstSelectedOptionEquals Expected = [50/100]
 executeQuery   strQuery = Select * from paCoverages WHERE PrimaryKey=&apos;AUT_PA_PC_Rewrite_NewTerm_01&apos;
Found Element By : By.xpath: //div[contains(@class,&apos;gw-isScreenTitle&apos;)]//div[@class=&apos;gw-TitleBar--title&apos; and @role=&apos;heading&apos;]
Found Element By : By.xpath: //div[contains(@class,&apos;gw-isScreenTitle&apos;)]//div[@class=&apos;gw-TitleBar--title&apos; and @role=&apos;heading&apos;]
Found Element By : By.xpath: //div[contains(@class,&apos;gw-isScreenTitle&apos;)]//div[@class=&apos;gw-TitleBar--title&apos; and @role=&apos;heading&apos;]
Found Element By : By.xpath: //div[contains(@class,&apos;gw-isScreenTitle&apos;)]//div[@class=&apos;gw-TitleBar--title&apos; and @role=&apos;heading&apos;]
Screen_Header =&gt; Actual = [PA Coverages] equals Expected = [PA Coverages]
Found Element By : By.xpath: //div[contains(@id,&apos;PersonalAutoScreen-CoveragesTab&apos;)]
Found Element By : By.xpath: //div[contains(@id,&apos;PersonalAutoScreen-CoveragesTab&apos;)]
Element : By.xpath: //div[contains(@id,&apos;PersonalAutoScreen-CoveragesTab&apos;)] command : [click] Value : []
Found Element By : By.xpath: //div[contains(@class,&apos;gw-TitleBarWidget&apos;)]//div[@class=&apos;gw-TitleBar--title&apos; and @role=&apos;heading&apos; and contains(text(),&apos;Coverages applied per vehicle in&apos;)]
Found Element By : By.xpath: //div[contains(@class,&apos;gw-TitleBarWidget&apos;)]//div[@class=&apos;gw-TitleBar--title&apos; and @role=&apos;heading&apos; and contains(text(),&apos;Coverages applied per vehicle in&apos;)]
Found Element By : By.xpath: //div[contains(@class,&apos;gw-TitleBarWidget&apos;)]//div[@class=&apos;gw-TitleBar--title&apos; and @role=&apos;heading&apos; and contains(text(),&apos;Coverages applied per vehicle in&apos;)]
Coverages applied per vehicle in =&gt; Actual = [Coverages applied per vehicle in Alaska] contains Expected = [Coverages applied per vehicle in]
Found Element By : By.xpath: //div[@role=&apos;heading&apos; and text()=&apos;Comprehensive&apos;]/preceding-sibling::div//input[contains(@name,&apos;CoverageInputSet-CovPatternInputGroup&apos;)]
Found Element By : By.xpath: //div[@role=&apos;heading&apos; and text()=&apos;Comprehensive&apos;]/preceding-sibling::div//input[contains(@name,&apos;CoverageInputSet-CovPatternInputGroup&apos;)]
Found Element By : By.xpath: //div[@role=&apos;heading&apos; and text()=&apos;Comprehensive&apos;]/preceding-sibling::div//input[contains(@name,&apos;CoverageInputSet-CovPatternInputGroup&apos;)]
Found Element By : By.xpath: //div[@role=&apos;heading&apos; and text()=&apos;Comprehensive&apos;]/preceding-sibling::div//input[contains(@name,&apos;CoverageInputSet-CovPatternInputGroup&apos;)]
Comprehensive =&gt; Actual = [isDisabled] isSelected Expected = [Verify]
Found Element By : By.xpath: //div[@class=&apos;gw-label&apos; and text()=&apos;Comprehensive Deductible&apos;]/parent::div//select[contains(@name,&apos;CoverageInputSet&apos;)]
Found Element By : By.xpath: //div[@class=&apos;gw-label&apos; and text()=&apos;Comprehensive Deductible&apos;]/parent::div//select[contains(@name,&apos;CoverageInputSet&apos;)]
Found Element By : By.xpath: //div[@class=&apos;gw-label&apos; and text()=&apos;Comprehensive Deductible&apos;]/parent::div//select[contains(@name,&apos;CoverageInputSet&apos;)]
Found Element By : By.tagName: option
Comprehensive Deductible =&gt; Actual = [500] FirstSelectedOptionEquals Expected = [500]
 executeQuery   strQuery = Select * from paCoverages WHERE PrimaryKey=&apos;AUT_PA_PC_Rewrite_NewTerm_01&apos;
Found Element By : By.xpath: //div[contains(@id,&apos;PersonalAutoScreen-AdditionalCoveragesTab&apos;)]
Found Element By : By.xpath: //div[contains(@id,&apos;PersonalAutoScreen-AdditionalCoveragesTab&apos;)]
Element : By.xpath: //div[contains(@id,&apos;PersonalAutoScreen-AdditionalCoveragesTab&apos;)] command : [clickAndwait] Value : []
Found Element By : By.xpath: //div[contains(@class,&apos;gw-TitleBarWidget&apos;)]//div[@class=&apos;gw-TitleBar--title&apos; and @role=&apos;heading&apos; and contains(text(),&apos;Coverages applied to all vehicles&apos;)]
Found Element By : By.xpath: //div[contains(@class,&apos;gw-TitleBarWidget&apos;)]//div[@class=&apos;gw-TitleBar--title&apos; and @role=&apos;heading&apos; and contains(text(),&apos;Coverages applied to all vehicles&apos;)]
Found Element By : By.xpath: //div[contains(@class,&apos;gw-TitleBarWidget&apos;)]//div[@class=&apos;gw-TitleBar--title&apos; and @role=&apos;heading&apos; and contains(text(),&apos;Coverages applied to all vehicles&apos;)]
Coverages applied to all vehicles =&gt; Actual = [Coverages applied to all vehicles in Alaska] contains Expected = [Coverages applied to all vehicles]
Found Element By : By.xpath: //div[@role=&apos;heading&apos; and text()=&apos;Rental Car Loss of Use&apos;]/preceding-sibling::div//input[contains(@name,&apos;CoverageInputSet-CovPatternInputGroup&apos;)]
Found Element By : By.xpath: //div[@role=&apos;heading&apos; and text()=&apos;Rental Car Loss of Use&apos;]/preceding-sibling::div//input[contains(@name,&apos;CoverageInputSet-CovPatternInputGroup&apos;)]
Element : By.xpath: //div[@role=&apos;heading&apos; and text()=&apos;Rental Car Loss of Use&apos;]/preceding-sibling::div//input[contains(@name,&apos;CoverageInputSet-CovPatternInputGroup&apos;)] command : [clickAndwait] Value : [Add]
Found Element By : By.xpath: //div[@role=&apos;heading&apos; and text()=&apos;Rental Car Loss of Use&apos;]/preceding-sibling::div//input[contains(@name,&apos;CoverageInputSet-CovPatternInputGroup&apos;)]
Found Element By : By.xpath: //div[@role=&apos;heading&apos; and text()=&apos;Rental Car Loss of Use&apos;]/preceding-sibling::div//input[contains(@name,&apos;CoverageInputSet-CovPatternInputGroup&apos;)]
Found Element By : By.xpath: //div[@role=&apos;heading&apos; and text()=&apos;Rental Car Loss of Use&apos;]/preceding-sibling::div//input[contains(@name,&apos;CoverageInputSet-CovPatternInputGroup&apos;)]
Found Element By : By.xpath: //div[@role=&apos;heading&apos; and text()=&apos;Rental Car Loss of Use&apos;]/preceding-sibling::div//input[contains(@name,&apos;CoverageInputSet-CovPatternInputGroup&apos;)]
Rental Car Loss of Use =&gt; Actual = [isDisabled] isSelected Expected = [Add]
Found Element By : By.xpath: //div[@class=&apos;gw-label&apos; and text()=&apos;Rental Car Loss of Use Limit&apos;]/parent::div//select[contains(@name,&apos;CoverageInputSet&apos;)]
Found Element By : By.xpath: //div[@class=&apos;gw-label&apos; and text()=&apos;Rental Car Loss of Use Limit&apos;]/parent::div//select[contains(@name,&apos;CoverageInputSet&apos;)]
Found Element By : By.xpath: .//option[normalize-space(.) = &quot;2,000&quot;]
Element : By.xpath: //div[@class=&apos;gw-label&apos; and text()=&apos;Rental Car Loss of Use Limit&apos;]/parent::div//select[contains(@name,&apos;CoverageInputSet&apos;)] command : [selectByVisibleText] Value : [2,000]
 executeQuery   strQuery = Select * from paCoverages WHERE PrimaryKey=&apos;AUT_PA_PC_Rewrite_NewTerm_01&apos;
Found Element By : By.xpath: //div[contains(@id,&apos;PersonalAutoScreen-AdditionalCoveragesTab&apos;)]
Found Element By : By.xpath: //div[contains(@id,&apos;PersonalAutoScreen-AdditionalCoveragesTab&apos;)]
Element : By.xpath: //div[contains(@id,&apos;PersonalAutoScreen-AdditionalCoveragesTab&apos;)] command : [click] Value : []
Found Element By : By.xpath: //div[contains(@class,&apos;gw-TitleBarWidget&apos;)]//div[@class=&apos;gw-TitleBar--title&apos; and @role=&apos;heading&apos; and contains(text(),&apos;Coverages applied per vehicle in&apos;)]
Found Element By : By.xpath: //div[contains(@class,&apos;gw-TitleBarWidget&apos;)]//div[@class=&apos;gw-TitleBar--title&apos; and @role=&apos;heading&apos; and contains(text(),&apos;Coverages applied per vehicle in&apos;)]
Found Element By : By.xpath: //div[contains(@class,&apos;gw-TitleBarWidget&apos;)]//div[@class=&apos;gw-TitleBar--title&apos; and @role=&apos;heading&apos; and contains(text(),&apos;Coverages applied per vehicle in&apos;)]
Coverages applied per vehicle in =&gt; Actual = [Coverages applied per vehicle in Alaska] contains Expected = [Coverages applied per vehicle in]
Found Element By : By.xpath: //div[@role=&apos;heading&apos; and text()=&apos;Electronic Equipment&apos;]/preceding-sibling::div//input[contains(@name,&apos;CoverageInputSet-CovPatternInputGroup&apos;)]
Found Element By : By.xpath: //div[@role=&apos;heading&apos; and text()=&apos;Electronic Equipment&apos;]/preceding-sibling::div//input[contains(@name,&apos;CoverageInputSet-CovPatternInputGroup&apos;)]
Element : By.xpath: //div[@role=&apos;heading&apos; and text()=&apos;Electronic Equipment&apos;]/preceding-sibling::div//input[contains(@name,&apos;CoverageInputSet-CovPatternInputGroup&apos;)] command : [clickAndwait] Value : [Add]
Found Element By : By.xpath: //div[@role=&apos;heading&apos; and text()=&apos;Electronic Equipment&apos;]/preceding-sibling::div//input[contains(@name,&apos;CoverageInputSet-CovPatternInputGroup&apos;)]
Found Element By : By.xpath: //div[@role=&apos;heading&apos; and text()=&apos;Electronic Equipment&apos;]/preceding-sibling::div//input[contains(@name,&apos;CoverageInputSet-CovPatternInputGroup&apos;)]
Found Element By : By.xpath: //div[@role=&apos;heading&apos; and text()=&apos;Electronic Equipment&apos;]/preceding-sibling::div//input[contains(@name,&apos;CoverageInputSet-CovPatternInputGroup&apos;)]
Found Element By : By.xpath: //div[@role=&apos;heading&apos; and text()=&apos;Electronic Equipment&apos;]/preceding-sibling::div//input[contains(@name,&apos;CoverageInputSet-CovPatternInputGroup&apos;)]
Electronic Equipment =&gt; Actual = [isDisabled] isSelected Expected = [Add]
Found Element By : By.xpath: //div[@class=&apos;gw-label&apos; and text()=&apos;Increased Limit&apos;]/parent::div//select[contains(@name,&apos;CoverageInputSet&apos;)]
Found Element By : By.xpath: //div[@class=&apos;gw-label&apos; and text()=&apos;Increased Limit&apos;]/parent::div//select[contains(@name,&apos;CoverageInputSet&apos;)]
Found Element By : By.xpath: .//option[normalize-space(.) = &quot;2,000&quot;]
Element : By.xpath: //div[@class=&apos;gw-label&apos; and text()=&apos;Increased Limit&apos;]/parent::div//select[contains(@name,&apos;CoverageInputSet&apos;)] command : [selectByVisibleText] Value : [2,000]
Found Element By : By.xpath: //div[@id=&apos;gw-center-title-toolbar&apos;]//div[contains(@class,&apos;gw-ToolbarButtonWidget&apos;)]/div[@role=&apos;button&apos;]//div[@class=&apos;gw-label&apos; and text()=&apos;Next&apos;]
Found Element By : By.xpath: //div[@id=&apos;gw-center-title-toolbar&apos;]//div[contains(@class,&apos;gw-ToolbarButtonWidget&apos;)]/div[@role=&apos;button&apos;]//div[@class=&apos;gw-label&apos; and text()=&apos;Next&apos;]
Element : By.xpath: //div[@id=&apos;gw-center-title-toolbar&apos;]//div[contains(@class,&apos;gw-ToolbarButtonWidget&apos;)]/div[@role=&apos;button&apos;]//div[@class=&apos;gw-label&apos; and text()=&apos;Next&apos;] command : [clickAndwait] Value : []
Found Element By : By.xpath: //div[contains(@class,&apos;gw-isScreenTitle&apos;)]//div[@class=&apos;gw-TitleBar--title&apos; and @role=&apos;heading&apos;]
Found Element By : By.xpath: //div[contains(@class,&apos;gw-isScreenTitle&apos;)]//div[@class=&apos;gw-TitleBar--title&apos; and @role=&apos;heading&apos;]
Found Element By : By.xpath: //div[contains(@class,&apos;gw-isScreenTitle&apos;)]//div[@class=&apos;gw-TitleBar--title&apos; and @role=&apos;heading&apos;]
Found Element By : By.xpath: //div[contains(@class,&apos;gw-isScreenTitle&apos;)]//div[@class=&apos;gw-TitleBar--title&apos; and @role=&apos;heading&apos;]
Screen Header =&gt; Actual = [Risk Analysis] equals Expected = [Risk Analysis]
Found Element By : By.xpath: //div[contains(@id,&apos;RiskAnalysisCV_tb-AddManualIssue&apos;)]//div[@class=&apos;gw-label&apos; and text()=&apos;Add UW Issue&apos;]
Found Element By : By.xpath: //div[contains(@id,&apos;RiskAnalysisCV_tb-AddManualIssue&apos;)]//div[@class=&apos;gw-label&apos; and text()=&apos;Add UW Issue&apos;]
Add UWIssue =&gt; Actual = [null] isDisplayed Expected = [true]
Found Element By : By.xpath: //div[contains(@id,&apos;RiskAnalysisCV_tb-AddNewContingencyButton&apos;)]//div[@class=&apos;gw-label&apos; and text()=&apos;Add Contingency&apos;]
Found Element By : By.xpath: //div[contains(@id,&apos;RiskAnalysisCV_tb-AddNewContingencyButton&apos;)]//div[@class=&apos;gw-label&apos; and text()=&apos;Add Contingency&apos;]
Add Contingency =&gt; Actual = [null] isDisplayed Expected = [true]
Found Element By : By.xpath: //div[@class=&apos;gw-label&apos; and text()=&apos;Request Approval&apos;]
Found Element By : By.xpath: //div[@class=&apos;gw-label&apos; and text()=&apos;Request Approval&apos;]
Request Approval =&gt; Actual = [null] isDisplayed Expected = [true]
Found Element By : By.xpath: //div[@id=&apos;gw-center-title-toolbar&apos;]//div[contains(@class,&apos;gw-ToolbarButtonWidget&apos;)]/div[@role=&apos;button&apos;]//div[@class=&apos;gw-label&apos; and text()=&apos;Next&apos;]
Found Element By : By.xpath: //div[@id=&apos;gw-center-title-toolbar&apos;]//div[contains(@class,&apos;gw-ToolbarButtonWidget&apos;)]/div[@role=&apos;button&apos;]//div[@class=&apos;gw-label&apos; and text()=&apos;Next&apos;]
Element : By.xpath: //div[@id=&apos;gw-center-title-toolbar&apos;]//div[contains(@class,&apos;gw-ToolbarButtonWidget&apos;)]/div[@role=&apos;button&apos;]//div[@class=&apos;gw-label&apos; and text()=&apos;Next&apos;] command : [clickAndwait] Value : []
Found Element By : By.xpath: //div[contains(@id,&apos;DiffsTab&apos;)]
Found Element By : By.xpath: //div[contains(@id,&apos;DiffsTab&apos;)]
Element : By.xpath: //div[contains(@id,&apos;DiffsTab&apos;)] command : [clickAndwait] Value : []
Found Element By : By.xpath: //div[contains(@id,&apos;RewriteWizard_DifferencesScreen-PolicyReviewTab&apos;)]
Found Element By : By.xpath: //div[contains(@id,&apos;RewriteWizard_DifferencesScreen-PolicyReviewTab&apos;)]
Element : By.xpath: //div[contains(@id,&apos;RewriteWizard_DifferencesScreen-PolicyReviewTab&apos;)] command : [clickAndwait] Value : []
 executeQuery   strQuery = Select * from policyReview WHERE PrimaryKey=&apos;AUT_PA_PC_Rewrite_NewTerm_01&apos;
Found Element By : By.xpath: //div[@class=&apos;gw-TitleBar--title&apos; and @role=&apos;heading&apos; and text()=&apos;Personal Auto Line&apos;]
Found Element By : By.xpath: //div[@class=&apos;gw-TitleBar--title&apos; and @role=&apos;heading&apos; and text()=&apos;Personal Auto Line&apos;]
Found Element By : By.xpath: //div[@class=&apos;gw-TitleBar--title&apos; and @role=&apos;heading&apos; and text()=&apos;Personal Auto Line&apos;]
Found Element By : By.xpath: //div[@class=&apos;gw-TitleBar--title&apos; and @role=&apos;heading&apos; and text()=&apos;Personal Auto Line&apos;]
Personal Auto Line =&gt; Actual = [Personal Auto Line] equals Expected = [Personal Auto Line]
Found Element By : By.xpath: //div[@class=&apos;gw-TitleBar--title&apos; and @role=&apos;heading&apos; and text()=&apos;Policy Level Coverages&apos;]
Found Element By : By.xpath: //div[@class=&apos;gw-TitleBar--title&apos; and @role=&apos;heading&apos; and text()=&apos;Policy Level Coverages&apos;]
Found Element By : By.xpath: //div[@class=&apos;gw-TitleBar--title&apos; and @role=&apos;heading&apos; and text()=&apos;Policy Level Coverages&apos;]
Found Element By : By.xpath: //div[@class=&apos;gw-TitleBar--title&apos; and @role=&apos;heading&apos; and text()=&apos;Policy Level Coverages&apos;]
Policy Level Coverages =&gt; Actual = [Policy Level Coverages] equals Expected = [Policy Level Coverages]
Found Element By : By.xpath: //tr[contains(@class,&apos;gw-standard-row&apos;)]/td[contains(@id,&apos;Description_Cell&apos;)]//div[@class=&apos;gw-value-readonly-wrapper&apos; and text()=&apos;Auto Liability Package&apos;]
Found Element By : By.xpath: //tr[contains(@class,&apos;gw-standard-row&apos;)]/td[contains(@id,&apos;Description_Cell&apos;)]//div[@class=&apos;gw-value-readonly-wrapper&apos; and text()=&apos;Auto Liability Package&apos;]
Found Element By : By.xpath: //tr[contains(@class,&apos;gw-standard-row&apos;)]/td[contains(@id,&apos;Description_Cell&apos;)]//div[@class=&apos;gw-value-readonly-wrapper&apos; and text()=&apos;Auto Liability Package&apos;]
Found Element By : By.xpath: //tr[contains(@class,&apos;gw-standard-row&apos;)]/td[contains(@id,&apos;Description_Cell&apos;)]//div[@class=&apos;gw-value-readonly-wrapper&apos; and text()=&apos;Auto Liability Package&apos;]
Coverage - Auto Liability Package =&gt; Actual = [Auto Liability Package] equals Expected = [Auto Liability Package]
Found Element By : By.xpath: //div[@class=&apos;gw-value-readonly-wrapper&apos; and text()=&apos;Auto Liability Package&apos;]/ancestor::td[contains(@id,&apos;Description_Cell&apos;)]/following-sibling::td//div[@class=&apos;gw-value-readonly-wrapper&apos;]
Found Element By : By.xpath: //div[@class=&apos;gw-value-readonly-wrapper&apos; and text()=&apos;Auto Liability Package&apos;]/ancestor::td[contains(@id,&apos;Description_Cell&apos;)]/following-sibling::td//div[@class=&apos;gw-value-readonly-wrapper&apos;]
Found Element By : By.xpath: //div[@class=&apos;gw-value-readonly-wrapper&apos; and text()=&apos;Auto Liability Package&apos;]/ancestor::td[contains(@id,&apos;Description_Cell&apos;)]/following-sibling::td//div[@class=&apos;gw-value-readonly-wrapper&apos;]
Found Element By : By.xpath: //div[@class=&apos;gw-value-readonly-wrapper&apos; and text()=&apos;Auto Liability Package&apos;]/ancestor::td[contains(@id,&apos;Description_Cell&apos;)]/following-sibling::td//div[@class=&apos;gw-value-readonly-wrapper&apos;]
Auto Liability Package Value =&gt; Actual = [250/500/100] equals Expected = [250/500/100]
Found Element By : By.xpath: //tr[contains(@class,&apos;gw-standard-row&apos;)]/td[contains(@id,&apos;Description_Cell&apos;)]//div[@class=&apos;gw-value-readonly-wrapper&apos; and text()=&apos;Medical Limit&apos;]
Found Element By : By.xpath: //tr[contains(@class,&apos;gw-standard-row&apos;)]/td[contains(@id,&apos;Description_Cell&apos;)]//div[@class=&apos;gw-value-readonly-wrapper&apos; and text()=&apos;Medical Limit&apos;]
Found Element By : By.xpath: //tr[contains(@class,&apos;gw-standard-row&apos;)]/td[contains(@id,&apos;Description_Cell&apos;)]//div[@class=&apos;gw-value-readonly-wrapper&apos; and text()=&apos;Medical Limit&apos;]
Found Element By : By.xpath: //tr[contains(@class,&apos;gw-standard-row&apos;)]/td[contains(@id,&apos;Description_Cell&apos;)]//div[@class=&apos;gw-value-readonly-wrapper&apos; and text()=&apos;Medical Limit&apos;]
Coverage - Medical Limit Coverage =&gt; Actual = [Medical Limit] equals Expected = [Medical Limit]
Found Element By : By.xpath: //div[@class=&apos;gw-value-readonly-wrapper&apos; and text()=&apos;Medical Limit&apos;]/ancestor::td[contains(@id,&apos;Description_Cell&apos;)]/following-sibling::td//div[@class=&apos;gw-value-readonly-wrapper&apos;]
Found Element By : By.xpath: //div[@class=&apos;gw-value-readonly-wrapper&apos; and text()=&apos;Medical Limit&apos;]/ancestor::td[contains(@id,&apos;Description_Cell&apos;)]/following-sibling::td//div[@class=&apos;gw-value-readonly-wrapper&apos;]
Found Element By : By.xpath: //div[@class=&apos;gw-value-readonly-wrapper&apos; and text()=&apos;Medical Limit&apos;]/ancestor::td[contains(@id,&apos;Description_Cell&apos;)]/following-sibling::td//div[@class=&apos;gw-value-readonly-wrapper&apos;]
Found Element By : By.xpath: //div[@class=&apos;gw-value-readonly-wrapper&apos; and text()=&apos;Medical Limit&apos;]/ancestor::td[contains(@id,&apos;Description_Cell&apos;)]/following-sibling::td//div[@class=&apos;gw-value-readonly-wrapper&apos;]
Medical Limit Coverage Value =&gt; Actual = [5,000] equals Expected = [5,000]
 executeQuery   strQuery = Select * from policyReview WHERE PrimaryKey=&apos;AUT_PA_PC_Rewrite_NewTerm_01&apos;
Found Element By : By.xpath: //div[@class=&apos;gw-TitleBar--title&apos; and @role=&apos;heading&apos; and text()=&apos;Vehicle Level Coverages&apos;]
Found Element By : By.xpath: //div[@class=&apos;gw-TitleBar--title&apos; and @role=&apos;heading&apos; and text()=&apos;Vehicle Level Coverages&apos;]
Found Element By : By.xpath: //div[@class=&apos;gw-TitleBar--title&apos; and @role=&apos;heading&apos; and text()=&apos;Vehicle Level Coverages&apos;]
Found Element By : By.xpath: //div[@class=&apos;gw-TitleBar--title&apos; and @role=&apos;heading&apos; and text()=&apos;Vehicle Level Coverages&apos;]
Vehicle Level Coverages =&gt; Actual = [Vehicle Level Coverages] equals Expected = [Vehicle Level Coverages]
Found Element By : By.xpath: //div[@class=&apos;gw-TitleBar--title&apos; and @role=&apos;heading&apos; and text()=&apos;Garage 1&apos;]
Found Element By : By.xpath: //div[@class=&apos;gw-TitleBar--title&apos; and @role=&apos;heading&apos; and text()=&apos;Garage 1&apos;]
Found Element By : By.xpath: //div[@class=&apos;gw-TitleBar--title&apos; and @role=&apos;heading&apos; and text()=&apos;Garage 1&apos;]
Found Element By : By.xpath: //div[@class=&apos;gw-TitleBar--title&apos; and @role=&apos;heading&apos; and text()=&apos;Garage 1&apos;]
Garage 1 =&gt; Actual = [Garage 1] equals Expected = [Garage 1]
Found Element By : By.xpath: //div[@class=&apos;gw-TitleBar--title&apos; and @role=&apos;heading&apos; and text()=&apos;Vehicle 1&apos;]
Found Element By : By.xpath: //div[@class=&apos;gw-TitleBar--title&apos; and @role=&apos;heading&apos; and text()=&apos;Vehicle 1&apos;]
Found Element By : By.xpath: //div[@class=&apos;gw-TitleBar--title&apos; and @role=&apos;heading&apos; and text()=&apos;Vehicle 1&apos;]
Found Element By : By.xpath: //div[@class=&apos;gw-TitleBar--title&apos; and @role=&apos;heading&apos; and text()=&apos;Vehicle 1&apos;]
Vehicle 1 =&gt; Actual = [Vehicle 1] equals Expected = [Vehicle 1]
Found Element By : By.xpath: //div[@class=&apos;gw-VerbatimWidget--inner&apos; and contains(text(),&apos;Primary Driver&apos;)]
Found Element By : By.xpath: //div[@class=&apos;gw-VerbatimWidget--inner&apos; and contains(text(),&apos;Primary Driver&apos;)]
Found Element By : By.xpath: //div[@class=&apos;gw-VerbatimWidget--inner&apos; and contains(text(),&apos;Primary Driver&apos;)]
Primary Drivers =&gt; Actual = [Primary Driver: fphlQdKnj Automation] contains Expected = [fphlQdKnj Automation]
Found Element By : By.xpath: //div[@class=&apos;gw-VerbatimWidget--inner&apos; and text()=&apos;Assigned Drivers&apos;]
Found Element By : By.xpath: //div[@class=&apos;gw-VerbatimWidget--inner&apos; and text()=&apos;Assigned Drivers&apos;]
Found Element By : By.xpath: //div[@class=&apos;gw-VerbatimWidget--inner&apos; and text()=&apos;Assigned Drivers&apos;]
Found Element By : By.xpath: //div[@class=&apos;gw-VerbatimWidget--inner&apos; and text()=&apos;Assigned Drivers&apos;]
Assigned Drivers =&gt; Actual = [Assigned Drivers] equals Expected = [Assigned Drivers]
Found Element By : By.xpath: //tr[contains(@class,&apos;gw-standard-row&apos;)]/td[contains(@id,&apos;Driver_Cell&apos;)]//div[@class=&apos;gw-value-readonly-wrapper&apos;]
Found Element By : By.xpath: //tr[contains(@class,&apos;gw-standard-row&apos;)]/td[contains(@id,&apos;Driver_Cell&apos;)]//div[@class=&apos;gw-value-readonly-wrapper&apos;]
Found Element By : By.xpath: //tr[contains(@class,&apos;gw-standard-row&apos;)]/td[contains(@id,&apos;Driver_Cell&apos;)]//div[@class=&apos;gw-value-readonly-wrapper&apos;]
Found Element By : By.xpath: //tr[contains(@class,&apos;gw-standard-row&apos;)]/td[contains(@id,&apos;Driver_Cell&apos;)]//div[@class=&apos;gw-value-readonly-wrapper&apos;]
Driver =&gt; Actual = [fphlQdKnj Automation] equals Expected = [fphlQdKnj Automation]
Found Element By : By.xpath: //div[@class=&apos;gw-VerbatimWidget--inner&apos; and text()=&apos;Vehicle Rate Modifiers&apos;]
Found Element By : By.xpath: //div[@class=&apos;gw-VerbatimWidget--inner&apos; and text()=&apos;Vehicle Rate Modifiers&apos;]
Found Element By : By.xpath: //div[@class=&apos;gw-VerbatimWidget--inner&apos; and text()=&apos;Vehicle Rate Modifiers&apos;]
Found Element By : By.xpath: //div[@class=&apos;gw-VerbatimWidget--inner&apos; and text()=&apos;Vehicle Rate Modifiers&apos;]
Vehicle Rate Modifiers =&gt; Actual = [Vehicle Rate Modifiers] equals Expected = [Vehicle Rate Modifiers]
</system-out>
    <system-err>SLF4J: Failed to load class &quot;org.slf4j.impl.StaticLoggerBinder&quot;.
SLF4J: Defaulting to no-operation (NOP) logger implementation
SLF4J: See http://www.slf4j.org/codes.html#StaticLoggerBinder for further details.
Starting ChromeDriver 90.0.4430.24 (4c6d850f087da467d926e8eddb76550aed655991-refs/branch-heads/4430@{#429}) on port 2271
Only local connections are allowed.
Please see https://chromedriver.chromium.org/security-considerations for suggestions on keeping ChromeDriver safe.
ChromeDriver was started successfully.
Jun 04, 2021 2:14:55 PM org.openqa.selenium.remote.ProtocolHandshake createSession
INFO: Detected dialect: W3C
org.openqa.selenium.StaleElementReferenceException: stale element reference: element is not attached to the page document
  (Session info: chrome=90.0.4430.212)
For documentation on this error, please visit: https://www.seleniumhq.org/exceptions/stale_element_reference.html
Build info: version: &apos;3.141.59&apos;, revision: &apos;e82be7d358&apos;, time: &apos;2018-11-14T08:17:03&apos;
System info: host: &apos;JMD&apos;, ip: &apos;192.168.8.100&apos;, os.name: &apos;Windows 10&apos;, os.arch: &apos;amd64&apos;, os.version: &apos;10.0&apos;, java.version: &apos;15.0.1&apos;
Driver info: org.openqa.selenium.chrome.ChromeDriver
Capabilities {acceptInsecureCerts: false, browserName: chrome, browserVersion: 90.0.4430.212, chrome: {chromedriverVersion: 90.0.4430.24 (4c6d850f087da..., userDataDir: C:\Users\labor\AppData\Loca...}, goog:chromeOptions: {debuggerAddress: localhost:50111}, javascriptEnabled: true, networkConnectionEnabled: false, pageLoadStrategy: normal, platform: WINDOWS, platformName: WINDOWS, proxy: Proxy(), setWindowRect: true, strictFileInteractability: false, timeouts: {implicit: 0, pageLoad: 300000, script: 30000}, unhandledPromptBehavior: dismiss and notify, webauthn:extension:largeBlob: true, webauthn:virtualAuthenticators: true}
Session ID: fa9b79942d579bdc84e7eda0271d2d0f
	at java.base/jdk.internal.reflect.NativeConstructorAccessorImpl.newInstance0(Native Method)
	at java.base/jdk.internal.reflect.NativeConstructorAccessorImpl.newInstance(NativeConstructorAccessorImpl.java:64)
	at java.base/jdk.internal.reflect.DelegatingConstructorAccessorImpl.newInstance(DelegatingConstructorAccessorImpl.java:45)
	at java.base/java.lang.reflect.Constructor.newInstanceWithCaller(Constructor.java:500)
	at java.base/java.lang.reflect.Constructor.newInstance(Constructor.java:481)
	at org.openqa.selenium.remote.http.W3CHttpResponseCodec.createException(W3CHttpResponseCodec.java:187)
	at org.openqa.selenium.remote.http.W3CHttpResponseCodec.decode(W3CHttpResponseCodec.java:122)
	at org.openqa.selenium.remote.http.W3CHttpResponseCodec.decode(W3CHttpResponseCodec.java:49)
	at org.openqa.selenium.remote.HttpCommandExecutor.execute(HttpCommandExecutor.java:158)
	at org.openqa.selenium.remote.service.DriverCommandExecutor.execute(DriverCommandExecutor.java:83)
	at org.openqa.selenium.remote.RemoteWebDriver.execute(RemoteWebDriver.java:552)
	at org.openqa.selenium.remote.RemoteWebDriver.executeScript(RemoteWebDriver.java:489)
	at com.Utils.Selenium.SeleniumWebDriver_Commands.getElement(SeleniumWebDriver_Commands.java:80)
	at com.Utils.Selenium.SeleniumWebDriver_Commands.GuidewireAutomate(SeleniumWebDriver_Commands.java:148)
	at com.pages.Guidewire.PolicyCenter.PolicyCenter_Resuables.startCancellationForPolicy(PolicyCenter_Resuables.java:368)
	at com.pages.Guidewire.PersonalAuto.PersonalAuto_Reusable.cancellationProcess(PersonalAuto_Reusable.java:394)
	at com.Test.Guidewire.PolicyCenter.GW_PC_PersonalAuto_Rewrite_NewTerm.AUT_PA_PC_Rewrite_NewTerm_01(GW_PC_PersonalAuto_Rewrite_NewTerm.java:28)
	at java.base/jdk.internal.reflect.NativeMethodAccessorImpl.invoke0(Native Method)
	at java.base/jdk.internal.reflect.NativeMethodAccessorImpl.invoke(NativeMethodAccessorImpl.java:64)
	at java.base/jdk.internal.reflect.DelegatingMethodAccessorImpl.invoke(DelegatingMethodAccessorImpl.java:43)
	at java.base/java.lang.reflect.Method.invoke(Method.java:564)
	at org.testng.internal.MethodInvocationHelper.invokeMethod(MethodInvocationHelper.java:104)
	at org.testng.internal.Invoker.invokeMethod(Invoker.java:645)
	at org.testng.internal.Invoker.invokeTestMethod(Invoker.java:851)
	at org.testng.internal.Invoker.invokeTestMethods(Invoker.java:1177)
	at org.testng.internal.TestMethodWorker.invokeTestMethods(TestMethodWorker.java:129)
	at org.testng.internal.TestMethodWorker.run(TestMethodWorker.java:112)
	at java.base/java.util.concurrent.ThreadPoolExecutor.runWorker(ThreadPoolExecutor.java:1130)
	at java.base/java.util.concurrent.ThreadPoolExecutor$Worker.run(ThreadPoolExecutor.java:630)
	at java.base/java.lang.Thread.run(Thread.java:832)
org.openqa.selenium.StaleElementReferenceException: stale element reference: element is not attached to the page document
  (Session info: chrome=90.0.4430.212)
For documentation on this error, please visit: https://www.seleniumhq.org/exceptions/stale_element_reference.html
Build info: version: &apos;3.141.59&apos;, revision: &apos;e82be7d358&apos;, time: &apos;2018-11-14T08:17:03&apos;
System info: host: &apos;JMD&apos;, ip: &apos;192.168.8.100&apos;, os.name: &apos;Windows 10&apos;, os.arch: &apos;amd64&apos;, os.version: &apos;10.0&apos;, java.version: &apos;15.0.1&apos;
Driver info: org.openqa.selenium.chrome.ChromeDriver
Capabilities {acceptInsecureCerts: false, browserName: chrome, browserVersion: 90.0.4430.212, chrome: {chromedriverVersion: 90.0.4430.24 (4c6d850f087da..., userDataDir: C:\Users\labor\AppData\Loca...}, goog:chromeOptions: {debuggerAddress: localhost:50111}, javascriptEnabled: true, networkConnectionEnabled: false, pageLoadStrategy: normal, platform: WINDOWS, platformName: WINDOWS, proxy: Proxy(), setWindowRect: true, strictFileInteractability: false, timeouts: {implicit: 0, pageLoad: 300000, script: 30000}, unhandledPromptBehavior: dismiss and notify, webauthn:extension:largeBlob: true, webauthn:virtualAuthenticators: true}
Session ID: fa9b79942d579bdc84e7eda0271d2d0f
	at java.base/jdk.internal.reflect.NativeConstructorAccessorImpl.newInstance0(Native Method)
	at java.base/jdk.internal.reflect.NativeConstructorAccessorImpl.newInstance(NativeConstructorAccessorImpl.java:64)
	at java.base/jdk.internal.reflect.DelegatingConstructorAccessorImpl.newInstance(DelegatingConstructorAccessorImpl.java:45)
	at java.base/java.lang.reflect.Constructor.newInstanceWithCaller(Constructor.java:500)
	at java.base/java.lang.reflect.Constructor.newInstance(Constructor.java:481)
	at org.openqa.selenium.remote.http.W3CHttpResponseCodec.createException(W3CHttpResponseCodec.java:187)
	at org.openqa.selenium.remote.http.W3CHttpResponseCodec.decode(W3CHttpResponseCodec.java:122)
	at org.openqa.selenium.remote.http.W3CHttpResponseCodec.decode(W3CHttpResponseCodec.java:49)
	at org.openqa.selenium.remote.HttpCommandExecutor.execute(HttpCommandExecutor.java:158)
	at org.openqa.selenium.remote.service.DriverCommandExecutor.execute(DriverCommandExecutor.java:83)
	at org.openqa.selenium.remote.RemoteWebDriver.execute(RemoteWebDriver.java:552)
	at org.openqa.selenium.remote.RemoteWebDriver.executeScript(RemoteWebDriver.java:489)
	at com.Utils.Selenium.SeleniumWebDriver_Commands.getElement(SeleniumWebDriver_Commands.java:80)
	at com.Utils.Selenium.SeleniumWebDriver_Commands.GuidewireAutomate(SeleniumWebDriver_Commands.java:148)
	at com.pages.Guidewire.PolicyCenter.PolicyCenter_Resuables.startCancellationForPolicy(PolicyCenter_Resuables.java:368)
	at com.pages.Guidewire.PersonalAuto.PersonalAuto_Reusable.cancellationProcess(PersonalAuto_Reusable.java:394)
	at com.Test.Guidewire.PolicyCenter.GW_PC_PersonalAuto_Rewrite_NewTerm.AUT_PA_PC_Rewrite_NewTerm_01(GW_PC_PersonalAuto_Rewrite_NewTerm.java:28)
	at java.base/jdk.internal.reflect.NativeMethodAccessorImpl.invoke0(Native Method)
	at java.base/jdk.internal.reflect.NativeMethodAccessorImpl.invoke(NativeMethodAccessorImpl.java:64)
	at java.base/jdk.internal.reflect.DelegatingMethodAccessorImpl.invoke(DelegatingMethodAccessorImpl.java:43)
	at java.base/java.lang.reflect.Method.invoke(Method.java:564)
	at org.testng.internal.MethodInvocationHelper.invokeMethod(MethodInvocationHelper.java:104)
	at org.testng.internal.Invoker.invokeMethod(Invoker.java:645)
	at org.testng.internal.Invoker.invokeTestMethod(Invoker.java:851)
	at org.testng.internal.Invoker.invokeTestMethods(Invoker.java:1177)
	at org.testng.internal.TestMethodWorker.invokeTestMethods(TestMethodWorker.java:129)
	at org.testng.internal.TestMethodWorker.run(TestMethodWorker.java:112)
	at java.base/java.util.concurrent.ThreadPoolExecutor.runWorker(ThreadPoolExecutor.java:1130)
	at java.base/java.util.concurrent.ThreadPoolExecutor$Worker.run(ThreadPoolExecutor.java:630)
	at java.base/java.lang.Thread.run(Thread.java:832)
org.openqa.selenium.TimeoutException: Expected condition failed: waiting for visibility of element located by By.xpath: //div[@id=&apos;gw-center-title-toolbar&apos;]//div[contains(@class,&apos;gw-ToolbarButtonWidget&apos;)]/div[@role=&apos;button&apos;]//div[@class=&apos;gw-label&apos; and text()=&apos;Next&apos;] (tried for 7 second(s) with 500 milliseconds interval)
	at org.openqa.selenium.support.ui.WebDriverWait.timeoutException(WebDriverWait.java:95)
	at org.openqa.selenium.support.ui.FluentWait.until(FluentWait.java:272)
	at com.Utils.Selenium.SeleniumWebDriver_Commands.getElement(SeleniumWebDriver_Commands.java:56)
	at com.Utils.Selenium.SeleniumWebDriver_Commands.GuidewireAutomate(SeleniumWebDriver_Commands.java:148)
	at com.pages.Guidewire.PolicyCenter.PolicyCenter_Resuables.clickButton(PolicyCenter_Resuables.java:55)
	at com.Test.Guidewire.PolicyCenter.GW_PC_PersonalAuto_Rewrite_NewTerm.AUT_PA_PC_Rewrite_NewTerm_01(GW_PC_PersonalAuto_Rewrite_NewTerm.java:72)
	at java.base/jdk.internal.reflect.NativeMethodAccessorImpl.invoke0(Native Method)
	at java.base/jdk.internal.reflect.NativeMethodAccessorImpl.invoke(NativeMethodAccessorImpl.java:64)
	at java.base/jdk.internal.reflect.DelegatingMethodAccessorImpl.invoke(DelegatingMethodAccessorImpl.java:43)
	at java.base/java.lang.reflect.Method.invoke(Method.java:564)
	at org.testng.internal.MethodInvocationHelper.invokeMethod(MethodInvocationHelper.java:104)
	at org.testng.internal.Invoker.invokeMethod(Invoker.java:645)
	at org.testng.internal.Invoker.invokeTestMethod(Invoker.java:851)
	at org.testng.internal.Invoker.invokeTestMethods(Invoker.java:1177)
	at org.testng.internal.TestMethodWorker.invokeTestMethods(TestMethodWorker.java:129)
	at org.testng.internal.TestMethodWorker.run(TestMethodWorker.java:112)
	at java.base/java.util.concurrent.ThreadPoolExecutor.runWorker(ThreadPoolExecutor.java:1130)
	at java.base/java.util.concurrent.ThreadPoolExecutor$Worker.run(ThreadPoolExecutor.java:630)
	at java.base/java.lang.Thread.run(Thread.java:832)
Caused by: org.openqa.selenium.NoSuchElementException: no such element: Unable to locate element: {&quot;method&quot;:&quot;xpath&quot;,&quot;selector&quot;:&quot;//div[@id=&apos;gw-center-title-toolbar&apos;]//div[contains(@class,&apos;gw-ToolbarButtonWidget&apos;)]/div[@role=&apos;button&apos;]//div[@class=&apos;gw-label&apos; and text()=&apos;Next&apos;]&quot;}
  (Session info: chrome=90.0.4430.212)
For documentation on this error, please visit: https://www.seleniumhq.org/exceptions/no_such_element.html
Build info: version: &apos;3.141.59&apos;, revision: &apos;e82be7d358&apos;, time: &apos;2018-11-14T08:17:03&apos;
System info: host: &apos;JMD&apos;, ip: &apos;192.168.8.100&apos;, os.name: &apos;Windows 10&apos;, os.arch: &apos;amd64&apos;, os.version: &apos;10.0&apos;, java.version: &apos;15.0.1&apos;
Driver info: org.openqa.selenium.chrome.ChromeDriver
Capabilities {acceptInsecureCerts: false, browserName: chrome, browserVersion: 90.0.4430.212, chrome: {chromedriverVersion: 90.0.4430.24 (4c6d850f087da..., userDataDir: C:\Users\labor\AppData\Loca...}, goog:chromeOptions: {debuggerAddress: localhost:50111}, javascriptEnabled: true, networkConnectionEnabled: false, pageLoadStrategy: normal, platform: WINDOWS, platformName: WINDOWS, proxy: Proxy(), setWindowRect: true, strictFileInteractability: false, timeouts: {implicit: 0, pageLoad: 300000, script: 30000}, unhandledPromptBehavior: dismiss and notify, webauthn:extension:largeBlob: true, webauthn:virtualAuthenticators: true}
Session ID: fa9b79942d579bdc84e7eda0271d2d0f
*** Element info: {Using=xpath, value=//div[@id=&apos;gw-center-title-toolbar&apos;]//div[contains(@class,&apos;gw-ToolbarButtonWidget&apos;)]/div[@role=&apos;button&apos;]//div[@class=&apos;gw-label&apos; and text()=&apos;Next&apos;]}
	at java.base/jdk.internal.reflect.NativeConstructorAccessorImpl.newInstance0(Native Method)
	at java.base/jdk.internal.reflect.NativeConstructorAccessorImpl.newInstance(NativeConstructorAccessorImpl.java:64)
	at java.base/jdk.internal.reflect.DelegatingConstructorAccessorImpl.newInstance(DelegatingConstructorAccessorImpl.java:45)
	at java.base/java.lang.reflect.Constructor.newInstanceWithCaller(Constructor.java:500)
	at java.base/java.lang.reflect.Constructor.newInstance(Constructor.java:481)
	at org.openqa.selenium.remote.http.W3CHttpResponseCodec.createException(W3CHttpResponseCodec.java:187)
	at org.openqa.selenium.remote.http.W3CHttpResponseCodec.decode(W3CHttpResponseCodec.java:122)
	at org.openqa.selenium.remote.http.W3CHttpResponseCodec.decode(W3CHttpResponseCodec.java:49)
	at org.openqa.selenium.remote.HttpCommandExecutor.execute(HttpCommandExecutor.java:158)
	at org.openqa.selenium.remote.service.DriverCommandExecutor.execute(DriverCommandExecutor.java:83)
	at org.openqa.selenium.remote.RemoteWebDriver.execute(RemoteWebDriver.java:552)
	at org.openqa.selenium.remote.RemoteWebDriver.findElement(RemoteWebDriver.java:323)
	at org.openqa.selenium.remote.RemoteWebDriver.findElementByXPath(RemoteWebDriver.java:428)
	at org.openqa.selenium.By$ByXPath.findElement(By.java:353)
	at org.openqa.selenium.remote.RemoteWebDriver.findElement(RemoteWebDriver.java:315)
	at jdk.internal.reflect.GeneratedMethodAccessor4.invoke(Unknown Source)
	at java.base/jdk.internal.reflect.DelegatingMethodAccessorImpl.invoke(DelegatingMethodAccessorImpl.java:43)
	at java.base/java.lang.reflect.Method.invoke(Method.java:564)
	at org.openqa.selenium.support.events.EventFiringWebDriver.lambda$new$1(EventFiringWebDriver.java:105)
	at com.sun.proxy.$Proxy7.findElement(Unknown Source)
	at org.openqa.selenium.support.events.EventFiringWebDriver.findElement(EventFiringWebDriver.java:194)
	at org.openqa.selenium.support.ui.ExpectedConditions$7.apply(ExpectedConditions.java:205)
	at org.openqa.selenium.support.ui.ExpectedConditions$7.apply(ExpectedConditions.java:201)
	at org.openqa.selenium.support.ui.FluentWait.until(FluentWait.java:249)
	... 17 more
</system-err>
  </testcase>
</testsuite>