<?xml version="1.0" encoding="UTF-8"?>
<!-- Generated by org.testng.reporters.JUnitReportReporter -->
<testsuite ignored="0" hostname="WSAMZN-V6J8ACQT" failures="0" tests="1" name="com.Test.GW_BillingCenter_Test1" time="40.194" errors="0" timestamp="29 Mar 2021 10:43:42 GMT" skipped="0">
  <testcase classname="com.Test.GW_BillingCenter_Test1" name="BillingTest" time="40.194"/>
</testsuite> <!-- com.Test.GW_BillingCenter_Test1 -->
