<?xml version="1.0" encoding="UTF-8"?>
<!-- Generated by org.testng.reporters.JUnitReportReporter -->
<testsuite name="com.Test.Guidewire.BilllingCenter.GW_BC_Invoice_Test" tests="1" time="21.941" ignored="0" failures="0" timestamp="05 Apr 2021 05:41:49 GMT" skipped="0" hostname="WSAMZN-V6J8ACQT" errors="0">
  <testcase name="BillingTest" time="21.941" classname="com.Test.Guidewire.BilllingCenter.GW_BC_Invoice_Test"/>
</testsuite> <!-- com.Test.Guidewire.BilllingCenter.GW_BC_Invoice_Test -->
