<?xml version="1.0" encoding="UTF-8"?>
<!-- Generated by org.testng.reporters.JUnitReportReporter -->
<testsuite ignored="118" hostname="JMD" failures="0" tests="2" name="com.Test.Guidewire.ClaimsCenter.Test_BusinessSettings_ActivityPattern" time="0.037" errors="2" timestamp="28 Jul 2021 14:50:05 GMT" skipped="0">
  <testcase classname="com.Test.Guidewire.ClaimsCenter.Test_BusinessSettings_ActivityPattern" name="AUT_ActivityPatterns_Validate_Page1" time="0.036">
    <error message="Workbook is not found - C:\Users\labor\git\blackcomb\testdata\null.xlsx" type="com.codoid.products.exception.FilloException">
      <![CDATA[com.codoid.products.exception.FilloException: Workbook is not found - C:\Users\labor\git\blackcomb\testdata\null.xlsx
	at com.codoid.products.fillo.Fillo.getConnection(Fillo.java:46)
	at com.Utils.Selenium.Selenium_Utils_DataBase.getConnection(Selenium_Utils_DataBase.java:26)
	at com.Utils.Selenium.Selenium_Utils_DataBase.getData_MSExcel_WorkSheet_Fillo(Selenium_Utils_DataBase.java:109)
	at com.pages.Guidewire.GW_CM_PC_BC_CC_Login.login_ClaimsCenter_User(GW_CM_PC_BC_CC_Login.java:92)
	at com.Test.Guidewire.ClaimsCenter.Test_BusinessSettings_ActivityPattern.AUT_ActivityPatterns_Validate_Page1(Test_BusinessSettings_ActivityPattern.java:21)
	at java.base/jdk.internal.reflect.NativeMethodAccessorImpl.invoke0(Native Method)
	at java.base/jdk.internal.reflect.NativeMethodAccessorImpl.invoke(NativeMethodAccessorImpl.java:64)
	at java.base/jdk.internal.reflect.DelegatingMethodAccessorImpl.invoke(DelegatingMethodAccessorImpl.java:43)
	at java.base/java.lang.reflect.Method.invoke(Method.java:564)
	at org.testng.internal.MethodInvocationHelper.invokeMethod(MethodInvocationHelper.java:104)
	at org.testng.internal.Invoker.invokeMethod(Invoker.java:645)
	at org.testng.internal.Invoker.invokeTestMethod(Invoker.java:851)
	at org.testng.internal.Invoker.invokeTestMethods(Invoker.java:1177)
	at org.testng.internal.TestMethodWorker.invokeTestMethods(TestMethodWorker.java:129)
	at org.testng.internal.TestMethodWorker.run(TestMethodWorker.java:112)
	at java.base/java.util.concurrent.ThreadPoolExecutor.runWorker(ThreadPoolExecutor.java:1130)
	at java.base/java.util.concurrent.ThreadPoolExecutor$Worker.run(ThreadPoolExecutor.java:630)
	at java.base/java.lang.Thread.run(Thread.java:832)
]]>
    </error>
  </testcase> <!-- AUT_ActivityPatterns_Validate_Page1 -->
  <testcase classname="com.Test.Guidewire.ClaimsCenter.Test_BusinessSettings_ActivityPattern" name="AUT_ActivityPatternDetail_Validate_3pointcontactEmployee" time="0.001">
    <error message="Workbook is not found - C:\Users\labor\git\blackcomb\testdata\null.xlsx" type="com.codoid.products.exception.FilloException">
      <![CDATA[com.codoid.products.exception.FilloException: Workbook is not found - C:\Users\labor\git\blackcomb\testdata\null.xlsx
	at com.codoid.products.fillo.Fillo.getConnection(Fillo.java:46)
	at com.Utils.Selenium.Selenium_Utils_DataBase.getConnection(Selenium_Utils_DataBase.java:26)
	at com.Utils.Selenium.Selenium_Utils_DataBase.getData_MSExcel_WorkSheet_Fillo(Selenium_Utils_DataBase.java:109)
	at com.pages.Guidewire.GW_CM_PC_BC_CC_Login.login_ClaimsCenter_User(GW_CM_PC_BC_CC_Login.java:92)
	at com.Test.Guidewire.ClaimsCenter.Test_BusinessSettings_ActivityPattern.AUT_ActivityPatternDetail_Validate_3pointcontactEmployee(Test_BusinessSettings_ActivityPattern.java:399)
	at java.base/jdk.internal.reflect.NativeMethodAccessorImpl.invoke0(Native Method)
	at java.base/jdk.internal.reflect.NativeMethodAccessorImpl.invoke(NativeMethodAccessorImpl.java:64)
	at java.base/jdk.internal.reflect.DelegatingMethodAccessorImpl.invoke(DelegatingMethodAccessorImpl.java:43)
	at java.base/java.lang.reflect.Method.invoke(Method.java:564)
	at org.testng.internal.MethodInvocationHelper.invokeMethod(MethodInvocationHelper.java:104)
	at org.testng.internal.Invoker.invokeMethod(Invoker.java:645)
	at org.testng.internal.Invoker.invokeTestMethod(Invoker.java:851)
	at org.testng.internal.Invoker.invokeTestMethods(Invoker.java:1177)
	at org.testng.internal.TestMethodWorker.invokeTestMethods(TestMethodWorker.java:129)
	at org.testng.internal.TestMethodWorker.run(TestMethodWorker.java:112)
	at java.base/java.util.concurrent.ThreadPoolExecutor.runWorker(ThreadPoolExecutor.java:1130)
	at java.base/java.util.concurrent.ThreadPoolExecutor$Worker.run(ThreadPoolExecutor.java:630)
	at java.base/java.lang.Thread.run(Thread.java:832)
]]>
    </error>
  </testcase> <!-- AUT_ActivityPatternDetail_Validate_3pointcontactEmployee -->
  <testcase classname="com.Test.Guidewire.ClaimsCenter.Test_BusinessSettings_ActivityPattern" name="AUT_ActivityPatternDetail_Validate_TrialDate">
    <skipped/>
  </testcase> <!-- AUT_ActivityPatternDetail_Validate_TrialDate -->
  <testcase classname="com.Test.Guidewire.ClaimsCenter.Test_BusinessSettings_ActivityPattern" name="AUT_ActivityPatternDetail_Validate_Vendorworkdelayed">
    <skipped/>
  </testcase> <!-- AUT_ActivityPatternDetail_Validate_Vendorworkdelayed -->
  <testcase classname="com.Test.Guidewire.ClaimsCenter.Test_BusinessSettings_ActivityPattern" name="AUT_ActivityPatternDetail_Validate_GetastatementfromHealthandSafetyDept">
    <skipped/>
  </testcase> <!-- AUT_ActivityPatternDetail_Validate_GetastatementfromHealthandSafetyDept -->
  <testcase classname="com.Test.Guidewire.ClaimsCenter.Test_BusinessSettings_ActivityPattern" name="AUT_ActivityPatternDetail_Validate_Visitclaimantandassessbacktoworkstatus">
    <skipped/>
  </testcase> <!-- AUT_ActivityPatternDetail_Validate_Visitclaimantandassessbacktoworkstatus -->
  <testcase classname="com.Test.Guidewire.ClaimsCenter.Test_BusinessSettings_ActivityPattern" name="AUT_ActivityPatternDetail_Validate_MediationDate">
    <skipped/>
  </testcase> <!-- AUT_ActivityPatternDetail_Validate_MediationDate -->
  <testcase classname="com.Test.Guidewire.ClaimsCenter.Test_BusinessSettings_ActivityPattern" name="AUT_ActivityPatternDetail_Validate_MetropolitanReportRequestFailed">
    <skipped/>
  </testcase> <!-- AUT_ActivityPatternDetail_Validate_MetropolitanReportRequestFailed -->
  <testcase classname="com.Test.Guidewire.ClaimsCenter.Test_BusinessSettings_ActivityPattern" name="AUT_ActivityPatternDetail_Validate_Vendoraskedquestion">
    <skipped/>
  </testcase> <!-- AUT_ActivityPatternDetail_Validate_Vendoraskedquestion -->
  <testcase classname="com.Test.Guidewire.ClaimsCenter.Test_BusinessSettings_ActivityPattern" name="AUT_ActivityPatternDetail_Validate_ContactUnderwriterregardingincorrectclasscode">
    <skipped/>
  </testcase> <!-- AUT_ActivityPatternDetail_Validate_ContactUnderwriterregardingincorrectclasscode -->
  <testcase classname="com.Test.Guidewire.ClaimsCenter.Test_BusinessSettings_ActivityPattern" name="AUT_ActivityPatternDetail_Validate_Checkwithemployerabouttemplightdutywork">
    <skipped/>
  </testcase> <!-- AUT_ActivityPatternDetail_Validate_Checkwithemployerabouttemplightdutywork -->
  <testcase classname="com.Test.Guidewire.ClaimsCenter.Test_BusinessSettings_ActivityPattern" name="AUT_ActivityPatternDetail_Validate_Invoicenotautopaid">
    <skipped/>
  </testcase> <!-- AUT_ActivityPatternDetail_Validate_Invoicenotautopaid -->
  <testcase classname="com.Test.Guidewire.ClaimsCenter.Test_BusinessSettings_ActivityPattern" name="AUT_ActivityPatternDetail_Validate_Assignnursetocase">
    <skipped/>
  </testcase> <!-- AUT_ActivityPatternDetail_Validate_Assignnursetocase -->
  <testcase classname="com.Test.Guidewire.ClaimsCenter.Test_BusinessSettings_ActivityPattern" name="AUT_ActivityPatternDetail_Validate_Getclaimantmedicalreports">
    <skipped/>
  </testcase> <!-- AUT_ActivityPatternDetail_Validate_Getclaimantmedicalreports -->
  <testcase classname="com.Test.Guidewire.ClaimsCenter.Test_BusinessSettings_ActivityPattern" name="AUT_ActivityPatternDetail_Validate_SpecialInvestigationClaimEscalation">
    <skipped/>
  </testcase> <!-- AUT_ActivityPatternDetail_Validate_SpecialInvestigationClaimEscalation -->
  <testcase classname="com.Test.Guidewire.ClaimsCenter.Test_BusinessSettings_ActivityPattern" name="AUT_ActivityPatternDetail_Validate_3pointcontactMedicalProvider">
    <skipped/>
  </testcase> <!-- AUT_ActivityPatternDetail_Validate_3pointcontactMedicalProvider -->
  <testcase classname="com.Test.Guidewire.ClaimsCenter.Test_BusinessSettings_ActivityPattern" name="AUT_ActivityPatternDetail_Validate_ValidationandprocessingofBulkInvoiceItemsfailed">
    <skipped/>
  </testcase> <!-- AUT_ActivityPatternDetail_Validate_ValidationandprocessingofBulkInvoiceItemsfailed -->
  <testcase classname="com.Test.Guidewire.ClaimsCenter.Test_BusinessSettings_ActivityPattern" name="AUT_ActivityPatternDetail_Validate_Reviewandapprovenewrecoveryreservechange">
    <skipped/>
  </testcase> <!-- AUT_ActivityPatternDetail_Validate_Reviewandapprovenewrecoveryreservechange -->
  <testcase classname="com.Test.Guidewire.ClaimsCenter.Test_BusinessSettings_ActivityPattern" name="AUT_ActivityPatternDetail_Validate_Determinecompensability">
    <skipped/>
  </testcase> <!-- AUT_ActivityPatternDetail_Validate_Determinecompensability -->
  <testcase classname="com.Test.Guidewire.ClaimsCenter.Test_BusinessSettings_ActivityPattern" name="AUT_ActivityPatternDetail_Validate_RetrieveClaimCompleted">
    <skipped/>
  </testcase> <!-- AUT_ActivityPatternDetail_Validate_RetrieveClaimCompleted -->
  <testcase classname="com.Test.Guidewire.ClaimsCenter.Test_BusinessSettings_ActivityPattern" name="AUT_ActivityPatternDetail_Validate_Reviewnewmail">
    <skipped/>
  </testcase> <!-- AUT_ActivityPatternDetail_Validate_Reviewnewmail -->
  <testcase classname="com.Test.Guidewire.ClaimsCenter.Test_BusinessSettings_ActivityPattern" name="AUT_ActivityPatternDetail_Validate_Invoicenotautoapproved">
    <skipped/>
  </testcase> <!-- AUT_ActivityPatternDetail_Validate_Invoicenotautoapproved -->
  <testcase classname="com.Test.Guidewire.ClaimsCenter.Test_BusinessSettings_ActivityPattern" name="AUT_ActivityPatternDetail_Validate_Makesettlementoffer">
    <skipped/>
  </testcase> <!-- AUT_ActivityPatternDetail_Validate_Makesettlementoffer -->
  <testcase classname="com.Test.Guidewire.ClaimsCenter.Test_BusinessSettings_ActivityPattern" name="AUT_ActivityPatternDetail_Validate_SpecialInvestigationClaimReview">
    <skipped/>
  </testcase> <!-- AUT_ActivityPatternDetail_Validate_SpecialInvestigationClaimReview -->
  <testcase classname="com.Test.Guidewire.ClaimsCenter.Test_BusinessSettings_ActivityPattern" name="AUT_ActivityPatternDetail_Validate_Reviewandapprovenewpayment">
    <skipped/>
  </testcase> <!-- AUT_ActivityPatternDetail_Validate_Reviewandapprovenewpayment -->
  <testcase classname="com.Test.Guidewire.ClaimsCenter.Test_BusinessSettings_ActivityPattern" name="AUT_ActivityPatternDetail_Validate_Reviewnewbillreceived">
    <skipped/>
  </testcase> <!-- AUT_ActivityPatternDetail_Validate_Reviewnewbillreceived -->
  <testcase classname="com.Test.Guidewire.ClaimsCenter.Test_BusinessSettings_ActivityPattern" name="AUT_ActivityPatternDetail_Validate_DecisionDateReview">
    <skipped/>
  </testcase> <!-- AUT_ActivityPatternDetail_Validate_DecisionDateReview -->
  <testcase classname="com.Test.Guidewire.ClaimsCenter.Test_BusinessSettings_ActivityPattern" name="AUT_ActivityPatternDetail_Validate_Unabletovoidthecheck">
    <skipped/>
  </testcase> <!-- AUT_ActivityPatternDetail_Validate_Unabletovoidthecheck -->
  <testcase classname="com.Test.Guidewire.ClaimsCenter.Test_BusinessSettings_ActivityPattern" name="AUT_ActivityPatternDetail_Validate_SIUreferral">
    <skipped/>
  </testcase> <!-- AUT_ActivityPatternDetail_Validate_SIUreferral -->
  <testcase classname="com.Test.Guidewire.ClaimsCenter.Test_BusinessSettings_ActivityPattern" name="AUT_ActivityPatternDetail_Validate_Reviewandapprovereservechange">
    <skipped/>
  </testcase> <!-- AUT_ActivityPatternDetail_Validate_Reviewandapprovereservechange -->
  <testcase classname="com.Test.Guidewire.ClaimsCenter.Test_BusinessSettings_ActivityPattern" name="AUT_ActivityPatternDetail_Validate_Generalreminderdiary">
    <skipped/>
  </testcase> <!-- AUT_ActivityPatternDetail_Validate_Generalreminderdiary -->
  <testcase classname="com.Test.Guidewire.ClaimsCenter.Test_BusinessSettings_ActivityPattern" name="AUT_ActivityPatternDetail_Validate_CreateRecoveryemailbill2">
    <skipped/>
  </testcase> <!-- AUT_ActivityPatternDetail_Validate_CreateRecoveryemailbill2 -->
  <testcase classname="com.Test.Guidewire.ClaimsCenter.Test_BusinessSettings_ActivityPattern" name="AUT_ActivityPatternDetail_Validate_Getinitialmedicalreport">
    <skipped/>
  </testcase> <!-- AUT_ActivityPatternDetail_Validate_Getinitialmedicalreport -->
  <testcase classname="com.Test.Guidewire.ClaimsCenter.Test_BusinessSettings_ActivityPattern" name="AUT_ActivityPatternDetail_Validate_Vendorcompletedwork">
    <skipped/>
  </testcase> <!-- AUT_ActivityPatternDetail_Validate_Vendorcompletedwork -->
  <testcase classname="com.Test.Guidewire.ClaimsCenter.Test_BusinessSettings_ActivityPattern" name="AUT_ActivityPatternDetail_Validate_CreateRecoveryemailbill1">
    <skipped/>
  </testcase> <!-- AUT_ActivityPatternDetail_Validate_CreateRecoveryemailbill1 -->
  <testcase classname="com.Test.Guidewire.ClaimsCenter.Test_BusinessSettings_ActivityPattern" name="AUT_ActivityPatternDetail_Validate_RecoveryDenied">
    <skipped/>
  </testcase> <!-- AUT_ActivityPatternDetail_Validate_RecoveryDenied -->
  <testcase classname="com.Test.Guidewire.ClaimsCenter.Test_BusinessSettings_ActivityPattern" name="AUT_ActivityPatternDetail_Validate_ClosedFileReview">
    <skipped/>
  </testcase> <!-- AUT_ActivityPatternDetail_Validate_ClosedFileReview -->
  <testcase classname="com.Test.Guidewire.ClaimsCenter.Test_BusinessSettings_ActivityPattern" name="AUT_ActivityPatternDetail_Validate_MetropolitanReportInquiryFailed">
    <skipped/>
  </testcase> <!-- AUT_ActivityPatternDetail_Validate_MetropolitanReportInquiryFailed -->
  <testcase classname="com.Test.Guidewire.ClaimsCenter.Test_BusinessSettings_ActivityPattern" name="AUT_ActivityPatternDetail_Validate_ReviewClaimforReinsurance">
    <skipped/>
  </testcase> <!-- AUT_ActivityPatternDetail_Validate_ReviewClaimforReinsurance -->
  <testcase classname="com.Test.Guidewire.ClaimsCenter.Test_BusinessSettings_ActivityPattern" name="AUT_ActivityPatternDetail_Validate_ReviewforCatastrophe">
    <skipped/>
  </testcase> <!-- AUT_ActivityPatternDetail_Validate_ReviewforCatastrophe -->
  <testcase classname="com.Test.Guidewire.ClaimsCenter.Test_BusinessSettings_ActivityPattern" name="AUT_ActivityPatternDetail_Validate_Additionallivingexpensesrequired">
    <skipped/>
  </testcase> <!-- AUT_ActivityPatternDetail_Validate_Additionallivingexpensesrequired -->
  <testcase classname="com.Test.Guidewire.ClaimsCenter.Test_BusinessSettings_ActivityPattern" name="AUT_ActivityPatternDetail_Validate_Checkonmedicalclearanceforlightdutywork">
    <skipped/>
  </testcase> <!-- AUT_ActivityPatternDetail_Validate_Checkonmedicalclearanceforlightdutywork -->
  <testcase classname="com.Test.Guidewire.ClaimsCenter.Test_BusinessSettings_ActivityPattern" name="AUT_ActivityPatternDetail_Validate_Getwagestatementandtaxstatus">
    <skipped/>
  </testcase> <!-- AUT_ActivityPatternDetail_Validate_Getwagestatementandtaxstatus -->
  <testcase classname="com.Test.Guidewire.ClaimsCenter.Test_BusinessSettings_ActivityPattern" name="AUT_ActivityPatternDetail_Validate_Produceclaimstrategynarrative">
    <skipped/>
  </testcase> <!-- AUT_ActivityPatternDetail_Validate_Produceclaimstrategynarrative -->
  <testcase classname="com.Test.Guidewire.ClaimsCenter.Test_BusinessSettings_ActivityPattern" name="AUT_ActivityPatternDetail_Validate_SalvageVehicle">
    <skipped/>
  </testcase> <!-- AUT_ActivityPatternDetail_Validate_SalvageVehicle -->
  <testcase classname="com.Test.Guidewire.ClaimsCenter.Test_BusinessSettings_ActivityPattern" name="AUT_ActivityPatternDetail_Validate_Legalreview">
    <skipped/>
  </testcase> <!-- AUT_ActivityPatternDetail_Validate_Legalreview -->
  <testcase classname="com.Test.Guidewire.ClaimsCenter.Test_BusinessSettings_ActivityPattern" name="AUT_ActivityPatternDetail_Validate_60daydiary">
    <skipped/>
  </testcase> <!-- AUT_ActivityPatternDetail_Validate_60daydiary -->
  <testcase classname="com.Test.Guidewire.ClaimsCenter.Test_BusinessSettings_ActivityPattern" name="AUT_ActivityPatternDetail_Validate_ReinsuranceCoverageRetrievalFailed">
    <skipped/>
  </testcase> <!-- AUT_ActivityPatternDetail_Validate_ReinsuranceCoverageRetrievalFailed -->
  <testcase classname="com.Test.Guidewire.ClaimsCenter.Test_BusinessSettings_ActivityPattern" name="AUT_ActivityPatternDetail_Validate_Getlistofdamageditems">
    <skipped/>
  </testcase> <!-- AUT_ActivityPatternDetail_Validate_Getlistofdamageditems -->
  <testcase classname="com.Test.Guidewire.ClaimsCenter.Test_BusinessSettings_ActivityPattern" name="AUT_ActivityPatternDetail_Validate_Unabletoclosetheclaimortheexposure">
    <skipped/>
  </testcase> <!-- AUT_ActivityPatternDetail_Validate_Unabletoclosetheclaimortheexposure -->
  <testcase classname="com.Test.Guidewire.ClaimsCenter.Test_BusinessSettings_ActivityPattern" name="AUT_ActivityPatternDetail_Validate_HearingDate">
    <skipped/>
  </testcase> <!-- AUT_ActivityPatternDetail_Validate_HearingDate -->
  <testcase classname="com.Test.Guidewire.ClaimsCenter.Test_BusinessSettings_ActivityPattern" name="AUT_ActivityPatterns_Validate_Page6">
    <skipped/>
  </testcase> <!-- AUT_ActivityPatterns_Validate_Page6 -->
  <testcase classname="com.Test.Guidewire.ClaimsCenter.Test_BusinessSettings_ActivityPattern" name="AUT_ActivityPatternDetail_Validate_GetsignedVoluntaryAgreement">
    <skipped/>
  </testcase> <!-- AUT_ActivityPatternDetail_Validate_GetsignedVoluntaryAgreement -->
  <testcase classname="com.Test.Guidewire.ClaimsCenter.Test_BusinessSettings_ActivityPattern" name="AUT_ActivityPatterns_Validate_Page8">
    <skipped/>
  </testcase> <!-- AUT_ActivityPatterns_Validate_Page8 -->
  <testcase classname="com.Test.Guidewire.ClaimsCenter.Test_BusinessSettings_ActivityPattern" name="AUT_ActivityPatterns_Validate_Page7">
    <skipped/>
  </testcase> <!-- AUT_ActivityPatterns_Validate_Page7 -->
  <testcase classname="com.Test.Guidewire.ClaimsCenter.Test_BusinessSettings_ActivityPattern" name="AUT_ActivityPatterns_Validate_Page2">
    <skipped/>
  </testcase> <!-- AUT_ActivityPatterns_Validate_Page2 -->
  <testcase classname="com.Test.Guidewire.ClaimsCenter.Test_BusinessSettings_ActivityPattern" name="AUT_ActivityPatterns_Validate_Page4">
    <skipped/>
  </testcase> <!-- AUT_ActivityPatterns_Validate_Page4 -->
  <testcase classname="com.Test.Guidewire.ClaimsCenter.Test_BusinessSettings_ActivityPattern" name="AUT_ActivityPatterns_Validate_Page3">
    <skipped/>
  </testcase> <!-- AUT_ActivityPatterns_Validate_Page3 -->
  <testcase classname="com.Test.Guidewire.ClaimsCenter.Test_BusinessSettings_ActivityPattern" name="AUT_ActivityPatterns_Validate_Page5">
    <skipped/>
  </testcase> <!-- AUT_ActivityPatterns_Validate_Page5 -->
  <testcase classname="com.Test.Guidewire.ClaimsCenter.Test_BusinessSettings_ActivityPattern" name="AUT_ActivityPatternDetail_Validate_Sendclaimacknowledgementletter">
    <skipped/>
  </testcase> <!-- AUT_ActivityPatternDetail_Validate_Sendclaimacknowledgementletter -->
  <testcase classname="com.Test.Guidewire.ClaimsCenter.Test_BusinessSettings_ActivityPattern" name="AUT_ActivityPatternDetail_Validate_ReviewsubrogationrecoveryfinancialsAsupplementalpaymentwascreated">
    <skipped/>
  </testcase> <!-- AUT_ActivityPatternDetail_Validate_ReviewsubrogationrecoveryfinancialsAsupplementalpaymentwascreated -->
  <testcase classname="com.Test.Guidewire.ClaimsCenter.Test_BusinessSettings_ActivityPattern" name="AUT_ActivityPatternDetail_Validate_NoMetropolitanReportAvailable">
    <skipped/>
  </testcase> <!-- AUT_ActivityPatternDetail_Validate_NoMetropolitanReportAvailable -->
  <testcase classname="com.Test.Guidewire.ClaimsCenter.Test_BusinessSettings_ActivityPattern" name="AUT_ActivityPatternDetail_Validate_ISOmatchesfound">
    <skipped/>
  </testcase> <!-- AUT_ActivityPatternDetail_Validate_ISOmatchesfound -->
  <testcase classname="com.Test.Guidewire.ClaimsCenter.Test_BusinessSettings_ActivityPattern" name="AUT_ActivityPatternDetail_Validate_ReviewclaimforsubrogationClaimhasbeenreopened">
    <skipped/>
  </testcase> <!-- AUT_ActivityPatternDetail_Validate_ReviewclaimforsubrogationClaimhasbeenreopened -->
  <testcase classname="com.Test.Guidewire.ClaimsCenter.Test_BusinessSettings_ActivityPattern" name="AUT_ActivityPatternDetail_Validate_CheckDenied">
    <skipped/>
  </testcase> <!-- AUT_ActivityPatternDetail_Validate_CheckDenied -->
  <testcase classname="com.Test.Guidewire.ClaimsCenter.Test_BusinessSettings_ActivityPattern" name="AUT_ActivityPatternDetail_Validate_Makeinitialcontactwithclaimant">
    <skipped/>
  </testcase> <!-- AUT_ActivityPatternDetail_Validate_Makeinitialcontactwithclaimant -->
  <testcase classname="com.Test.Guidewire.ClaimsCenter.Test_BusinessSettings_ActivityPattern" name="AUT_ActivityPatternDetail_Validate_Sendreservationofrightsletter">
    <skipped/>
  </testcase> <!-- AUT_ActivityPatternDetail_Validate_Sendreservationofrightsletter -->
  <testcase classname="com.Test.Guidewire.ClaimsCenter.Test_BusinessSettings_ActivityPattern" name="AUT_ActivityPatternDetail_Validate_Reviewrejectedrequest">
    <skipped/>
  </testcase> <!-- AUT_ActivityPatternDetail_Validate_Reviewrejectedrequest -->
  <testcase classname="com.Test.Guidewire.ClaimsCenter.Test_BusinessSettings_ActivityPattern" name="AUT_ActivityPatternDetail_Validate_Notifyaccountexpectedcostabovethreshold">
    <skipped/>
  </testcase> <!-- AUT_ActivityPatternDetail_Validate_Notifyaccountexpectedcostabovethreshold -->
  <testcase classname="com.Test.Guidewire.ClaimsCenter.Test_BusinessSettings_ActivityPattern" name="AUT_ActivityPatternDetail_Validate_90daydiary">
    <skipped/>
  </testcase> <!-- AUT_ActivityPatternDetail_Validate_90daydiary -->
  <testcase classname="com.Test.Guidewire.ClaimsCenter.Test_BusinessSettings_ActivityPattern" name="AUT_ActivityPatternDetail_Validate_Unabletoissueastoppayment">
    <skipped/>
  </testcase> <!-- AUT_ActivityPatternDetail_Validate_Unabletoissueastoppayment -->
  <testcase classname="com.Test.Guidewire.ClaimsCenter.Test_BusinessSettings_ActivityPattern" name="AUT_ActivityPatternDetail_Validate_Followupwithvendorworknotacceptedintimelymanner">
    <skipped/>
  </testcase> <!-- AUT_ActivityPatternDetail_Validate_Followupwithvendorworknotacceptedintimelymanner -->
  <testcase classname="com.Test.Guidewire.ClaimsCenter.Test_BusinessSettings_ActivityPattern" name="AUT_ActivityPatternDetail_Validate_PerformanceReview">
    <skipped/>
  </testcase> <!-- AUT_ActivityPatternDetail_Validate_PerformanceReview -->
  <testcase classname="com.Test.Guidewire.ClaimsCenter.Test_BusinessSettings_ActivityPattern" name="AUT_ActivityPatternDetail_Validate_Unabletovoidthebulkcheck">
    <skipped/>
  </testcase> <!-- AUT_ActivityPatternDetail_Validate_Unabletovoidthebulkcheck -->
  <testcase classname="com.Test.Guidewire.ClaimsCenter.Test_BusinessSettings_ActivityPattern" name="AUT_ActivityPatternDetail_Validate_Unabletoissueastoppaymentonbulkcheck">
    <skipped/>
  </testcase> <!-- AUT_ActivityPatternDetail_Validate_Unabletoissueastoppaymentonbulkcheck -->
  <testcase classname="com.Test.Guidewire.ClaimsCenter.Test_BusinessSettings_ActivityPattern" name="AUT_ActivityPatternDetail_Validate_Reviewcoverageinquestion">
    <skipped/>
  </testcase> <!-- AUT_ActivityPatternDetail_Validate_Reviewcoverageinquestion -->
  <testcase classname="com.Test.Guidewire.ClaimsCenter.Test_BusinessSettings_ActivityPattern" name="AUT_ActivityPatternDetail_Validate_Reviewandapprovequoteforrepairsreplacement">
    <skipped/>
  </testcase> <!-- AUT_ActivityPatternDetail_Validate_Reviewandapprovequoteforrepairsreplacement -->
  <testcase classname="com.Test.Guidewire.ClaimsCenter.Test_BusinessSettings_ActivityPattern" name="AUT_ActivityPatternDetail_Validate_Pendingupdaterejected">
    <skipped/>
  </testcase> <!-- AUT_ActivityPatternDetail_Validate_Pendingupdaterejected -->
  <testcase classname="com.Test.Guidewire.ClaimsCenter.Test_BusinessSettings_ActivityPattern" name="AUT_ActivityPatternDetail_Validate_Initial30dayfilereview">
    <skipped/>
  </testcase> <!-- AUT_ActivityPatternDetail_Validate_Initial30dayfilereview -->
  <testcase classname="com.Test.Guidewire.ClaimsCenter.Test_BusinessSettings_ActivityPattern" name="AUT_ActivityPatternDetail_Validate_Verifycoverage">
    <skipped/>
  </testcase> <!-- AUT_ActivityPatternDetail_Validate_Verifycoverage -->
  <testcase classname="com.Test.Guidewire.ClaimsCenter.Test_BusinessSettings_ActivityPattern" name="AUT_ActivityPatternDetail_Validate_Reviewandapprovenewrecovery">
    <skipped/>
  </testcase> <!-- AUT_ActivityPatternDetail_Validate_Reviewandapprovenewrecovery -->
  <testcase classname="com.Test.Guidewire.ClaimsCenter.Test_BusinessSettings_ActivityPattern" name="AUT_ActivityPatternDetail_Validate_Vendorcanceledworkinstructnewvendor">
    <skipped/>
  </testcase> <!-- AUT_ActivityPatternDetail_Validate_Vendorcanceledworkinstructnewvendor -->
  <testcase classname="com.Test.Guidewire.ClaimsCenter.Test_BusinessSettings_ActivityPattern" name="AUT_ActivityPatternDetail_Validate_MetropolitanReportDeferred">
    <skipped/>
  </testcase> <!-- AUT_ActivityPatternDetail_Validate_MetropolitanReportDeferred -->
  <testcase classname="com.Test.Guidewire.ClaimsCenter.Test_BusinessSettings_ActivityPattern" name="AUT_ActivityPatternDetail_Validate_RecoverVehicle">
    <skipped/>
  </testcase> <!-- AUT_ActivityPatternDetail_Validate_RecoverVehicle -->
  <testcase classname="com.Test.Guidewire.ClaimsCenter.Test_BusinessSettings_ActivityPattern" name="AUT_ActivityPatternDetail_Validate_Vendordeclinedworkinstructnewvendor">
    <skipped/>
  </testcase> <!-- AUT_ActivityPatternDetail_Validate_Vendordeclinedworkinstructnewvendor -->
  <testcase classname="com.Test.Guidewire.ClaimsCenter.Test_BusinessSettings_ActivityPattern" name="AUT_ActivityPatternDetail_Validate_Getquoteforrepairsreplacement">
    <skipped/>
  </testcase> <!-- AUT_ActivityPatternDetail_Validate_Getquoteforrepairsreplacement -->
  <testcase classname="com.Test.Guidewire.ClaimsCenter.Test_BusinessSettings_ActivityPattern" name="AUT_ActivityPatternDetail_Validate_ConsultAccountregardingfatality">
    <skipped/>
  </testcase> <!-- AUT_ActivityPatternDetail_Validate_ConsultAccountregardingfatality -->
  <testcase classname="com.Test.Guidewire.ClaimsCenter.Test_BusinessSettings_ActivityPattern" name="AUT_ActivityPatternDetail_Validate_MetropolitanReportHeld">
    <skipped/>
  </testcase> <!-- AUT_ActivityPatternDetail_Validate_MetropolitanReportHeld -->
  <testcase classname="com.Test.Guidewire.ClaimsCenter.Test_BusinessSettings_ActivityPattern" name="AUT_ActivityPatternDetail_Validate_Getindependentmedicalexamination">
    <skipped/>
  </testcase> <!-- AUT_ActivityPatternDetail_Validate_Getindependentmedicalexamination -->
  <testcase classname="com.Test.Guidewire.ClaimsCenter.Test_BusinessSettings_ActivityPattern" name="AUT_ActivityPatternDetail_Validate_Followupwithvendorpastexpectedquotecompletiondate">
    <skipped/>
  </testcase> <!-- AUT_ActivityPatternDetail_Validate_Followupwithvendorpastexpectedquotecompletiondate -->
  <testcase classname="com.Test.Guidewire.ClaimsCenter.Test_BusinessSettings_ActivityPattern" name="AUT_ActivityPatternDetail_Validate_ReviewnegotiationstrategywithAccount">
    <skipped/>
  </testcase> <!-- AUT_ActivityPatternDetail_Validate_ReviewnegotiationstrategywithAccount -->
  <testcase classname="com.Test.Guidewire.ClaimsCenter.Test_BusinessSettings_ActivityPattern" name="AUT_ActivityPatternDetail_Validate_ReviewmatterrelatedSpecialHandlinginstructions">
    <skipped/>
  </testcase> <!-- AUT_ActivityPatternDetail_Validate_ReviewmatterrelatedSpecialHandlinginstructions -->
  <testcase classname="com.Test.Guidewire.ClaimsCenter.Test_BusinessSettings_ActivityPattern" name="AUT_ActivityPatternDetail_Validate_Makeinitialcontactwithinsured">
    <skipped/>
  </testcase> <!-- AUT_ActivityPatternDetail_Validate_Makeinitialcontactwithinsured -->
  <testcase classname="com.Test.Guidewire.ClaimsCenter.Test_BusinessSettings_ActivityPattern" name="AUT_ActivityPatternDetail_Validate_Notifyreinsurer">
    <skipped/>
  </testcase> <!-- AUT_ActivityPatternDetail_Validate_Notifyreinsurer -->
  <testcase classname="com.Test.Guidewire.ClaimsCenter.Test_BusinessSettings_ActivityPattern" name="AUT_ActivityPatternDetail_Validate_30daydiary">
    <skipped/>
  </testcase> <!-- AUT_ActivityPatternDetail_Validate_30daydiary -->
  <testcase classname="com.Test.Guidewire.ClaimsCenter.Test_BusinessSettings_ActivityPattern" name="AUT_ActivityPatternDetail_Validate_MetropolitanReportAvailable">
    <skipped/>
  </testcase> <!-- AUT_ActivityPatternDetail_Validate_MetropolitanReportAvailable -->
  <testcase classname="com.Test.Guidewire.ClaimsCenter.Test_BusinessSettings_ActivityPattern" name="AUT_ActivityPatternDetail_Validate_GetEmployeesNoticeofInjury">
    <skipped/>
  </testcase> <!-- AUT_ActivityPatternDetail_Validate_GetEmployeesNoticeofInjury -->
  <testcase classname="com.Test.Guidewire.ClaimsCenter.Test_BusinessSettings_ActivityPattern" name="AUT_ActivityPatternDetail_Validate_Subrogationstatutedeadlineapproaching">
    <skipped/>
  </testcase> <!-- AUT_ActivityPatternDetail_Validate_Subrogationstatutedeadlineapproaching -->
  <testcase classname="com.Test.Guidewire.ClaimsCenter.Test_BusinessSettings_ActivityPattern" name="AUT_ActivityPatternDetail_Validate_Recurringpaymentstreamending">
    <skipped/>
  </testcase> <!-- AUT_ActivityPatternDetail_Validate_Recurringpaymentstreamending -->
  <testcase classname="com.Test.Guidewire.ClaimsCenter.Test_BusinessSettings_ActivityPattern" name="AUT_ActivityPatternDetail_Validate_ReviewAssignment">
    <skipped/>
  </testcase> <!-- AUT_ActivityPatternDetail_Validate_ReviewAssignment -->
  <testcase classname="com.Test.Guidewire.ClaimsCenter.Test_BusinessSettings_ActivityPattern" name="AUT_ActivityPatternDetail_Validate_Followupwithvendorpastexpectedservicecompletiondate">
    <skipped/>
  </testcase> <!-- AUT_ActivityPatternDetail_Validate_Followupwithvendorpastexpectedservicecompletiondate -->
  <testcase classname="com.Test.Guidewire.ClaimsCenter.Test_BusinessSettings_ActivityPattern" name="AUT_ActivityPatternDetail_Validate_Determineifopportunityforrecovery">
    <skipped/>
  </testcase> <!-- AUT_ActivityPatternDetail_Validate_Determineifopportunityforrecovery -->
  <testcase classname="com.Test.Guidewire.ClaimsCenter.Test_BusinessSettings_ActivityPattern" name="AUT_ActivityPatternDetail_Validate_Reviewvendorquote">
    <skipped/>
  </testcase> <!-- AUT_ActivityPatternDetail_Validate_Reviewvendorquote -->
  <testcase classname="com.Test.Guidewire.ClaimsCenter.Test_BusinessSettings_ActivityPattern" name="AUT_ActivityPatternDetail_Validate_ReviewReinsuranceRecoverableandCededReserves">
    <skipped/>
  </testcase> <!-- AUT_ActivityPatternDetail_Validate_ReviewReinsuranceRecoverableandCededReserves -->
  <testcase classname="com.Test.Guidewire.ClaimsCenter.Test_BusinessSettings_ActivityPattern" name="AUT_ActivityPatternDetail_Validate_ArbitrationDate">
    <skipped/>
  </testcase> <!-- AUT_ActivityPatternDetail_Validate_ArbitrationDate -->
  <testcase classname="com.Test.Guidewire.ClaimsCenter.Test_BusinessSettings_ActivityPattern" name="AUT_ActivityPatternDetail_Validate_Pendingcreaterejected">
    <skipped/>
  </testcase> <!-- AUT_ActivityPatternDetail_Validate_Pendingcreaterejected -->
  <testcase classname="com.Test.Guidewire.ClaimsCenter.Test_BusinessSettings_ActivityPattern" name="AUT_ActivityPatternDetail_Validate_Getaccidentsceneinspected">
    <skipped/>
  </testcase> <!-- AUT_ActivityPatternDetail_Validate_Getaccidentsceneinspected -->
  <testcase classname="com.Test.Guidewire.ClaimsCenter.Test_BusinessSettings_ActivityPattern" name="AUT_ActivityPatternDetail_Validate_Getvehicleinspected">
    <skipped/>
  </testcase> <!-- AUT_ActivityPatternDetail_Validate_Getvehicleinspected -->
  <testcase classname="com.Test.Guidewire.ClaimsCenter.Test_BusinessSettings_ActivityPattern" name="AUT_ActivityPatternDetail_Validate_PutthirdpartyonnoticeofSubrogationInterest">
    <skipped/>
  </testcase> <!-- AUT_ActivityPatternDetail_Validate_PutthirdpartyonnoticeofSubrogationInterest -->
  <testcase classname="com.Test.Guidewire.ClaimsCenter.Test_BusinessSettings_ActivityPattern" name="AUT_ActivityPatternDetail_Validate_3pointcontactEmployer">
    <skipped/>
  </testcase> <!-- AUT_ActivityPatternDetail_Validate_3pointcontactEmployer -->
  <testcase classname="com.Test.Guidewire.ClaimsCenter.Test_BusinessSettings_ActivityPattern" name="AUT_ActivityPatternDetail_Validate_ReviewdenialdecisionwithAccountManager">
    <skipped/>
  </testcase> <!-- AUT_ActivityPatternDetail_Validate_ReviewdenialdecisionwithAccountManager -->
  <testcase classname="com.Test.Guidewire.ClaimsCenter.Test_BusinessSettings_ActivityPattern" name="AUT_ActivityPatternDetail_Validate_Getpropertyinspected">
    <skipped/>
  </testcase> <!-- AUT_ActivityPatternDetail_Validate_Getpropertyinspected -->
  <testcase classname="com.Test.Guidewire.ClaimsCenter.Test_BusinessSettings_ActivityPattern" name="AUT_ActivityPatternDetail_Validate_Sendletterconfirmingclosureofexposure">
    <skipped/>
  </testcase> <!-- AUT_ActivityPatternDetail_Validate_Sendletterconfirmingclosureofexposure -->
  <testcase classname="com.Test.Guidewire.ClaimsCenter.Test_BusinessSettings_ActivityPattern" name="AUT_ActivityPatternDetail_Validate_Getpolicereport">
    <skipped/>
  </testcase> <!-- AUT_ActivityPatternDetail_Validate_Getpolicereport -->
  <testcase classname="com.Test.Guidewire.ClaimsCenter.Test_BusinessSettings_ActivityPattern" name="AUT_ActivityPatternDetail_Validate_Getastatementfromwitness">
    <skipped/>
  </testcase> <!-- AUT_ActivityPatternDetail_Validate_Getastatementfromwitness -->
  <testcase classname="com.Test.Guidewire.ClaimsCenter.Test_BusinessSettings_ActivityPattern" name="AUT_ActivityPatternDetail_Validate_ReviewallSpecialHandlinginstructions">
    <skipped/>
  </testcase> <!-- AUT_ActivityPatternDetail_Validate_ReviewallSpecialHandlinginstructions -->
  <testcase classname="com.Test.Guidewire.ClaimsCenter.Test_BusinessSettings_ActivityPattern" name="AUT_ActivityPatternDetail_Validate_Verifycoveragedetermineifopportunityforrecovery">
    <skipped/>
  </testcase> <!-- AUT_ActivityPatternDetail_Validate_Verifycoveragedetermineifopportunityforrecovery -->
  <testcase classname="com.Test.Guidewire.ClaimsCenter.Test_BusinessSettings_ActivityPattern" name="AUT_ActivityPatternDetail_Validate_Reviewandapprovebulkinvoice">
    <skipped/>
  </testcase> <!-- AUT_ActivityPatternDetail_Validate_Reviewandapprovebulkinvoice -->
  <testcase classname="com.Test.Guidewire.ClaimsCenter.Test_BusinessSettings_ActivityPattern" name="AUT_ActivityPatternDetail_Validate_Independentappraisal">
    <skipped/>
  </testcase> <!-- AUT_ActivityPatternDetail_Validate_Independentappraisal -->
  <testcase classname="com.Test.Guidewire.ClaimsCenter.Test_BusinessSettings_ActivityPattern" name="AUT_ActivityPatternDetail_Validate_FileEmployersFirstNotice">
    <skipped/>
  </testcase> <!-- AUT_ActivityPatternDetail_Validate_FileEmployersFirstNotice -->
</testsuite> <!-- com.Test.Guidewire.ClaimsCenter.Test_BusinessSettings_ActivityPattern -->
