<?xml version="1.0" encoding="UTF-8"?>
<!-- Generated by org.testng.reporters.JUnitReportReporter -->
<testsuite name="com.Test.GW_BillingCenter_Test1" tests="1" time="43.778" ignored="0" failures="0" timestamp="02 Apr 2021 09:31:08 GMT" skipped="0" hostname="WSAMZN-V6J8ACQT" errors="0">
  <testcase name="BillingTest" time="43.778" classname="com.Test.GW_BillingCenter_Test1"/>
</testsuite> <!-- com.Test.GW_BillingCenter_Test1 -->
