<?xml version="1.0" encoding="UTF-8"?>
<!-- Generated by org.testng.reporters.JUnitReportReporter -->
<testsuite ignored="0" hostname="WSAMZN-V6J8ACQT" failures="0" tests="1" name="com.Test.GW_PC_CreatingAccount" time="1.417" errors="1" timestamp="26 Mar 2021 06:27:02 GMT" skipped="0">
  <testcase classname="com.Test.GW_PC_CreatingAccount" name="createAccount" time="1.417">
    <error message="Unresolved compilation problems: 
	accountTab cannot be resolved to a variable
	newaccount cannot be resolved to a variable
" type="java.lang.Error">
      <![CDATA[java.lang.Error: Unresolved compilation problems: 
	accountTab cannot be resolved to a variable
	newaccount cannot be resolved to a variable

	at com.pages.Sandbox.PolicyCenter_Resuables.getAccountInformationHeader(PolicyCenter_Resuables.java:80)
	at com.Test.GW_PC_CreatingAccount.createAccount(GW_PC_CreatingAccount.java:52)
	at java.base/jdk.internal.reflect.NativeMethodAccessorImpl.invoke0(Native Method)
	at java.base/jdk.internal.reflect.NativeMethodAccessorImpl.invoke(NativeMethodAccessorImpl.java:64)
	at java.base/jdk.internal.reflect.DelegatingMethodAccessorImpl.invoke(DelegatingMethodAccessorImpl.java:43)
	at java.base/java.lang.reflect.Method.invoke(Method.java:564)
	at org.testng.internal.MethodInvocationHelper.invokeMethod(MethodInvocationHelper.java:104)
	at org.testng.internal.Invoker.invokeMethod(Invoker.java:645)
	at org.testng.internal.Invoker.invokeTestMethod(Invoker.java:851)
	at org.testng.internal.Invoker.invokeTestMethods(Invoker.java:1177)
	at org.testng.internal.TestMethodWorker.invokeTestMethods(TestMethodWorker.java:129)
	at org.testng.internal.TestMethodWorker.run(TestMethodWorker.java:112)
	at java.base/java.util.concurrent.ThreadPoolExecutor.runWorker(ThreadPoolExecutor.java:1130)
	at java.base/java.util.concurrent.ThreadPoolExecutor$Worker.run(ThreadPoolExecutor.java:630)
	at java.base/java.lang.Thread.run(Thread.java:832)
]]>
    </error>
  </testcase> <!-- createAccount -->
</testsuite> <!-- com.Test.GW_PC_CreatingAccount -->
