<?xml version="1.0" encoding="UTF-8"?>
<!-- Generated by org.testng.reporters.JUnitReportReporter -->
<testsuite ignored="0" hostname="WSAMZN-V6J8ACQT" failures="0" tests="1" name="com.Test.GW_BillingCenter_Test1" time="40.861" errors="0" timestamp="31 Mar 2021 06:44:28 GMT" skipped="0">
  <testcase classname="com.Test.GW_BillingCenter_Test1" name="BillingTest" time="40.861"/>
</testsuite> <!-- com.Test.GW_BillingCenter_Test1 -->
