<?xml version="1.0" encoding="UTF-8"?>
<!-- Generated by org.testng.reporters.JUnitReportReporter -->
<testsuite name="com.Test.Guidewire.BilllingCenter.GW_BillingCenter_Test1" tests="1" time="19.457" ignored="0" failures="0" timestamp="04 Apr 2021 06:15:37 GMT" skipped="0" hostname="WSAMZN-V6J8ACQT" errors="0">
  <testcase name="BillingTest" time="19.457" classname="com.Test.Guidewire.BilllingCenter.GW_BillingCenter_Test1"/>
</testsuite> <!-- com.Test.Guidewire.BilllingCenter.GW_BillingCenter_Test1 -->
