<?xml version="1.0" encoding="UTF-8"?>
<!-- Generated by org.testng.reporters.JUnitReportReporter -->
<testsuite name="com.Test.GW_BillingCenter_Test1" tests="1" time="37.909" ignored="0" failures="1" timestamp="01 Apr 2021 07:27:30 GMT" skipped="0" hostname="WSAMZN-4OJNI24G" errors="0">
  <testcase name="BillingTest" time="37.909" classname="com.Test.GW_BillingCenter_Test1">
    <failure type="java.lang.AssertionError" message="expected [11] but found [12]">
      <![CDATA[java.lang.AssertionError: expected [11] but found [12]
	at org.testng.Assert.fail(Assert.java:94)
	at org.testng.Assert.failNotEquals(Assert.java:513)
	at org.testng.Assert.assertEqualsImpl(Assert.java:135)
	at org.testng.Assert.assertEquals(Assert.java:116)
	at org.testng.Assert.assertEquals(Assert.java:389)
	at org.testng.Assert.assertEquals(Assert.java:399)
	at com.pages.Sandbox.GW_BillingCenter_Resuables.bc_AccountSummary_Invoices(GW_BillingCenter_Resuables.java:228)
	at com.Test.GW_BillingCenter_Test1.BillingTest(GW_BillingCenter_Test1.java:100)
	at sun.reflect.NativeMethodAccessorImpl.invoke0(Native Method)
	at sun.reflect.NativeMethodAccessorImpl.invoke(NativeMethodAccessorImpl.java:62)
	at sun.reflect.DelegatingMethodAccessorImpl.invoke(DelegatingMethodAccessorImpl.java:43)
	at java.lang.reflect.Method.invoke(Method.java:498)
	at org.testng.internal.MethodInvocationHelper.invokeMethod(MethodInvocationHelper.java:104)
	at org.testng.internal.Invoker.invokeMethod(Invoker.java:645)
	at org.testng.internal.Invoker.invokeTestMethod(Invoker.java:851)
	at org.testng.internal.Invoker.invokeTestMethods(Invoker.java:1177)
	at org.testng.internal.TestMethodWorker.invokeTestMethods(TestMethodWorker.java:129)
	at org.testng.internal.TestMethodWorker.run(TestMethodWorker.java:112)
	at java.util.concurrent.ThreadPoolExecutor.runWorker(ThreadPoolExecutor.java:1149)
	at java.util.concurrent.ThreadPoolExecutor$Worker.run(ThreadPoolExecutor.java:624)
	at java.lang.Thread.run(Thread.java:748)
]]>
    </failure>
  </testcase> <!-- BillingTest -->
</testsuite> <!-- com.Test.GW_BillingCenter_Test1 -->
