<?xml version="1.0" encoding="UTF-8"?>
<!-- Generated by org.testng.reporters.JUnitReportReporter -->
<testsuite ignored="0" hostname="WSAMZN-V6J8ACQT" failures="0" tests="1" name="com.Test.GW_BillingCenter_Test1" time="38.823" errors="0" timestamp="29 Mar 2021 11:44:17 GMT" skipped="0">
  <testcase classname="com.Test.GW_BillingCenter_Test1" name="BillingTest" time="38.823"/>
</testsuite> <!-- com.Test.GW_BillingCenter_Test1 -->
